<html>
<head>
<title>TestNG:  Default test</title>
<link href="../testng.css" rel="stylesheet" type="text/css" />
<link href="../my-testng.css" rel="stylesheet" type="text/css" />

<style type="text/css">
.log { display: none;} 
.stack-trace { display: none;} 
</style>
<script type="text/javascript">
<!--
function flip(e) {
  current = e.style.display;
  if (current == 'block') {
    e.style.display = 'none';
    return 0;
  }
  else {
    e.style.display = 'block';
    return 1;
  }
}

function toggleBox(szDivId, elem, msg1, msg2)
{
  var res = -1;  if (document.getElementById) {
    res = flip(document.getElementById(szDivId));
  }
  else if (document.all) {
    // this is the way old msie versions work
    res = flip(document.all[szDivId]);
  }
  if(elem) {
    if(res == 0) elem.innerHTML = msg1; else elem.innerHTML = msg2;
  }

}

function toggleAllBoxes() {
  if (document.getElementsByTagName) {
    d = document.getElementsByTagName('div');
    for (i = 0; i < d.length; i++) {
      if (d[i].className == 'log') {
        flip(d[i]);
      }
    }
  }
}

// -->
</script>

</head>
<body>
<h2 align='center'>Default test</h2><table border='1' align="center">
<tr>
<td>Tests passed/Failed/Skipped:</td><td>42/3/0</td>
</tr><tr>
<td>Started on:</td><td>Tue Apr 30 00:14:56 EDT 2024</td>
</tr>
<tr><td>Total time:</td><td>71 seconds (71500 ms)</td>
</tr><tr>
<td>Included groups:</td><td></td>
</tr><tr>
<td>Excluded groups:</td><td></td>
</tr>
</table><p/>
<small><i>(Hover the method name to see the test class name)</i></small><p/>
<table width='100%' border='1' class='invocation-failed'>
<tr><td colspan='4' align='center'><b>FAILED TESTS</b></td></tr>
<tr><td><b>Test method</b></td>
<td><b>Attribute(s)</b></td>
<td width="30%"><b>Exception</b></td>
<td width="10%"><b>Time (seconds)</b></td>
<td><b>Instance</b></td>
</tr>
<tr>
<td title='com.TesRunner.TestNgTestRunner.runScenario()'><b>runScenario</b><br>Test class: com.TesRunner.TestNgTestRunner<br>Test method: Runs Cucumber Scenarios<br>Parameters: "Validate landing in Program page", "Program Validation"</td>
<td><div><pre>java.lang.AssertionError: expected [https://lms-frontend-api-hackathon-apr-326235f3973d.herokuapp.com/program] but found [https://lms-frontend-api-hackathon-apr-326235f3973d.herokuapp.com/]
	at org.testng.Assert.fail(Assert.java:111)
	at org.testng.Assert.failNotEquals(Assert.java:1578)
	at org.testng.Assert.assertEqualsImpl(Assert.java:150)
	at org.testng.Assert.assertEquals(Assert.java:132)
	at org.testng.Assert.assertEquals(Assert.java:656)
	at org.testng.Assert.assertEquals(Assert.java:666)
	at com.stepDefinitions.ManageProgram_steps.admin_should_see_url_with(ManageProgram_steps.java:38)
	at ✽.Admin should see URL with &quot;Manage Program&quot;(file:///C:/Users/kiran/eclipse-workspace/Team04_LMS_WebAutomaters/src/test/resources/Features/004_ManageProgram.feature:9)
</pre></div><a href='#' onClick='toggleBox("stack-trace1846347146", this, "Click to show all stack frames", "Click to hide stack frames")'>Click to show all stack frames</a>
<div class='stack-trace' id='stack-trace1846347146'><pre>java.lang.AssertionError: expected [https://lms-frontend-api-hackathon-apr-326235f3973d.herokuapp.com/program] but found [https://lms-frontend-api-hackathon-apr-326235f3973d.herokuapp.com/]
	at org.testng.Assert.fail(Assert.java:111)
	at org.testng.Assert.failNotEquals(Assert.java:1578)
	at org.testng.Assert.assertEqualsImpl(Assert.java:150)
	at org.testng.Assert.assertEquals(Assert.java:132)
	at org.testng.Assert.assertEquals(Assert.java:656)
	at org.testng.Assert.assertEquals(Assert.java:666)
	at com.stepDefinitions.ManageProgram_steps.admin_should_see_url_with(ManageProgram_steps.java:38)
	at ✽.Admin should see URL with &quot;Manage Program&quot;(file:///C:/Users/kiran/eclipse-workspace/Team04_LMS_WebAutomaters/src/test/resources/Features/004_ManageProgram.feature:9)
</pre></div></td>
<td>0</td>
<td>com.TesRunner.TestNgTestRunner@15ca7889</td></tr>
<tr>
<td title='com.TesRunner.TestNgTestRunner.runScenario()'><b>runScenario</b><br>Test class: com.TesRunner.TestNgTestRunner<br>Test method: Runs Cucumber Scenarios<br>Parameters: "Validate Common Delete button enabled after clicking on any checkbox", "Program Validation"</td>
<td><div><pre>org.openqa.selenium.NoSuchElementException: no such element: Unable to locate element: {&quot;method&quot;:&quot;link text&quot;,&quot;selector&quot;:&quot;Program&quot;}
  (Session info: chrome=124.0.6367.92)
For documentation on this error, please visit: https://www.selenium.dev/documentation/webdriver/troubleshooting/errors#no-such-element-exception
Build info: version: &apos;4.16.1&apos;, revision: &apos;9b4c83354e&apos;
System info: os.name: &apos;Windows 11&apos;, os.arch: &apos;amd64&apos;, os.version: &apos;10.0&apos;, java.version: &apos;20.0.1&apos;
Driver info: org.openqa.selenium.chrome.ChromeDriver
Command: [94c4ef06e6dafec1b1eb1233c7ea42e9, findElement {using=link text, value=Program}]
Capabilities {acceptInsecureCerts: false, browserName: chrome, browserVersion: 124.0.6367.92, chrome: {chromedriverVersion: 124.0.6367.91 (51df0e5e17a8..., userDataDir: C:\Users\kiran\AppData\Loca...}, fedcm:accounts: true, goog:chromeOptions: {debuggerAddress: localhost:54230}, networkConnectionEnabled: false, pageLoadStrategy: normal, platformName: windows, proxy: Proxy(), se:cdp: ws://localhost:54230/devtoo..., se:cdpVersion: 124.0.6367.92, setWindowRect: true, strictFileInteractability: false, timeouts: {implicit: 0, pageLoad: 300000, script: 30000}, unhandledPromptBehavior: dismiss and notify, webauthn:extension:credBlob: true, webauthn:extension:largeBlob: true, webauthn:extension:minPinLength: true, webauthn:extension:prf: true, webauthn:virtualAuthenticators: true}
Session ID: 94c4ef06e6dafec1b1eb1233c7ea42e9
	at java.base/jdk.internal.reflect.DirectConstructorHandleAccessor.newInstance(DirectConstructorHandleAccessor.java:67)
	at java.base/java.lang.reflect.Constructor.newInstanceWithCaller(Constructor.java:500)
	at java.base/java.lang.reflect.Constructor.newInstance(Constructor.java:484)
	at org.openqa.selenium.remote.codec.w3c.W3CHttpResponseCodec.createException(W3CHttpResponseCodec.java:200)
	at org.openqa.selenium.remote.codec.w3c.W3CHttpResponseCodec.decode(W3CHttpResponseCodec.java:133)
	at org.openqa.selenium.remote.codec.w3c.W3CHttpResponseCodec.decode(W3CHttpResponseCodec.java:52)
	at org.openqa.selenium.remote.HttpCommandExecutor.execute(HttpCommandExecutor.java:191)
	at org.openqa.selenium.remote.service.DriverCommandExecutor.invokeExecute(DriverCommandExecutor.java:200)
	at org.openqa.selenium.remote.service.DriverCommandExecutor.execute(DriverCommandExecutor.java:175)
	at org.openqa.selenium.remote.RemoteWebDriver.execute(RemoteWebDriver.java:523)
	at org.openqa.selenium.remote.ElementLocation$ElementFinder$2.findElement(ElementLocation.java:165)
	at org.openqa.selenium.remote.ElementLocation.findElement(ElementLocation.java:59)
	at org.openqa.selenium.remote.RemoteWebDriver.findElement(RemoteWebDriver.java:360)
	at org.openqa.selenium.remote.RemoteWebDriver.findElement(RemoteWebDriver.java:354)
	at org.openqa.selenium.support.pagefactory.DefaultElementLocator.findElement(DefaultElementLocator.java:68)
	at org.openqa.selenium.support.pagefactory.internal.LocatingElementHandler.invoke(LocatingElementHandler.java:38)
	at jdk.proxy2/jdk.proxy2.$Proxy39.click(Unknown Source)
	at com.pageObjects.ProgramPageObject.selectOneProgramChk(ProgramPageObject.java:181)
	at com.stepDefinitions.ManageProgram_steps.admin_is_in_the_manage_program_page_after_clicking_program_on_the_navigation_bar(ManageProgram_steps.java:89)
	at ✽.Admin is in the manage program page after clicking Program on the navigation bar(file:///C:/Users/kiran/eclipse-workspace/Team04_LMS_WebAutomaters/src/test/resources/Features/004_ManageProgram.feature:33)
</pre></div><a href='#' onClick='toggleBox("stack-trace1914928104", this, "Click to show all stack frames", "Click to hide stack frames")'>Click to show all stack frames</a>
<div class='stack-trace' id='stack-trace1914928104'><pre>org.openqa.selenium.NoSuchElementException: no such element: Unable to locate element: {&quot;method&quot;:&quot;link text&quot;,&quot;selector&quot;:&quot;Program&quot;}
  (Session info: chrome=124.0.6367.92)
For documentation on this error, please visit: https://www.selenium.dev/documentation/webdriver/troubleshooting/errors#no-such-element-exception
Build info: version: &apos;4.16.1&apos;, revision: &apos;9b4c83354e&apos;
System info: os.name: &apos;Windows 11&apos;, os.arch: &apos;amd64&apos;, os.version: &apos;10.0&apos;, java.version: &apos;20.0.1&apos;
Driver info: org.openqa.selenium.chrome.ChromeDriver
Command: [94c4ef06e6dafec1b1eb1233c7ea42e9, findElement {using=link text, value=Program}]
Capabilities {acceptInsecureCerts: false, browserName: chrome, browserVersion: 124.0.6367.92, chrome: {chromedriverVersion: 124.0.6367.91 (51df0e5e17a8..., userDataDir: C:\Users\kiran\AppData\Loca...}, fedcm:accounts: true, goog:chromeOptions: {debuggerAddress: localhost:54230}, networkConnectionEnabled: false, pageLoadStrategy: normal, platformName: windows, proxy: Proxy(), se:cdp: ws://localhost:54230/devtoo..., se:cdpVersion: 124.0.6367.92, setWindowRect: true, strictFileInteractability: false, timeouts: {implicit: 0, pageLoad: 300000, script: 30000}, unhandledPromptBehavior: dismiss and notify, webauthn:extension:credBlob: true, webauthn:extension:largeBlob: true, webauthn:extension:minPinLength: true, webauthn:extension:prf: true, webauthn:virtualAuthenticators: true}
Session ID: 94c4ef06e6dafec1b1eb1233c7ea42e9
	at java.base/jdk.internal.reflect.DirectConstructorHandleAccessor.newInstance(DirectConstructorHandleAccessor.java:67)
	at java.base/java.lang.reflect.Constructor.newInstanceWithCaller(Constructor.java:500)
	at java.base/java.lang.reflect.Constructor.newInstance(Constructor.java:484)
	at org.openqa.selenium.remote.codec.w3c.W3CHttpResponseCodec.createException(W3CHttpResponseCodec.java:200)
	at org.openqa.selenium.remote.codec.w3c.W3CHttpResponseCodec.decode(W3CHttpResponseCodec.java:133)
	at org.openqa.selenium.remote.codec.w3c.W3CHttpResponseCodec.decode(W3CHttpResponseCodec.java:52)
	at org.openqa.selenium.remote.HttpCommandExecutor.execute(HttpCommandExecutor.java:191)
	at org.openqa.selenium.remote.service.DriverCommandExecutor.invokeExecute(DriverCommandExecutor.java:200)
	at org.openqa.selenium.remote.service.DriverCommandExecutor.execute(DriverCommandExecutor.java:175)
	at org.openqa.selenium.remote.RemoteWebDriver.execute(RemoteWebDriver.java:523)
	at org.openqa.selenium.remote.ElementLocation$ElementFinder$2.findElement(ElementLocation.java:165)
	at org.openqa.selenium.remote.ElementLocation.findElement(ElementLocation.java:59)
	at org.openqa.selenium.remote.RemoteWebDriver.findElement(RemoteWebDriver.java:360)
	at org.openqa.selenium.remote.RemoteWebDriver.findElement(RemoteWebDriver.java:354)
	at org.openqa.selenium.support.pagefactory.DefaultElementLocator.findElement(DefaultElementLocator.java:68)
	at org.openqa.selenium.support.pagefactory.internal.LocatingElementHandler.invoke(LocatingElementHandler.java:38)
	at jdk.proxy2/jdk.proxy2.$Proxy39.click(Unknown Source)
	at com.pageObjects.ProgramPageObject.selectOneProgramChk(ProgramPageObject.java:181)
	at com.stepDefinitions.ManageProgram_steps.admin_is_in_the_manage_program_page_after_clicking_program_on_the_navigation_bar(ManageProgram_steps.java:89)
	at ✽.Admin is in the manage program page after clicking Program on the navigation bar(file:///C:/Users/kiran/eclipse-workspace/Team04_LMS_WebAutomaters/src/test/resources/Features/004_ManageProgram.feature:33)
</pre></div></td>
<td>5</td>
<td>com.TesRunner.TestNgTestRunner@15ca7889</td></tr>
<tr>
<td title='com.TesRunner.TestNgTestRunner.runScenario()'><b>runScenario</b><br>Test class: com.TesRunner.TestNgTestRunner<br>Test method: Runs Cucumber Scenarios<br>Parameters: "Validate multiple program deletion by selecting Single checkbox", "Program Validation"</td>
<td><div><pre>org.openqa.selenium.NoSuchElementException: no such element: Unable to locate element: {&quot;method&quot;:&quot;xpath&quot;,&quot;selector&quot;:&quot;//*[text()=&apos;Yes&apos;]&quot;}
  (Session info: chrome=124.0.6367.92)
For documentation on this error, please visit: https://www.selenium.dev/documentation/webdriver/troubleshooting/errors#no-such-element-exception
Build info: version: &apos;4.16.1&apos;, revision: &apos;9b4c83354e&apos;
System info: os.name: &apos;Windows 11&apos;, os.arch: &apos;amd64&apos;, os.version: &apos;10.0&apos;, java.version: &apos;20.0.1&apos;
Driver info: org.openqa.selenium.chrome.ChromeDriver
Command: [94c4ef06e6dafec1b1eb1233c7ea42e9, findElement {using=xpath, value=//*[text()=&apos;Yes&apos;]}]
Capabilities {acceptInsecureCerts: false, browserName: chrome, browserVersion: 124.0.6367.92, chrome: {chromedriverVersion: 124.0.6367.91 (51df0e5e17a8..., userDataDir: C:\Users\kiran\AppData\Loca...}, fedcm:accounts: true, goog:chromeOptions: {debuggerAddress: localhost:54230}, networkConnectionEnabled: false, pageLoadStrategy: normal, platformName: windows, proxy: Proxy(), se:cdp: ws://localhost:54230/devtoo..., se:cdpVersion: 124.0.6367.92, setWindowRect: true, strictFileInteractability: false, timeouts: {implicit: 0, pageLoad: 300000, script: 30000}, unhandledPromptBehavior: dismiss and notify, webauthn:extension:credBlob: true, webauthn:extension:largeBlob: true, webauthn:extension:minPinLength: true, webauthn:extension:prf: true, webauthn:virtualAuthenticators: true}
Session ID: 94c4ef06e6dafec1b1eb1233c7ea42e9
	at java.base/jdk.internal.reflect.DirectConstructorHandleAccessor.newInstance(DirectConstructorHandleAccessor.java:67)
	at java.base/java.lang.reflect.Constructor.newInstanceWithCaller(Constructor.java:500)
	at java.base/java.lang.reflect.Constructor.newInstance(Constructor.java:484)
	at org.openqa.selenium.remote.codec.w3c.W3CHttpResponseCodec.createException(W3CHttpResponseCodec.java:200)
	at org.openqa.selenium.remote.codec.w3c.W3CHttpResponseCodec.decode(W3CHttpResponseCodec.java:133)
	at org.openqa.selenium.remote.codec.w3c.W3CHttpResponseCodec.decode(W3CHttpResponseCodec.java:52)
	at org.openqa.selenium.remote.HttpCommandExecutor.execute(HttpCommandExecutor.java:191)
	at org.openqa.selenium.remote.service.DriverCommandExecutor.invokeExecute(DriverCommandExecutor.java:200)
	at org.openqa.selenium.remote.service.DriverCommandExecutor.execute(DriverCommandExecutor.java:175)
	at org.openqa.selenium.remote.RemoteWebDriver.execute(RemoteWebDriver.java:523)
	at org.openqa.selenium.remote.ElementLocation$ElementFinder$2.findElement(ElementLocation.java:165)
	at org.openqa.selenium.remote.ElementLocation.findElement(ElementLocation.java:59)
	at org.openqa.selenium.remote.RemoteWebDriver.findElement(RemoteWebDriver.java:360)
	at org.openqa.selenium.remote.RemoteWebDriver.findElement(RemoteWebDriver.java:354)
	at org.openqa.selenium.support.pagefactory.DefaultElementLocator.findElement(DefaultElementLocator.java:68)
	at org.openqa.selenium.support.pagefactory.internal.LocatingElementHandler.invoke(LocatingElementHandler.java:38)
	at jdk.proxy2/jdk.proxy2.$Proxy39.click(Unknown Source)
	at com.pageObjects.ProgramPageObject.commonDeleteAlertConfirmYes(ProgramPageObject.java:211)
	at com.stepDefinitions.ManageProgram_steps.admin_clicks_yes_button_on_the_alert(ManageProgram_steps.java:117)
	at ✽.Admin clicks &lt;YES&gt; button on the alert(file:///C:/Users/kiran/eclipse-workspace/Team04_LMS_WebAutomaters/src/test/resources/Features/004_ManageProgram.feature:39)
</pre></div><a href='#' onClick='toggleBox("stack-trace1735935287", this, "Click to show all stack frames", "Click to hide stack frames")'>Click to show all stack frames</a>
<div class='stack-trace' id='stack-trace1735935287'><pre>org.openqa.selenium.NoSuchElementException: no such element: Unable to locate element: {&quot;method&quot;:&quot;xpath&quot;,&quot;selector&quot;:&quot;//*[text()=&apos;Yes&apos;]&quot;}
  (Session info: chrome=124.0.6367.92)
For documentation on this error, please visit: https://www.selenium.dev/documentation/webdriver/troubleshooting/errors#no-such-element-exception
Build info: version: &apos;4.16.1&apos;, revision: &apos;9b4c83354e&apos;
System info: os.name: &apos;Windows 11&apos;, os.arch: &apos;amd64&apos;, os.version: &apos;10.0&apos;, java.version: &apos;20.0.1&apos;
Driver info: org.openqa.selenium.chrome.ChromeDriver
Command: [94c4ef06e6dafec1b1eb1233c7ea42e9, findElement {using=xpath, value=//*[text()=&apos;Yes&apos;]}]
Capabilities {acceptInsecureCerts: false, browserName: chrome, browserVersion: 124.0.6367.92, chrome: {chromedriverVersion: 124.0.6367.91 (51df0e5e17a8..., userDataDir: C:\Users\kiran\AppData\Loca...}, fedcm:accounts: true, goog:chromeOptions: {debuggerAddress: localhost:54230}, networkConnectionEnabled: false, pageLoadStrategy: normal, platformName: windows, proxy: Proxy(), se:cdp: ws://localhost:54230/devtoo..., se:cdpVersion: 124.0.6367.92, setWindowRect: true, strictFileInteractability: false, timeouts: {implicit: 0, pageLoad: 300000, script: 30000}, unhandledPromptBehavior: dismiss and notify, webauthn:extension:credBlob: true, webauthn:extension:largeBlob: true, webauthn:extension:minPinLength: true, webauthn:extension:prf: true, webauthn:virtualAuthenticators: true}
Session ID: 94c4ef06e6dafec1b1eb1233c7ea42e9
	at java.base/jdk.internal.reflect.DirectConstructorHandleAccessor.newInstance(DirectConstructorHandleAccessor.java:67)
	at java.base/java.lang.reflect.Constructor.newInstanceWithCaller(Constructor.java:500)
	at java.base/java.lang.reflect.Constructor.newInstance(Constructor.java:484)
	at org.openqa.selenium.remote.codec.w3c.W3CHttpResponseCodec.createException(W3CHttpResponseCodec.java:200)
	at org.openqa.selenium.remote.codec.w3c.W3CHttpResponseCodec.decode(W3CHttpResponseCodec.java:133)
	at org.openqa.selenium.remote.codec.w3c.W3CHttpResponseCodec.decode(W3CHttpResponseCodec.java:52)
	at org.openqa.selenium.remote.HttpCommandExecutor.execute(HttpCommandExecutor.java:191)
	at org.openqa.selenium.remote.service.DriverCommandExecutor.invokeExecute(DriverCommandExecutor.java:200)
	at org.openqa.selenium.remote.service.DriverCommandExecutor.execute(DriverCommandExecutor.java:175)
	at org.openqa.selenium.remote.RemoteWebDriver.execute(RemoteWebDriver.java:523)
	at org.openqa.selenium.remote.ElementLocation$ElementFinder$2.findElement(ElementLocation.java:165)
	at org.openqa.selenium.remote.ElementLocation.findElement(ElementLocation.java:59)
	at org.openqa.selenium.remote.RemoteWebDriver.findElement(RemoteWebDriver.java:360)
	at org.openqa.selenium.remote.RemoteWebDriver.findElement(RemoteWebDriver.java:354)
	at org.openqa.selenium.support.pagefactory.DefaultElementLocator.findElement(DefaultElementLocator.java:68)
	at org.openqa.selenium.support.pagefactory.internal.LocatingElementHandler.invoke(LocatingElementHandler.java:38)
	at jdk.proxy2/jdk.proxy2.$Proxy39.click(Unknown Source)
	at com.pageObjects.ProgramPageObject.commonDeleteAlertConfirmYes(ProgramPageObject.java:211)
	at com.stepDefinitions.ManageProgram_steps.admin_clicks_yes_button_on_the_alert(ManageProgram_steps.java:117)
	at ✽.Admin clicks &lt;YES&gt; button on the alert(file:///C:/Users/kiran/eclipse-workspace/Team04_LMS_WebAutomaters/src/test/resources/Features/004_ManageProgram.feature:39)
</pre></div></td>
<td>5</td>
<td>com.TesRunner.TestNgTestRunner@15ca7889</td></tr>
</table><p>
<table width='100%' border='1' class='invocation-passed'>
<tr><td colspan='4' align='center'><b>PASSED TESTS</b></td></tr>
<tr><td><b>Test method</b></td>
<td><b>Attribute(s)</b></td>
<td width="30%"><b>Exception</b></td>
<td width="10%"><b>Time (seconds)</b></td>
<td><b>Instance</b></td>
</tr>
<tr>
<td title='com.TesRunner.TestNgTestRunner.runScenario()'><b>runScenario</b><br>Test class: com.TesRunner.TestNgTestRunner<br>Test method: Runs Cucumber Scenarios<br>Parameters: "Validate login with valid Credentials", "Homepage verification"</td>
<td></td>
<td>0</td>
<td>com.TesRunner.TestNgTestRunner@15ca7889</td></tr>
<tr>
<td title='com.TesRunner.TestNgTestRunner.runScenario()'><b>runScenario</b><br>Test class: com.TesRunner.TestNgTestRunner<br>Test method: Runs Cucumber Scenarios<br>Parameters: "Validate LMS title has correct spelling ang space", "Dashboard Page"</td>
<td></td>
<td>0</td>
<td>com.TesRunner.TestNgTestRunner@15ca7889</td></tr>
<tr>
<td title='com.TesRunner.TestNgTestRunner.runScenario()'><b>runScenario</b><br>Test class: com.TesRunner.TestNgTestRunner<br>Test method: Runs Cucumber Scenarios<br>Parameters: "Verify text on the first text field", "Homepage verification"</td>
<td></td>
<td>0</td>
<td>com.TesRunner.TestNgTestRunner@15ca7889</td></tr>
<tr>
<td title='com.TesRunner.TestNgTestRunner.runScenario()'><b>runScenario</b><br>Test class: com.TesRunner.TestNgTestRunner<br>Test method: Runs Cucumber Scenarios<br>Parameters: "Verify input descriptive text in user field", "Homepage verification"</td>
<td></td>
<td>0</td>
<td>com.TesRunner.TestNgTestRunner@15ca7889</td></tr>
<tr>
<td title='com.TesRunner.TestNgTestRunner.runScenario()'><b>runScenario</b><br>Test class: com.TesRunner.TestNgTestRunner<br>Test method: Runs Cucumber Scenarios<br>Parameters: "Validate the text and pagination icon below the data table", "Program Validation"</td>
<td></td>
<td>0</td>
<td>com.TesRunner.TestNgTestRunner@15ca7889</td></tr>
<tr>
<td title='com.TesRunner.TestNgTestRunner.runScenario()'><b>runScenario</b><br>Test class: com.TesRunner.TestNgTestRunner<br>Test method: Runs Cucumber Scenarios<br>Parameters: "Verify the alignment of input fields for the login", "Homepage verification"</td>
<td></td>
<td>0</td>
<td>com.TesRunner.TestNgTestRunner@15ca7889</td></tr>
<tr>
<td title='com.TesRunner.TestNgTestRunner.runScenario()'><b>runScenario</b><br>Test class: com.TesRunner.TestNgTestRunner<br>Test method: Runs Cucumber Scenarios<br>Parameters: "Validate navigation bar text", "Dashboard Page"</td>
<td></td>
<td>1</td>
<td>com.TesRunner.TestNgTestRunner@15ca7889</td></tr>
<tr>
<td title='com.TesRunner.TestNgTestRunner.runScenario()'><b>runScenario</b><br>Test class: com.TesRunner.TestNgTestRunner<br>Test method: Runs Cucumber Scenarios<br>Parameters: "Validate sign in content", "Homepage verification"</td>
<td></td>
<td>0</td>
<td>com.TesRunner.TestNgTestRunner@15ca7889</td></tr>
<tr>
<td title='com.TesRunner.TestNgTestRunner.runScenario()'><b>runScenario</b><br>Test class: com.TesRunner.TestNgTestRunner<br>Test method: Runs Cucumber Scenarios<br>Parameters: "Validate navigation bar order 4th Logout", "Dashboard Page"</td>
<td></td>
<td>0</td>
<td>com.TesRunner.TestNgTestRunner@15ca7889</td></tr>
<tr>
<td title='com.TesRunner.TestNgTestRunner.runScenario()'><b>runScenario</b><br>Test class: com.TesRunner.TestNgTestRunner<br>Test method: Runs Cucumber Scenarios<br>Parameters: "Validate navigation bar order  1st Program", "Dashboard Page"</td>
<td></td>
<td>0</td>
<td>com.TesRunner.TestNgTestRunner@15ca7889</td></tr>
<tr>
<td title='com.TesRunner.TestNgTestRunner.runScenario()'><b>runScenario</b><br>Test class: com.TesRunner.TestNgTestRunner<br>Test method: Runs Cucumber Scenarios<br>Parameters: "Verify input descriptive text in password field", "Homepage verification"</td>
<td></td>
<td>0</td>
<td>com.TesRunner.TestNgTestRunner@15ca7889</td></tr>
<tr>
<td title='com.TesRunner.TestNgTestRunner.runScenario()'><b>runScenario</b><br>Test class: com.TesRunner.TestNgTestRunner<br>Test method: Runs Cucumber Scenarios<br>Parameters: "Verify the company logo alignment", "Homepage verification"</td>
<td></td>
<td>0</td>
<td>com.TesRunner.TestNgTestRunner@15ca7889</td></tr>
<tr>
<td title='com.TesRunner.TestNgTestRunner.runScenario()'><b>runScenario</b><br>Test class: com.TesRunner.TestNgTestRunner<br>Test method: Runs Cucumber Scenarios<br>Parameters: "Validate alignment for navigation bar", "Dashboard Page"</td>
<td></td>
<td>0</td>
<td>com.TesRunner.TestNgTestRunner@15ca7889</td></tr>
<tr>
<td title='com.TesRunner.TestNgTestRunner.runScenario()'><b>runScenario</b><br>Test class: com.TesRunner.TestNgTestRunner<br>Test method: Runs Cucumber Scenarios<br>Parameters: "Validate login with null password", "Homepage verification"</td>
<td></td>
<td>7</td>
<td>com.TesRunner.TestNgTestRunner@15ca7889</td></tr>
<tr>
<td title='com.TesRunner.TestNgTestRunner.runScenario()'><b>runScenario</b><br>Test class: com.TesRunner.TestNgTestRunner<br>Test method: Runs Cucumber Scenarios<br>Parameters: "Admin should see * symbol next to password text", "Homepage verification"</td>
<td></td>
<td>0</td>
<td>com.TesRunner.TestNgTestRunner@15ca7889</td></tr>
<tr>
<td title='com.TesRunner.TestNgTestRunner.runScenario()'><b>runScenario</b><br>Test class: com.TesRunner.TestNgTestRunner<br>Test method: Runs Cucumber Scenarios<br>Parameters: "Verify text field is present", "Homepage verification"</td>
<td></td>
<td>0</td>
<td>com.TesRunner.TestNgTestRunner@15ca7889</td></tr>
<tr>
<td title='com.TesRunner.TestNgTestRunner.runScenario()'><b>runScenario</b><br>Test class: com.TesRunner.TestNgTestRunner<br>Test method: Runs Cucumber Scenarios<br>Parameters: "verify login button action through Keyboard", "Homepage verification"</td>
<td></td>
<td>0</td>
<td>com.TesRunner.TestNgTestRunner@15ca7889</td></tr>
<tr>
<td title='com.TesRunner.TestNgTestRunner.runScenario()'><b>runScenario</b><br>Test class: com.TesRunner.TestNgTestRunner<br>Test method: Runs Cucumber Scenarios<br>Parameters: "Verify the alignment of the login button", "Homepage verification"</td>
<td></td>
<td>0</td>
<td>com.TesRunner.TestNgTestRunner@15ca7889</td></tr>
<tr>
<td title='com.TesRunner.TestNgTestRunner.runScenario()'><b>runScenario</b><br>Test class: com.TesRunner.TestNgTestRunner<br>Test method: Runs Cucumber Scenarios<br>Parameters: "Validate login with invalid credentials", "Homepage verification"</td>
<td></td>
<td>1</td>
<td>com.TesRunner.TestNgTestRunner@15ca7889</td></tr>
<tr>
<td title='com.TesRunner.TestNgTestRunner.runScenario()'><b>runScenario</b><br>Test class: com.TesRunner.TestNgTestRunner<br>Test method: Runs Cucumber Scenarios<br>Parameters: "Validate navigation bar order  2nd Batch", "Dashboard Page"</td>
<td></td>
<td>0</td>
<td>com.TesRunner.TestNgTestRunner@15ca7889</td></tr>
<tr>
<td title='com.TesRunner.TestNgTestRunner.runScenario()'><b>runScenario</b><br>Test class: com.TesRunner.TestNgTestRunner<br>Test method: Runs Cucumber Scenarios<br>Parameters: "Validate the footer", "Program Validation"</td>
<td></td>
<td>0</td>
<td>com.TesRunner.TestNgTestRunner@15ca7889</td></tr>
<tr>
<td title='com.TesRunner.TestNgTestRunner.runScenario()'><b>runScenario</b><br>Test class: com.TesRunner.TestNgTestRunner<br>Test method: Runs Cucumber Scenarios<br>Parameters: "Verify for broken link in login page", "Homepage verification"</td>
<td></td>
<td>5</td>
<td>com.TesRunner.TestNgTestRunner@15ca7889</td></tr>
<tr>
<td title='com.TesRunner.TestNgTestRunner.runScenario()'><b>runScenario</b><br>Test class: com.TesRunner.TestNgTestRunner<br>Test method: Runs Cucumber Scenarios<br>Parameters: "Verify LMS title", "Dashboard Page"</td>
<td></td>
<td>0</td>
<td>com.TesRunner.TestNgTestRunner@15ca7889</td></tr>
<tr>
<td title='com.TesRunner.TestNgTestRunner.runScenario()'><b>runScenario</b><br>Test class: com.TesRunner.TestNgTestRunner<br>Test method: Runs Cucumber Scenarios<br>Parameters: "Validate login with null username", "Homepage verification"</td>
<td></td>
<td>1</td>
<td>com.TesRunner.TestNgTestRunner@15ca7889</td></tr>
<tr>
<td title='com.TesRunner.TestNgTestRunner.runScenario()'><b>runScenario</b><br>Test class: com.TesRunner.TestNgTestRunner<br>Test method: Runs Cucumber Scenarios<br>Parameters: "Verify the company logo is present", "Homepage verification"</td>
<td></td>
<td>0</td>
<td>com.TesRunner.TestNgTestRunner@15ca7889</td></tr>
<tr>
<td title='com.TesRunner.TestNgTestRunner.runScenario()'><b>runScenario</b><br>Test class: com.TesRunner.TestNgTestRunner<br>Test method: Runs Cucumber Scenarios<br>Parameters: "Validating the default state of Delete button", "Program Validation"</td>
<td></td>
<td>0</td>
<td>com.TesRunner.TestNgTestRunner@15ca7889</td></tr>
<tr>
<td title='com.TesRunner.TestNgTestRunner.runScenario()'><b>runScenario</b><br>Test class: com.TesRunner.TestNgTestRunner<br>Test method: Runs Cucumber Scenarios<br>Parameters: "Verify admin is able to land on home page", "Homepage verification"</td>
<td></td>
<td>10</td>
<td>com.TesRunner.TestNgTestRunner@15ca7889</td></tr>
<tr>
<td title='com.TesRunner.TestNgTestRunner.runScenario()'><b>runScenario</b><br>Test class: com.TesRunner.TestNgTestRunner<br>Test method: Runs Cucumber Scenarios<br>Parameters: "Verify company name", "Homepage verification"</td>
<td></td>
<td>0</td>
<td>com.TesRunner.TestNgTestRunner@15ca7889</td></tr>
<tr>
<td title='com.TesRunner.TestNgTestRunner.runScenario()'><b>runScenario</b><br>Test class: com.TesRunner.TestNgTestRunner<br>Test method: Runs Cucumber Scenarios<br>Parameters: "Verify after login  admin lands on manage program as dashboard page", "Dashboard Page"</td>
<td></td>
<td>0</td>
<td>com.TesRunner.TestNgTestRunner@15ca7889</td></tr>
<tr>
<td title='com.TesRunner.TestNgTestRunner.runScenario()'><b>runScenario</b><br>Test class: com.TesRunner.TestNgTestRunner<br>Test method: Runs Cucumber Scenarios<br>Parameters: "Verify broken link", "Dashboard Page"</td>
<td></td>
<td>5</td>
<td>com.TesRunner.TestNgTestRunner@15ca7889</td></tr>
<tr>
<td title='com.TesRunner.TestNgTestRunner.runScenario()'><b>runScenario</b><br>Test class: com.TesRunner.TestNgTestRunner<br>Test method: Runs Cucumber Scenarios<br>Parameters: "Validate navigation bar order 3rd User", "Dashboard Page"</td>
<td></td>
<td>0</td>
<td>com.TesRunner.TestNgTestRunner@15ca7889</td></tr>
<tr>
<td title='com.TesRunner.TestNgTestRunner.runScenario()'><b>runScenario</b><br>Test class: com.TesRunner.TestNgTestRunner<br>Test method: Runs Cucumber Scenarios<br>Parameters: "Verify the response time", "Dashboard Page"</td>
<td></td>
<td>0</td>
<td>com.TesRunner.TestNgTestRunner@15ca7889</td></tr>
<tr>
<td title='com.TesRunner.TestNgTestRunner.runScenario()'><b>runScenario</b><br>Test class: com.TesRunner.TestNgTestRunner<br>Test method: Runs Cucumber Scenarios<br>Parameters: "Verify text on the Second text field", "Homepage verification"</td>
<td></td>
<td>0</td>
<td>com.TesRunner.TestNgTestRunner@15ca7889</td></tr>
<tr>
<td title='com.TesRunner.TestNgTestRunner.runScenario()'><b>runScenario</b><br>Test class: com.TesRunner.TestNgTestRunner<br>Test method: Runs Cucumber Scenarios<br>Parameters: "verify login button action through mouse", "Homepage verification"</td>
<td></td>
<td>0</td>
<td>com.TesRunner.TestNgTestRunner@15ca7889</td></tr>
<tr>
<td title='com.TesRunner.TestNgTestRunner.runScenario()'><b>runScenario</b><br>Test class: com.TesRunner.TestNgTestRunner<br>Test method: Runs Cucumber Scenarios<br>Parameters: "Verify application name", "Homepage verification"</td>
<td></td>
<td>0</td>
<td>com.TesRunner.TestNgTestRunner@15ca7889</td></tr>
<tr>
<td title='com.TesRunner.TestNgTestRunner.runScenario()'><b>runScenario</b><br>Test class: com.TesRunner.TestNgTestRunner<br>Test method: Runs Cucumber Scenarios<br>Parameters: "verify Login is present", "Homepage verification"</td>
<td></td>
<td>0</td>
<td>com.TesRunner.TestNgTestRunner@15ca7889</td></tr>
<tr>
<td title='com.TesRunner.TestNgTestRunner.runScenario()'><b>runScenario</b><br>Test class: com.TesRunner.TestNgTestRunner<br>Test method: Runs Cucumber Scenarios<br>Parameters: "Verify the text spelling in the page", "Homepage verification"</td>
<td></td>
<td>5</td>
<td>com.TesRunner.TestNgTestRunner@15ca7889</td></tr>
<tr>
<td title='com.TesRunner.TestNgTestRunner.runScenario()'><b>runScenario</b><br>Test class: com.TesRunner.TestNgTestRunner<br>Test method: Runs Cucumber Scenarios<br>Parameters: "Verify admin is able to land on home page with invalid URL", "Homepage verification"</td>
<td></td>
<td>10</td>
<td>com.TesRunner.TestNgTestRunner@15ca7889</td></tr>
<tr>
<td title='com.TesRunner.TestNgTestRunner.runScenario()'><b>runScenario</b><br>Test class: com.TesRunner.TestNgTestRunner<br>Test method: Runs Cucumber Scenarios<br>Parameters: "Verify  LMS title alignment", "Dashboard Page"</td>
<td></td>
<td>0</td>
<td>com.TesRunner.TestNgTestRunner@15ca7889</td></tr>
<tr>
<td title='com.TesRunner.TestNgTestRunner.runScenario()'><b>runScenario</b><br>Test class: com.TesRunner.TestNgTestRunner<br>Test method: Runs Cucumber Scenarios<br>Parameters: "Validate the heading", "Program Validation"</td>
<td></td>
<td>0</td>
<td>com.TesRunner.TestNgTestRunner@15ca7889</td></tr>
<tr>
<td title='com.TesRunner.TestNgTestRunner.runScenario()'><b>runScenario</b><br>Test class: com.TesRunner.TestNgTestRunner<br>Test method: Runs Cucumber Scenarios<br>Parameters: "Verify Search bar on the Program page", "Program Validation"</td>
<td></td>
<td>0</td>
<td>com.TesRunner.TestNgTestRunner@15ca7889</td></tr>
<tr>
<td title='com.TesRunner.TestNgTestRunner.runScenario()'><b>runScenario</b><br>Test class: com.TesRunner.TestNgTestRunner<br>Test method: Runs Cucumber Scenarios<br>Parameters: "Verify asterik next to user text", "Homepage verification"</td>
<td></td>
<td>0</td>
<td>com.TesRunner.TestNgTestRunner@15ca7889</td></tr>
</table><p>
</body>
</html>