<!DOCTYPE html>

<html>
  <head>
  <meta charset='utf-8'>
  <title>TestNG reports</title>

    <link type="text/css" href="testng-reports1.css" rel="stylesheet" id="ultra" />
    <link type="text/css" href="testng-reports.css" rel="stylesheet" id="retro" disabled="false"/>
    <script type="text/javascript" src="jquery.min.js"></script>
    <script type="text/javascript" src="testng-reports.js"></script>
    <script type="text/javascript" src="https://www.google.com/jsapi"></script>
    <script type='text/javascript'>
      google.load('visualization', '1', {packages:['table']});
      google.setOnLoadCallback(drawTable);
      var suiteTableInitFunctions = new Array();
      var suiteTableData = new Array();
    </script>
    <!--
      <script type="text/javascript" src="jquery-ui/js/jquery-ui-1.8.16.custom.min.js"></script>
     -->
  </head>

  <body>
    <div class="top-banner-root">
      <span class="top-banner-title-font">Test results</span>
      <button id="button" class="button">Switch Retro Theme</button> <!-- button -->
      <br/>
      <span class="top-banner-font-1">1 suite, 26 failed tests</span>
    </div> <!-- top-banner-root -->
    <div class="navigator-root">
      <div class="navigator-suite-header">
        <span>All suites</span>
        <a href="#" title="Collapse/expand all the suites" class="collapse-all-link">
          <img src="collapseall.gif" class="collapse-all-icon">
          </img> <!-- collapse-all-icon -->
        </a> <!-- collapse-all-link -->
      </div> <!-- navigator-suite-header -->
      <div class="suite">
        <div class="rounded-window">
          <div class="suite-header light-rounded-window-top">
            <a href="#" panel-name="suite-Default_suite" class="navigator-link">
              <span class="suite-name border-failed">Default suite</span>
            </a> <!-- navigator-link -->
          </div> <!-- suite-header light-rounded-window-top -->
          <div class="navigator-suite-content">
            <div class="suite-section-title">
              <span>Info</span>
            </div> <!-- suite-section-title -->
            <div class="suite-section-content">
              <ul>
                <li>
                  <a href="#" panel-name="test-xml-Default_suite" class="navigator-link ">
                    <span>testng-customsuite.xml</span>
                  </a> <!-- navigator-link  -->
                </li>
                <li>
                  <a href="#" panel-name="testlist-Default_suite" class="navigator-link ">
                    <span class="test-stats">1 test</span>
                  </a> <!-- navigator-link  -->
                </li>
                <li>
                  <a href="#" panel-name="group-Default_suite" class="navigator-link ">
                    <span>1 group</span>
                  </a> <!-- navigator-link  -->
                </li>
                <li>
                  <a href="#" panel-name="times-Default_suite" class="navigator-link ">
                    <span>Times</span>
                  </a> <!-- navigator-link  -->
                </li>
                <li>
                  <a href="#" panel-name="reporter-Default_suite" class="navigator-link ">
                    <span>Reporter output</span>
                  </a> <!-- navigator-link  -->
                </li>
                <li>
                  <a href="#" panel-name="ignored-methods-Default_suite" class="navigator-link ">
                    <span>Ignored methods</span>
                  </a> <!-- navigator-link  -->
                </li>
                <li>
                  <a href="#" panel-name="chronological-Default_suite" class="navigator-link ">
                    <span>Chronological view</span>
                  </a> <!-- navigator-link  -->
                </li>
              </ul>
            </div> <!-- suite-section-content -->
            <div class="result-section">
              <div class="suite-section-title">
                <span>Results</span>
              </div> <!-- suite-section-title -->
              <div class="suite-section-content">
                <ul>
                  <li>
                    <span class="method-stats">53 methods, 26 failed,   27 passed</span>
                  </li>
                  <li>
                    <span class="method-list-title failed">Failed methods</span>
                    <span class="show-or-hide-methods failed">
                      <a href="#" panel-name="suite-Default_suite" class="hide-methods failed suite-Default_suite"> (hide)</a> <!-- hide-methods failed suite-Default_suite -->
                      <a href="#" panel-name="suite-Default_suite" class="show-methods failed suite-Default_suite"> (show)</a> <!-- show-methods failed suite-Default_suite -->
                    </span>
                    <div class="method-list-content failed suite-Default_suite">
                      <span>
                        <img src="failed.png" width="3%"/>
                        <a href="#" panel-name="suite-Default_suite" title="com.TesRunner.TestNgTestRunner" class="method navigator-link" hash-for-method="runScenario(&quot;Validate data rows&quot;, &quot;Batch Page Validation&quot;)">runScenario("Validate data rows", "Batch Page Validation")</a> <!-- method navigator-link -->
                      </span>
                      <br/>
                      <span>
                        <img src="failed.png" width="3%"/>
                        <a href="#" panel-name="suite-Default_suite" title="com.TesRunner.TestNgTestRunner" class="method navigator-link" hash-for-method="runScenario(&quot;Verify LMS title&quot;, &quot;Dashboard Page&quot;)">runScenario("Verify LMS title", "Dashboard Page")</a> <!-- method navigator-link -->
                      </span>
                      <br/>
                      <span>
                        <img src="failed.png" width="3%"/>
                        <a href="#" panel-name="suite-Default_suite" title="com.TesRunner.TestNgTestRunner" class="method navigator-link" hash-for-method="runScenario(&quot;Validate data table headers in the Batch Page&quot;, &quot;Batch Page Validation&quot;)">runScenario("Validate data table headers in the Batch Page", "Batch Page Validation")</a> <!-- method navigator-link -->
                      </span>
                      <br/>
                      <span>
                        <img src="failed.png" width="3%"/>
                        <a href="#" panel-name="suite-Default_suite" title="com.TesRunner.TestNgTestRunner" class="method navigator-link" hash-for-method="runScenario(&quot;Verify after login  admin lands on manage program as dashboard page&quot;, &quot;Dashboard Page&quot;)">runScenario("Verify after login  admin lands on manage program as dashboard page", "Dashboard Page")</a> <!-- method navigator-link -->
                      </span>
                      <br/>
                      <span>
                        <img src="failed.png" width="3%"/>
                        <a href="#" panel-name="suite-Default_suite" title="com.TesRunner.TestNgTestRunner" class="method navigator-link" hash-for-method="runScenario(&quot;Validate the footer&quot;, &quot;Program Validation&quot;)">runScenario("Validate the footer", "Program Validation")</a> <!-- method navigator-link -->
                      </span>
                      <br/>
                      <span>
                        <img src="failed.png" width="3%"/>
                        <a href="#" panel-name="suite-Default_suite" title="com.TesRunner.TestNgTestRunner" class="method navigator-link" hash-for-method="runScenario(&quot;Validate header in the Batch Page&quot;, &quot;Batch Page Validation&quot;)">runScenario("Validate header in the Batch Page", "Batch Page Validation")</a> <!-- method navigator-link -->
                      </span>
                      <br/>
                      <span>
                        <img src="failed.png" width="3%"/>
                        <a href="#" panel-name="suite-Default_suite" title="com.TesRunner.TestNgTestRunner" class="method navigator-link" hash-for-method="runScenario(&quot;verify login button action through mouse&quot;, &quot;Homepage verification&quot;)">runScenario("verify login button action through mouse", "Homepage verification")</a> <!-- method navigator-link -->
                      </span>
                      <br/>
                      <span>
                        <img src="failed.png" width="3%"/>
                        <a href="#" panel-name="suite-Default_suite" title="com.TesRunner.TestNgTestRunner" class="method navigator-link" hash-for-method="runScenario(&quot;Validate pagination in the Batch Page&quot;, &quot;Batch Page Validation&quot;)">runScenario("Validate pagination in the Batch Page", "Batch Page Validation")</a> <!-- method navigator-link -->
                      </span>
                      <br/>
                      <span>
                        <img src="failed.png" width="3%"/>
                        <a href="#" panel-name="suite-Default_suite" title="com.TesRunner.TestNgTestRunner" class="method navigator-link" hash-for-method="runScenario(&quot;Validate login with null username&quot;, &quot;Homepage verification&quot;)">runScenario("Validate login with null username", "Homepage verification")</a> <!-- method navigator-link -->
                      </span>
                      <br/>
                      <span>
                        <img src="failed.png" width="3%"/>
                        <a href="#" panel-name="suite-Default_suite" title="com.TesRunner.TestNgTestRunner" class="method navigator-link" hash-for-method="runScenario(&quot;Verify Search bar on the Program page&quot;, &quot;Program Validation&quot;)">runScenario("Verify Search bar on the Program page", "Program Validation")</a> <!-- method navigator-link -->
                      </span>
                      <br/>
                      <span>
                        <img src="failed.png" width="3%"/>
                        <a href="#" panel-name="suite-Default_suite" title="com.TesRunner.TestNgTestRunner" class="method navigator-link" hash-for-method="runScenario(&quot;Verify text field is present&quot;, &quot;Homepage verification&quot;)">runScenario("Verify text field is present", "Homepage verification")</a> <!-- method navigator-link -->
                      </span>
                      <br/>
                      <span>
                        <img src="failed.png" width="3%"/>
                        <a href="#" panel-name="suite-Default_suite" title="com.TesRunner.TestNgTestRunner" class="method navigator-link" hash-for-method="runScenario(&quot;Validate data rows&quot;, &quot;Batch Page Validation&quot;)">runScenario("Validate data rows", "Batch Page Validation")</a> <!-- method navigator-link -->
                      </span>
                      <br/>
                      <span>
                        <img src="failed.png" width="3%"/>
                        <a href="#" panel-name="suite-Default_suite" title="com.TesRunner.TestNgTestRunner" class="method navigator-link" hash-for-method="runScenario(&quot;Validate login with valid Credentials&quot;, &quot;Homepage verification&quot;)">runScenario("Validate login with valid Credentials", "Homepage verification")</a> <!-- method navigator-link -->
                      </span>
                      <br/>
                      <span>
                        <img src="failed.png" width="3%"/>
                        <a href="#" panel-name="suite-Default_suite" title="com.TesRunner.TestNgTestRunner" class="method navigator-link" hash-for-method="runScenario(&quot;Validate + A New batch in Batch Page&quot;, &quot;Batch Page Validation&quot;)">runScenario("Validate + A New batch in Batch Page", "Batch Page Validation")</a> <!-- method navigator-link -->
                      </span>
                      <br/>
                      <span>
                        <img src="failed.png" width="3%"/>
                        <a href="#" panel-name="suite-Default_suite" title="com.TesRunner.TestNgTestRunner" class="method navigator-link" hash-for-method="runScenario(&quot;Validate the heading&quot;, &quot;Program Validation&quot;)">runScenario("Validate the heading", "Program Validation")</a> <!-- method navigator-link -->
                      </span>
                      <br/>
                      <span>
                        <img src="failed.png" width="3%"/>
                        <a href="#" panel-name="suite-Default_suite" title="com.TesRunner.TestNgTestRunner" class="method navigator-link" hash-for-method="runScenario(&quot;Validate pop up for adding batch&quot;, &quot;Batch Page Validation&quot;)">runScenario("Validate pop up for adding batch", "Batch Page Validation")</a> <!-- method navigator-link -->
                      </span>
                      <br/>
                      <span>
                        <img src="failed.png" width="3%"/>
                        <a href="#" panel-name="suite-Default_suite" title="com.TesRunner.TestNgTestRunner" class="method navigator-link" hash-for-method="runScenario(&quot;verify login button action through Keyboard&quot;, &quot;Homepage verification&quot;)">runScenario("verify login button action through Keyboard", "Homepage verification")</a> <!-- method navigator-link -->
                      </span>
                      <br/>
                      <span>
                        <img src="failed.png" width="3%"/>
                        <a href="#" panel-name="suite-Default_suite" title="com.TesRunner.TestNgTestRunner" class="method navigator-link" hash-for-method="runScenario(&quot;Validate LMS title has correct spelling ang space&quot;, &quot;Dashboard Page&quot;)">runScenario("Validate LMS title has correct spelling ang space", "Dashboard Page")</a> <!-- method navigator-link -->
                      </span>
                      <br/>
                      <span>
                        <img src="failed.png" width="3%"/>
                        <a href="#" panel-name="suite-Default_suite" title="com.TesRunner.TestNgTestRunner" class="method navigator-link" hash-for-method="runScenario(&quot;Validate data rows&quot;, &quot;Batch Page Validation&quot;)">runScenario("Validate data rows", "Batch Page Validation")</a> <!-- method navigator-link -->
                      </span>
                      <br/>
                      <span>
                        <img src="failed.png" width="3%"/>
                        <a href="#" panel-name="suite-Default_suite" title="com.TesRunner.TestNgTestRunner" class="method navigator-link" hash-for-method="runScenario(&quot;Validate login with invalid credentials&quot;, &quot;Homepage verification&quot;)">runScenario("Validate login with invalid credentials", "Homepage verification")</a> <!-- method navigator-link -->
                      </span>
                      <br/>
                      <span>
                        <img src="failed.png" width="3%"/>
                        <a href="#" panel-name="suite-Default_suite" title="com.TesRunner.TestNgTestRunner" class="method navigator-link" hash-for-method="runScenario(&quot;Verify  LMS title alignment&quot;, &quot;Dashboard Page&quot;)">runScenario("Verify  LMS title alignment", "Dashboard Page")</a> <!-- method navigator-link -->
                      </span>
                      <br/>
                      <span>
                        <img src="failed.png" width="3%"/>
                        <a href="#" panel-name="suite-Default_suite" title="com.TesRunner.TestNgTestRunner" class="method navigator-link" hash-for-method="runScenario(&quot;Validate alignment for navigation bar&quot;, &quot;Dashboard Page&quot;)">runScenario("Validate alignment for navigation bar", "Dashboard Page")</a> <!-- method navigator-link -->
                      </span>
                      <br/>
                      <span>
                        <img src="failed.png" width="3%"/>
                        <a href="#" panel-name="suite-Default_suite" title="com.TesRunner.TestNgTestRunner" class="method navigator-link" hash-for-method="runScenario(&quot;Validate landing in Program page&quot;, &quot;Program Validation&quot;)">runScenario("Validate landing in Program page", "Program Validation")</a> <!-- method navigator-link -->
                      </span>
                      <br/>
                      <span>
                        <img src="failed.png" width="3%"/>
                        <a href="#" panel-name="suite-Default_suite" title="com.TesRunner.TestNgTestRunner" class="method navigator-link" hash-for-method="runScenario(&quot;Validate landing in Batch page&quot;, &quot;Batch Page Validation&quot;)">runScenario("Validate landing in Batch page", "Batch Page Validation")</a> <!-- method navigator-link -->
                      </span>
                      <br/>
                      <span>
                        <img src="failed.png" width="3%"/>
                        <a href="#" panel-name="suite-Default_suite" title="com.TesRunner.TestNgTestRunner" class="method navigator-link" hash-for-method="runScenario(&quot;Validate Delete button in Batch Page&quot;, &quot;Batch Page Validation&quot;)">runScenario("Validate Delete button in Batch Page", "Batch Page Validation")</a> <!-- method navigator-link -->
                      </span>
                      <br/>
                      <span>
                        <img src="failed.png" width="3%"/>
                        <a href="#" panel-name="suite-Default_suite" title="com.TesRunner.TestNgTestRunner" class="method navigator-link" hash-for-method="runScenario(&quot;Validate login with null password&quot;, &quot;Homepage verification&quot;)">runScenario("Validate login with null password", "Homepage verification")</a> <!-- method navigator-link -->
                      </span>
                      <br/>
                    </div> <!-- method-list-content failed suite-Default_suite -->
                  </li>
                  <li>
                    <span class="method-list-title passed">Passed methods</span>
                    <span class="show-or-hide-methods passed">
                      <a href="#" panel-name="suite-Default_suite" class="hide-methods passed suite-Default_suite"> (hide)</a> <!-- hide-methods passed suite-Default_suite -->
                      <a href="#" panel-name="suite-Default_suite" class="show-methods passed suite-Default_suite"> (show)</a> <!-- show-methods passed suite-Default_suite -->
                    </span>
                    <div class="method-list-content passed suite-Default_suite">
                      <span>
                        <img src="passed.png" width="3%"/>
                        <a href="#" panel-name="suite-Default_suite" title="com.TesRunner.TestNgTestRunner" class="method navigator-link" hash-for-method="runScenario(&quot;Verify the alignment of the login button&quot;, &quot;Homepage verification&quot;)">runScenario("Verify the alignment of the login button", "Homepage verification")</a> <!-- method navigator-link -->
                      </span>
                      <br/>
                      <span>
                        <img src="passed.png" width="3%"/>
                        <a href="#" panel-name="suite-Default_suite" title="com.TesRunner.TestNgTestRunner" class="method navigator-link" hash-for-method="runScenario(&quot;Validate navigation bar order  1st Program&quot;, &quot;Dashboard Page&quot;)">runScenario("Validate navigation bar order  1st Program", "Dashboard Page")</a> <!-- method navigator-link -->
                      </span>
                      <br/>
                      <span>
                        <img src="passed.png" width="3%"/>
                        <a href="#" panel-name="suite-Default_suite" title="com.TesRunner.TestNgTestRunner" class="method navigator-link" hash-for-method="runScenario(&quot;Verify the company logo is present&quot;, &quot;Homepage verification&quot;)">runScenario("Verify the company logo is present", "Homepage verification")</a> <!-- method navigator-link -->
                      </span>
                      <br/>
                      <span>
                        <img src="passed.png" width="3%"/>
                        <a href="#" panel-name="suite-Default_suite" title="com.TesRunner.TestNgTestRunner" class="method navigator-link" hash-for-method="runScenario(&quot;Verify broken link&quot;, &quot;Dashboard Page&quot;)">runScenario("Verify broken link", "Dashboard Page")</a> <!-- method navigator-link -->
                      </span>
                      <br/>
                      <span>
                        <img src="passed.png" width="3%"/>
                        <a href="#" panel-name="suite-Default_suite" title="com.TesRunner.TestNgTestRunner" class="method navigator-link" hash-for-method="runScenario(&quot;verify Login is present&quot;, &quot;Homepage verification&quot;)">runScenario("verify Login is present", "Homepage verification")</a> <!-- method navigator-link -->
                      </span>
                      <br/>
                      <span>
                        <img src="passed.png" width="3%"/>
                        <a href="#" panel-name="suite-Default_suite" title="com.TesRunner.TestNgTestRunner" class="method navigator-link" hash-for-method="runScenario(&quot;Verify input descriptive text in user field&quot;, &quot;Homepage verification&quot;)">runScenario("Verify input descriptive text in user field", "Homepage verification")</a> <!-- method navigator-link -->
                      </span>
                      <br/>
                      <span>
                        <img src="passed.png" width="3%"/>
                        <a href="#" panel-name="suite-Default_suite" title="com.TesRunner.TestNgTestRunner" class="method navigator-link" hash-for-method="runScenario(&quot;Verify application name&quot;, &quot;Homepage verification&quot;)">runScenario("Verify application name", "Homepage verification")</a> <!-- method navigator-link -->
                      </span>
                      <br/>
                      <span>
                        <img src="passed.png" width="3%"/>
                        <a href="#" panel-name="suite-Default_suite" title="com.TesRunner.TestNgTestRunner" class="method navigator-link" hash-for-method="runScenario(&quot;Verify admin is able to land on home page&quot;, &quot;Homepage verification&quot;)">runScenario("Verify admin is able to land on home page", "Homepage verification")</a> <!-- method navigator-link -->
                      </span>
                      <br/>
                      <span>
                        <img src="passed.png" width="3%"/>
                        <a href="#" panel-name="suite-Default_suite" title="com.TesRunner.TestNgTestRunner" class="method navigator-link" hash-for-method="runScenario(&quot;Verify admin is able to land on home page with invalid URL&quot;, &quot;Homepage verification&quot;)">runScenario("Verify admin is able to land on home page with invalid URL", "Homepage verification")</a> <!-- method navigator-link -->
                      </span>
                      <br/>
                      <span>
                        <img src="passed.png" width="3%"/>
                        <a href="#" panel-name="suite-Default_suite" title="com.TesRunner.TestNgTestRunner" class="method navigator-link" hash-for-method="runScenario(&quot;Verify the company logo alignment&quot;, &quot;Homepage verification&quot;)">runScenario("Verify the company logo alignment", "Homepage verification")</a> <!-- method navigator-link -->
                      </span>
                      <br/>
                      <span>
                        <img src="passed.png" width="3%"/>
                        <a href="#" panel-name="suite-Default_suite" title="com.TesRunner.TestNgTestRunner" class="method navigator-link" hash-for-method="runScenario(&quot;Validate navigation bar order 4th Logout&quot;, &quot;Dashboard Page&quot;)">runScenario("Validate navigation bar order 4th Logout", "Dashboard Page")</a> <!-- method navigator-link -->
                      </span>
                      <br/>
                      <span>
                        <img src="passed.png" width="3%"/>
                        <a href="#" panel-name="suite-Default_suite" title="com.TesRunner.TestNgTestRunner" class="method navigator-link" hash-for-method="runScenario(&quot;Verify the response time&quot;, &quot;Dashboard Page&quot;)">runScenario("Verify the response time", "Dashboard Page")</a> <!-- method navigator-link -->
                      </span>
                      <br/>
                      <span>
                        <img src="passed.png" width="3%"/>
                        <a href="#" panel-name="suite-Default_suite" title="com.TesRunner.TestNgTestRunner" class="method navigator-link" hash-for-method="runScenario(&quot;Validate navigation bar order 3rd User&quot;, &quot;Dashboard Page&quot;)">runScenario("Validate navigation bar order 3rd User", "Dashboard Page")</a> <!-- method navigator-link -->
                      </span>
                      <br/>
                      <span>
                        <img src="passed.png" width="3%"/>
                        <a href="#" panel-name="suite-Default_suite" title="com.TesRunner.TestNgTestRunner" class="method navigator-link" hash-for-method="runScenario(&quot;Validate navigation bar text&quot;, &quot;Dashboard Page&quot;)">runScenario("Validate navigation bar text", "Dashboard Page")</a> <!-- method navigator-link -->
                      </span>
                      <br/>
                      <span>
                        <img src="passed.png" width="3%"/>
                        <a href="#" panel-name="suite-Default_suite" title="com.TesRunner.TestNgTestRunner" class="method navigator-link" hash-for-method="runScenario(&quot;Verify text on the first text field&quot;, &quot;Homepage verification&quot;)">runScenario("Verify text on the first text field", "Homepage verification")</a> <!-- method navigator-link -->
                      </span>
                      <br/>
                      <span>
                        <img src="passed.png" width="3%"/>
                        <a href="#" panel-name="suite-Default_suite" title="com.TesRunner.TestNgTestRunner" class="method navigator-link" hash-for-method="runScenario(&quot;Verify for broken link in login page&quot;, &quot;Homepage verification&quot;)">runScenario("Verify for broken link in login page", "Homepage verification")</a> <!-- method navigator-link -->
                      </span>
                      <br/>
                      <span>
                        <img src="passed.png" width="3%"/>
                        <a href="#" panel-name="suite-Default_suite" title="com.TesRunner.TestNgTestRunner" class="method navigator-link" hash-for-method="runScenario(&quot;Verify text on the Second text field&quot;, &quot;Homepage verification&quot;)">runScenario("Verify text on the Second text field", "Homepage verification")</a> <!-- method navigator-link -->
                      </span>
                      <br/>
                      <span>
                        <img src="passed.png" width="3%"/>
                        <a href="#" panel-name="suite-Default_suite" title="com.TesRunner.TestNgTestRunner" class="method navigator-link" hash-for-method="runScenario(&quot;Verify input descriptive text in password field&quot;, &quot;Homepage verification&quot;)">runScenario("Verify input descriptive text in password field", "Homepage verification")</a> <!-- method navigator-link -->
                      </span>
                      <br/>
                      <span>
                        <img src="passed.png" width="3%"/>
                        <a href="#" panel-name="suite-Default_suite" title="com.TesRunner.TestNgTestRunner" class="method navigator-link" hash-for-method="runScenario(&quot;Validate sign in content&quot;, &quot;Homepage verification&quot;)">runScenario("Validate sign in content", "Homepage verification")</a> <!-- method navigator-link -->
                      </span>
                      <br/>
                      <span>
                        <img src="passed.png" width="3%"/>
                        <a href="#" panel-name="suite-Default_suite" title="com.TesRunner.TestNgTestRunner" class="method navigator-link" hash-for-method="runScenario(&quot;Validate navigation bar order  2nd Batch&quot;, &quot;Dashboard Page&quot;)">runScenario("Validate navigation bar order  2nd Batch", "Dashboard Page")</a> <!-- method navigator-link -->
                      </span>
                      <br/>
                      <span>
                        <img src="passed.png" width="3%"/>
                        <a href="#" panel-name="suite-Default_suite" title="com.TesRunner.TestNgTestRunner" class="method navigator-link" hash-for-method="runScenario(&quot;Validating the default state of Delete button&quot;, &quot;Program Validation&quot;)">runScenario("Validating the default state of Delete button", "Program Validation")</a> <!-- method navigator-link -->
                      </span>
                      <br/>
                      <span>
                        <img src="passed.png" width="3%"/>
                        <a href="#" panel-name="suite-Default_suite" title="com.TesRunner.TestNgTestRunner" class="method navigator-link" hash-for-method="runScenario(&quot;Verify the text spelling in the page&quot;, &quot;Homepage verification&quot;)">runScenario("Verify the text spelling in the page", "Homepage verification")</a> <!-- method navigator-link -->
                      </span>
                      <br/>
                      <span>
                        <img src="passed.png" width="3%"/>
                        <a href="#" panel-name="suite-Default_suite" title="com.TesRunner.TestNgTestRunner" class="method navigator-link" hash-for-method="runScenario(&quot;Validate the text and pagination icon below the data table&quot;, &quot;Program Validation&quot;)">runScenario("Validate the text and pagination icon below the data table", "Program Validation")</a> <!-- method navigator-link -->
                      </span>
                      <br/>
                      <span>
                        <img src="passed.png" width="3%"/>
                        <a href="#" panel-name="suite-Default_suite" title="com.TesRunner.TestNgTestRunner" class="method navigator-link" hash-for-method="runScenario(&quot;Verify asterik next to user text&quot;, &quot;Homepage verification&quot;)">runScenario("Verify asterik next to user text", "Homepage verification")</a> <!-- method navigator-link -->
                      </span>
                      <br/>
                      <span>
                        <img src="passed.png" width="3%"/>
                        <a href="#" panel-name="suite-Default_suite" title="com.TesRunner.TestNgTestRunner" class="method navigator-link" hash-for-method="runScenario(&quot;Verify the alignment of input fields for the login&quot;, &quot;Homepage verification&quot;)">runScenario("Verify the alignment of input fields for the login", "Homepage verification")</a> <!-- method navigator-link -->
                      </span>
                      <br/>
                      <span>
                        <img src="passed.png" width="3%"/>
                        <a href="#" panel-name="suite-Default_suite" title="com.TesRunner.TestNgTestRunner" class="method navigator-link" hash-for-method="runScenario(&quot;Admin should see * symbol next to password text&quot;, &quot;Homepage verification&quot;)">runScenario("Admin should see * symbol next to password text", "Homepage verification")</a> <!-- method navigator-link -->
                      </span>
                      <br/>
                      <span>
                        <img src="passed.png" width="3%"/>
                        <a href="#" panel-name="suite-Default_suite" title="com.TesRunner.TestNgTestRunner" class="method navigator-link" hash-for-method="runScenario(&quot;Verify company name&quot;, &quot;Homepage verification&quot;)">runScenario("Verify company name", "Homepage verification")</a> <!-- method navigator-link -->
                      </span>
                      <br/>
                    </div> <!-- method-list-content passed suite-Default_suite -->
                  </li>
                </ul>
              </div> <!-- suite-section-content -->
            </div> <!-- result-section -->
          </div> <!-- navigator-suite-content -->
        </div> <!-- rounded-window -->
      </div> <!-- suite -->
    </div> <!-- navigator-root -->
    <div class="wrapper">
      <div class="main-panel-root">
        <div panel-name="suite-Default_suite" class="panel Default_suite">
          <div class="suite-Default_suite-class-failed">
            <div class="main-panel-header rounded-window-top">
              <img src="failed.png"/>
              <span class="class-name">com.TesRunner.TestNgTestRunner</span>
            </div> <!-- main-panel-header rounded-window-top -->
            <div class="main-panel-content rounded-window-bottom">
              <div class="method">
                <div class="method-content">
                  <a name="runScenario(&quot;Validate data rows&quot;, &quot;Batch Page Validation&quot;)">
                  </a> <!-- runScenario("Validate data rows", "Batch Page Validation") -->
                  <span class="method-name">runScenario</span>
                  <span class="parameters">("Validate data rows", "Batch Page Validation")</span>
                  <div class="stack-trace">org.openqa.selenium.NoSuchElementException: no such element: Unable to locate element: {&quot;method&quot;:&quot;css selector&quot;,&quot;selector&quot;:&quot;#batch&quot;}
  (Session info: chrome=124.0.6367.92)
For documentation on this error, please visit: https://www.selenium.dev/documentation/webdriver/troubleshooting/errors#no-such-element-exception
Build info: version: &apos;4.16.1&apos;, revision: &apos;9b4c83354e&apos;
System info: os.name: &apos;Mac OS X&apos;, os.arch: &apos;aarch64&apos;, os.version: &apos;14.4.1&apos;, java.version: &apos;21.0.1&apos;
Driver info: org.openqa.selenium.chrome.ChromeDriver
Command: [3aba7b60cb40ae1f0ee1a48f8459d8dc, findElement {using=id, value=batch}]
Capabilities {acceptInsecureCerts: false, browserName: chrome, browserVersion: 124.0.6367.92, chrome: {chromedriverVersion: 124.0.6367.91 (51df0e5e17a8..., userDataDir: /var/folders/qz/43vf7hk55fz...}, fedcm:accounts: true, goog:chromeOptions: {debuggerAddress: localhost:57640}, networkConnectionEnabled: false, pageLoadStrategy: normal, platformName: mac, proxy: Proxy(), se:cdp: ws://localhost:57640/devtoo..., se:cdpVersion: 124.0.6367.92, setWindowRect: true, strictFileInteractability: false, timeouts: {implicit: 0, pageLoad: 300000, script: 30000}, unhandledPromptBehavior: dismiss and notify, webauthn:extension:credBlob: true, webauthn:extension:largeBlob: true, webauthn:extension:minPinLength: true, webauthn:extension:prf: true, webauthn:virtualAuthenticators: true}
Session ID: 3aba7b60cb40ae1f0ee1a48f8459d8dc
	at java.base/jdk.internal.reflect.DirectConstructorHandleAccessor.newInstance(DirectConstructorHandleAccessor.java:62)
	at java.base/java.lang.reflect.Constructor.newInstanceWithCaller(Constructor.java:502)
	at java.base/java.lang.reflect.Constructor.newInstance(Constructor.java:486)
	at org.openqa.selenium.remote.codec.w3c.W3CHttpResponseCodec.createException(W3CHttpResponseCodec.java:200)
	at org.openqa.selenium.remote.codec.w3c.W3CHttpResponseCodec.decode(W3CHttpResponseCodec.java:133)
	at org.openqa.selenium.remote.codec.w3c.W3CHttpResponseCodec.decode(W3CHttpResponseCodec.java:52)
	at org.openqa.selenium.remote.HttpCommandExecutor.execute(HttpCommandExecutor.java:191)
	at org.openqa.selenium.remote.service.DriverCommandExecutor.invokeExecute(DriverCommandExecutor.java:200)
	at org.openqa.selenium.remote.service.DriverCommandExecutor.execute(DriverCommandExecutor.java:175)
	at org.openqa.selenium.remote.RemoteWebDriver.execute(RemoteWebDriver.java:523)
	at org.openqa.selenium.remote.ElementLocation$ElementFinder$2.findElement(ElementLocation.java:165)
	at org.openqa.selenium.remote.ElementLocation.findElement(ElementLocation.java:59)
	at org.openqa.selenium.remote.RemoteWebDriver.findElement(RemoteWebDriver.java:360)
	at org.openqa.selenium.remote.RemoteWebDriver.findElement(RemoteWebDriver.java:354)
	at org.openqa.selenium.support.pagefactory.DefaultElementLocator.findElement(DefaultElementLocator.java:68)
	at org.openqa.selenium.support.pagefactory.internal.LocatingElementHandler.invoke(LocatingElementHandler.java:38)
	at jdk.proxy2/jdk.proxy2.$Proxy39.click(Unknown Source)
	at com.pageObjects.BatchPageObject.clickBatchBtn(BatchPageObject.java:40)
	at com.stepDefinitions.ManageBatch_steps.admin_clicks_batch_from_navigation_bar(ManageBatch_steps.java:25)
	at ✽.Admin clicks Batch from navigation bar(file:///Users/perumalramamoorthy/git/Team04_LMS_WebAutomaters/src/test/resources/Features/005_ManageBatch.feature:6)

</div> <!-- stack-trace -->
                  <em>
(Runs Cucumber Scenarios)                  </em>
                </div> <!-- method-content -->
              </div> <!-- method -->
              <div class="method">
                <div class="method-content">
                  <a name="runScenario(&quot;Verify LMS title&quot;, &quot;Dashboard Page&quot;)">
                  </a> <!-- runScenario("Verify LMS title", "Dashboard Page") -->
                  <span class="method-name">runScenario</span>
                  <span class="parameters">("Verify LMS title", "Dashboard Page")</span>
                  <div class="stack-trace">org.openqa.selenium.NoSuchElementException: no such element: Unable to locate element: {&quot;method&quot;:&quot;xpath&quot;,&quot;selector&quot;:&quot;//mat-toolbar/span[1]&quot;}
  (Session info: chrome=124.0.6367.92)
For documentation on this error, please visit: https://www.selenium.dev/documentation/webdriver/troubleshooting/errors#no-such-element-exception
Build info: version: &apos;4.16.1&apos;, revision: &apos;9b4c83354e&apos;
System info: os.name: &apos;Mac OS X&apos;, os.arch: &apos;aarch64&apos;, os.version: &apos;14.4.1&apos;, java.version: &apos;21.0.1&apos;
Driver info: org.openqa.selenium.chrome.ChromeDriver
Command: [3aba7b60cb40ae1f0ee1a48f8459d8dc, findElement {using=xpath, value=//mat-toolbar/span[1]}]
Capabilities {acceptInsecureCerts: false, browserName: chrome, browserVersion: 124.0.6367.92, chrome: {chromedriverVersion: 124.0.6367.91 (51df0e5e17a8..., userDataDir: /var/folders/qz/43vf7hk55fz...}, fedcm:accounts: true, goog:chromeOptions: {debuggerAddress: localhost:57640}, networkConnectionEnabled: false, pageLoadStrategy: normal, platformName: mac, proxy: Proxy(), se:cdp: ws://localhost:57640/devtoo..., se:cdpVersion: 124.0.6367.92, setWindowRect: true, strictFileInteractability: false, timeouts: {implicit: 0, pageLoad: 300000, script: 30000}, unhandledPromptBehavior: dismiss and notify, webauthn:extension:credBlob: true, webauthn:extension:largeBlob: true, webauthn:extension:minPinLength: true, webauthn:extension:prf: true, webauthn:virtualAuthenticators: true}
Session ID: 3aba7b60cb40ae1f0ee1a48f8459d8dc
	at java.base/jdk.internal.reflect.DirectConstructorHandleAccessor.newInstance(DirectConstructorHandleAccessor.java:62)
	at java.base/java.lang.reflect.Constructor.newInstanceWithCaller(Constructor.java:502)
	at java.base/java.lang.reflect.Constructor.newInstance(Constructor.java:486)
	at org.openqa.selenium.remote.codec.w3c.W3CHttpResponseCodec.createException(W3CHttpResponseCodec.java:200)
	at org.openqa.selenium.remote.codec.w3c.W3CHttpResponseCodec.decode(W3CHttpResponseCodec.java:133)
	at org.openqa.selenium.remote.codec.w3c.W3CHttpResponseCodec.decode(W3CHttpResponseCodec.java:52)
	at org.openqa.selenium.remote.HttpCommandExecutor.execute(HttpCommandExecutor.java:191)
	at org.openqa.selenium.remote.service.DriverCommandExecutor.invokeExecute(DriverCommandExecutor.java:200)
	at org.openqa.selenium.remote.service.DriverCommandExecutor.execute(DriverCommandExecutor.java:175)
	at org.openqa.selenium.remote.RemoteWebDriver.execute(RemoteWebDriver.java:523)
	at org.openqa.selenium.remote.ElementLocation$ElementFinder$2.findElement(ElementLocation.java:165)
	at org.openqa.selenium.remote.ElementLocation.findElement(ElementLocation.java:59)
	at org.openqa.selenium.remote.RemoteWebDriver.findElement(RemoteWebDriver.java:360)
	at org.openqa.selenium.remote.RemoteWebDriver.findElement(RemoteWebDriver.java:354)
	at org.openqa.selenium.support.pagefactory.DefaultElementLocator.findElement(DefaultElementLocator.java:68)
	at org.openqa.selenium.support.pagefactory.internal.LocatingElementHandler.invoke(LocatingElementHandler.java:38)
	at jdk.proxy2/jdk.proxy2.$Proxy39.getText(Unknown Source)
	at com.pageObjects.DashboardPageObject.lmsmanagetitle(DashboardPageObject.java:88)
	at com.stepDefinitions.DashboardPage_steps.admin_should_see_lms_learning_management_system_as_title(DashboardPage_steps.java:47)
	at ✽.Admin should see LMS-Learning management system  as title(file:///Users/perumalramamoorthy/git/Team04_LMS_WebAutomaters/src/test/resources/Features/003_DashboardPage.feature:19)

</div> <!-- stack-trace -->
                  <em>
(Runs Cucumber Scenarios)                  </em>
                </div> <!-- method-content -->
              </div> <!-- method -->
              <div class="method">
                <div class="method-content">
                  <a name="runScenario(&quot;Validate data table headers in the Batch Page&quot;, &quot;Batch Page Validation&quot;)">
                  </a> <!-- runScenario("Validate data table headers in the Batch Page", "Batch Page Validation") -->
                  <span class="method-name">runScenario</span>
                  <span class="parameters">("Validate data table headers in the Batch Page", "Batch Page Validation")</span>
                  <div class="stack-trace">org.openqa.selenium.NoSuchElementException: no such element: Unable to locate element: {&quot;method&quot;:&quot;css selector&quot;,&quot;selector&quot;:&quot;#batch&quot;}
  (Session info: chrome=124.0.6367.92)
For documentation on this error, please visit: https://www.selenium.dev/documentation/webdriver/troubleshooting/errors#no-such-element-exception
Build info: version: &apos;4.16.1&apos;, revision: &apos;9b4c83354e&apos;
System info: os.name: &apos;Mac OS X&apos;, os.arch: &apos;aarch64&apos;, os.version: &apos;14.4.1&apos;, java.version: &apos;21.0.1&apos;
Driver info: org.openqa.selenium.chrome.ChromeDriver
Command: [3aba7b60cb40ae1f0ee1a48f8459d8dc, findElement {using=id, value=batch}]
Capabilities {acceptInsecureCerts: false, browserName: chrome, browserVersion: 124.0.6367.92, chrome: {chromedriverVersion: 124.0.6367.91 (51df0e5e17a8..., userDataDir: /var/folders/qz/43vf7hk55fz...}, fedcm:accounts: true, goog:chromeOptions: {debuggerAddress: localhost:57640}, networkConnectionEnabled: false, pageLoadStrategy: normal, platformName: mac, proxy: Proxy(), se:cdp: ws://localhost:57640/devtoo..., se:cdpVersion: 124.0.6367.92, setWindowRect: true, strictFileInteractability: false, timeouts: {implicit: 0, pageLoad: 300000, script: 30000}, unhandledPromptBehavior: dismiss and notify, webauthn:extension:credBlob: true, webauthn:extension:largeBlob: true, webauthn:extension:minPinLength: true, webauthn:extension:prf: true, webauthn:virtualAuthenticators: true}
Session ID: 3aba7b60cb40ae1f0ee1a48f8459d8dc
	at java.base/jdk.internal.reflect.DirectConstructorHandleAccessor.newInstance(DirectConstructorHandleAccessor.java:62)
	at java.base/java.lang.reflect.Constructor.newInstanceWithCaller(Constructor.java:502)
	at java.base/java.lang.reflect.Constructor.newInstance(Constructor.java:486)
	at org.openqa.selenium.remote.codec.w3c.W3CHttpResponseCodec.createException(W3CHttpResponseCodec.java:200)
	at org.openqa.selenium.remote.codec.w3c.W3CHttpResponseCodec.decode(W3CHttpResponseCodec.java:133)
	at org.openqa.selenium.remote.codec.w3c.W3CHttpResponseCodec.decode(W3CHttpResponseCodec.java:52)
	at org.openqa.selenium.remote.HttpCommandExecutor.execute(HttpCommandExecutor.java:191)
	at org.openqa.selenium.remote.service.DriverCommandExecutor.invokeExecute(DriverCommandExecutor.java:200)
	at org.openqa.selenium.remote.service.DriverCommandExecutor.execute(DriverCommandExecutor.java:175)
	at org.openqa.selenium.remote.RemoteWebDriver.execute(RemoteWebDriver.java:523)
	at org.openqa.selenium.remote.ElementLocation$ElementFinder$2.findElement(ElementLocation.java:165)
	at org.openqa.selenium.remote.ElementLocation.findElement(ElementLocation.java:59)
	at org.openqa.selenium.remote.RemoteWebDriver.findElement(RemoteWebDriver.java:360)
	at org.openqa.selenium.remote.RemoteWebDriver.findElement(RemoteWebDriver.java:354)
	at org.openqa.selenium.support.pagefactory.DefaultElementLocator.findElement(DefaultElementLocator.java:68)
	at org.openqa.selenium.support.pagefactory.internal.LocatingElementHandler.invoke(LocatingElementHandler.java:38)
	at jdk.proxy2/jdk.proxy2.$Proxy39.click(Unknown Source)
	at com.pageObjects.BatchPageObject.clickBatchBtn(BatchPageObject.java:40)
	at com.stepDefinitions.ManageBatch_steps.admin_clicks_batch_from_navigation_bar(ManageBatch_steps.java:25)
	at ✽.Admin clicks Batch from navigation bar(file:///Users/perumalramamoorthy/git/Team04_LMS_WebAutomaters/src/test/resources/Features/005_ManageBatch.feature:6)

</div> <!-- stack-trace -->
                  <em>
(Runs Cucumber Scenarios)                  </em>
                </div> <!-- method-content -->
              </div> <!-- method -->
              <div class="method">
                <div class="method-content">
                  <a name="runScenario(&quot;Verify after login  admin lands on manage program as dashboard page&quot;, &quot;Dashboard Page&quot;)">
                  </a> <!-- runScenario("Verify after login  admin lands on manage program as dashboard page", "Dashboard Page") -->
                  <span class="method-name">runScenario</span>
                  <span class="parameters">("Verify after login  admin lands on manage program as dashboard page", "Dashboard Page")</span>
                  <div class="stack-trace">org.openqa.selenium.NoSuchElementException: no such element: Unable to locate element: {&quot;method&quot;:&quot;xpath&quot;,&quot;selector&quot;:&quot;//*[contains(text(),&apos;Manage Program&apos;)]&quot;}
  (Session info: chrome=124.0.6367.92)
For documentation on this error, please visit: https://www.selenium.dev/documentation/webdriver/troubleshooting/errors#no-such-element-exception
Build info: version: &apos;4.16.1&apos;, revision: &apos;9b4c83354e&apos;
System info: os.name: &apos;Mac OS X&apos;, os.arch: &apos;aarch64&apos;, os.version: &apos;14.4.1&apos;, java.version: &apos;21.0.1&apos;
Driver info: org.openqa.selenium.chrome.ChromeDriver
Command: [3aba7b60cb40ae1f0ee1a48f8459d8dc, findElement {using=xpath, value=//*[contains(text(),&apos;Manage Program&apos;)]}]
Capabilities {acceptInsecureCerts: false, browserName: chrome, browserVersion: 124.0.6367.92, chrome: {chromedriverVersion: 124.0.6367.91 (51df0e5e17a8..., userDataDir: /var/folders/qz/43vf7hk55fz...}, fedcm:accounts: true, goog:chromeOptions: {debuggerAddress: localhost:57640}, networkConnectionEnabled: false, pageLoadStrategy: normal, platformName: mac, proxy: Proxy(), se:cdp: ws://localhost:57640/devtoo..., se:cdpVersion: 124.0.6367.92, setWindowRect: true, strictFileInteractability: false, timeouts: {implicit: 0, pageLoad: 300000, script: 30000}, unhandledPromptBehavior: dismiss and notify, webauthn:extension:credBlob: true, webauthn:extension:largeBlob: true, webauthn:extension:minPinLength: true, webauthn:extension:prf: true, webauthn:virtualAuthenticators: true}
Session ID: 3aba7b60cb40ae1f0ee1a48f8459d8dc
	at java.base/jdk.internal.reflect.DirectConstructorHandleAccessor.newInstance(DirectConstructorHandleAccessor.java:62)
	at java.base/java.lang.reflect.Constructor.newInstanceWithCaller(Constructor.java:502)
	at java.base/java.lang.reflect.Constructor.newInstance(Constructor.java:486)
	at org.openqa.selenium.remote.codec.w3c.W3CHttpResponseCodec.createException(W3CHttpResponseCodec.java:200)
	at org.openqa.selenium.remote.codec.w3c.W3CHttpResponseCodec.decode(W3CHttpResponseCodec.java:133)
	at org.openqa.selenium.remote.codec.w3c.W3CHttpResponseCodec.decode(W3CHttpResponseCodec.java:52)
	at org.openqa.selenium.remote.HttpCommandExecutor.execute(HttpCommandExecutor.java:191)
	at org.openqa.selenium.remote.service.DriverCommandExecutor.invokeExecute(DriverCommandExecutor.java:200)
	at org.openqa.selenium.remote.service.DriverCommandExecutor.execute(DriverCommandExecutor.java:175)
	at org.openqa.selenium.remote.RemoteWebDriver.execute(RemoteWebDriver.java:523)
	at org.openqa.selenium.remote.ElementLocation$ElementFinder$2.findElement(ElementLocation.java:165)
	at org.openqa.selenium.remote.ElementLocation.findElement(ElementLocation.java:59)
	at org.openqa.selenium.remote.RemoteWebDriver.findElement(RemoteWebDriver.java:360)
	at org.openqa.selenium.remote.RemoteWebDriver.findElement(RemoteWebDriver.java:354)
	at org.openqa.selenium.support.pagefactory.DefaultElementLocator.findElement(DefaultElementLocator.java:68)
	at org.openqa.selenium.support.pagefactory.internal.LocatingElementHandler.invoke(LocatingElementHandler.java:38)
	at jdk.proxy2/jdk.proxy2.$Proxy39.getText(Unknown Source)
	at com.pageObjects.DashboardPageObject.getHeaderText(DashboardPageObject.java:53)
	at com.stepDefinitions.DashboardPage_steps.admin_should_see_manage_program_as_header(DashboardPage_steps.java:28)
	at ✽.Admin should see manage program as header(file:///Users/perumalramamoorthy/git/Team04_LMS_WebAutomaters/src/test/resources/Features/003_DashboardPage.feature:10)

</div> <!-- stack-trace -->
                  <em>
(Runs Cucumber Scenarios)                  </em>
                </div> <!-- method-content -->
              </div> <!-- method -->
              <div class="method">
                <div class="method-content">
                  <a name="runScenario(&quot;Validate the footer&quot;, &quot;Program Validation&quot;)">
                  </a> <!-- runScenario("Validate the footer", "Program Validation") -->
                  <span class="method-name">runScenario</span>
                  <span class="parameters">("Validate the footer", "Program Validation")</span>
                  <div class="stack-trace">org.openqa.selenium.NoSuchElementException: no such element: Unable to locate element: {&quot;method&quot;:&quot;xpath&quot;,&quot;selector&quot;:&quot;/html[1]/body[1]/app-root[1]/app-program[1]/div[1]/mat-card[1]/mat-card-content[1]/p-table[1]/div[1]/div[2]/div[1]&quot;}
  (Session info: chrome=124.0.6367.92)
For documentation on this error, please visit: https://www.selenium.dev/documentation/webdriver/troubleshooting/errors#no-such-element-exception
Build info: version: &apos;4.16.1&apos;, revision: &apos;9b4c83354e&apos;
System info: os.name: &apos;Mac OS X&apos;, os.arch: &apos;aarch64&apos;, os.version: &apos;14.4.1&apos;, java.version: &apos;21.0.1&apos;
Driver info: org.openqa.selenium.chrome.ChromeDriver
Command: [3aba7b60cb40ae1f0ee1a48f8459d8dc, findElement {using=xpath, value=/html[1]/body[1]/app-root[1]/app-program[1]/div[1]/mat-card[1]/mat-card-content[1]/p-table[1]/div[1]/div[2]/div[1]}]
Capabilities {acceptInsecureCerts: false, browserName: chrome, browserVersion: 124.0.6367.92, chrome: {chromedriverVersion: 124.0.6367.91 (51df0e5e17a8..., userDataDir: /var/folders/qz/43vf7hk55fz...}, fedcm:accounts: true, goog:chromeOptions: {debuggerAddress: localhost:57640}, networkConnectionEnabled: false, pageLoadStrategy: normal, platformName: mac, proxy: Proxy(), se:cdp: ws://localhost:57640/devtoo..., se:cdpVersion: 124.0.6367.92, setWindowRect: true, strictFileInteractability: false, timeouts: {implicit: 0, pageLoad: 300000, script: 30000}, unhandledPromptBehavior: dismiss and notify, webauthn:extension:credBlob: true, webauthn:extension:largeBlob: true, webauthn:extension:minPinLength: true, webauthn:extension:prf: true, webauthn:virtualAuthenticators: true}
Session ID: 3aba7b60cb40ae1f0ee1a48f8459d8dc
	at java.base/jdk.internal.reflect.DirectConstructorHandleAccessor.newInstance(DirectConstructorHandleAccessor.java:62)
	at java.base/java.lang.reflect.Constructor.newInstanceWithCaller(Constructor.java:502)
	at java.base/java.lang.reflect.Constructor.newInstance(Constructor.java:486)
	at org.openqa.selenium.remote.codec.w3c.W3CHttpResponseCodec.createException(W3CHttpResponseCodec.java:200)
	at org.openqa.selenium.remote.codec.w3c.W3CHttpResponseCodec.decode(W3CHttpResponseCodec.java:133)
	at org.openqa.selenium.remote.codec.w3c.W3CHttpResponseCodec.decode(W3CHttpResponseCodec.java:52)
	at org.openqa.selenium.remote.HttpCommandExecutor.execute(HttpCommandExecutor.java:191)
	at org.openqa.selenium.remote.service.DriverCommandExecutor.invokeExecute(DriverCommandExecutor.java:200)
	at org.openqa.selenium.remote.service.DriverCommandExecutor.execute(DriverCommandExecutor.java:175)
	at org.openqa.selenium.remote.RemoteWebDriver.execute(RemoteWebDriver.java:523)
	at org.openqa.selenium.remote.ElementLocation$ElementFinder$2.findElement(ElementLocation.java:165)
	at org.openqa.selenium.remote.ElementLocation.findElement(ElementLocation.java:59)
	at org.openqa.selenium.remote.RemoteWebDriver.findElement(RemoteWebDriver.java:360)
	at org.openqa.selenium.remote.RemoteWebDriver.findElement(RemoteWebDriver.java:354)
	at org.openqa.selenium.support.pagefactory.DefaultElementLocator.findElement(DefaultElementLocator.java:68)
	at org.openqa.selenium.support.pagefactory.internal.LocatingElementHandler.invoke(LocatingElementHandler.java:38)
	at jdk.proxy2/jdk.proxy2.$Proxy39.getText(Unknown Source)
	at com.pageObjects.ProgramPageObject.getfooterMessage(ProgramPageObject.java:94)
	at com.stepDefinitions.ManageProgram_steps.admin_should_see_the_footer_as_in_total_there_are_z_programs(ManageProgram_steps.java:64)
	at ✽.Admin should see the footer as In total there are z programs(file:///Users/perumalramamoorthy/git/Team04_LMS_WebAutomaters/src/test/resources/Features/004_ManageProgram.feature:21)

</div> <!-- stack-trace -->
                  <em>
(Runs Cucumber Scenarios)                  </em>
                </div> <!-- method-content -->
              </div> <!-- method -->
              <div class="method">
                <div class="method-content">
                  <a name="runScenario(&quot;Validate header in the Batch Page&quot;, &quot;Batch Page Validation&quot;)">
                  </a> <!-- runScenario("Validate header in the Batch Page", "Batch Page Validation") -->
                  <span class="method-name">runScenario</span>
                  <span class="parameters">("Validate header in the Batch Page", "Batch Page Validation")</span>
                  <div class="stack-trace">org.openqa.selenium.NoSuchElementException: no such element: Unable to locate element: {&quot;method&quot;:&quot;css selector&quot;,&quot;selector&quot;:&quot;#batch&quot;}
  (Session info: chrome=124.0.6367.92)
For documentation on this error, please visit: https://www.selenium.dev/documentation/webdriver/troubleshooting/errors#no-such-element-exception
Build info: version: &apos;4.16.1&apos;, revision: &apos;9b4c83354e&apos;
System info: os.name: &apos;Mac OS X&apos;, os.arch: &apos;aarch64&apos;, os.version: &apos;14.4.1&apos;, java.version: &apos;21.0.1&apos;
Driver info: org.openqa.selenium.chrome.ChromeDriver
Command: [3aba7b60cb40ae1f0ee1a48f8459d8dc, findElement {using=id, value=batch}]
Capabilities {acceptInsecureCerts: false, browserName: chrome, browserVersion: 124.0.6367.92, chrome: {chromedriverVersion: 124.0.6367.91 (51df0e5e17a8..., userDataDir: /var/folders/qz/43vf7hk55fz...}, fedcm:accounts: true, goog:chromeOptions: {debuggerAddress: localhost:57640}, networkConnectionEnabled: false, pageLoadStrategy: normal, platformName: mac, proxy: Proxy(), se:cdp: ws://localhost:57640/devtoo..., se:cdpVersion: 124.0.6367.92, setWindowRect: true, strictFileInteractability: false, timeouts: {implicit: 0, pageLoad: 300000, script: 30000}, unhandledPromptBehavior: dismiss and notify, webauthn:extension:credBlob: true, webauthn:extension:largeBlob: true, webauthn:extension:minPinLength: true, webauthn:extension:prf: true, webauthn:virtualAuthenticators: true}
Session ID: 3aba7b60cb40ae1f0ee1a48f8459d8dc
	at java.base/jdk.internal.reflect.DirectConstructorHandleAccessor.newInstance(DirectConstructorHandleAccessor.java:62)
	at java.base/java.lang.reflect.Constructor.newInstanceWithCaller(Constructor.java:502)
	at java.base/java.lang.reflect.Constructor.newInstance(Constructor.java:486)
	at org.openqa.selenium.remote.codec.w3c.W3CHttpResponseCodec.createException(W3CHttpResponseCodec.java:200)
	at org.openqa.selenium.remote.codec.w3c.W3CHttpResponseCodec.decode(W3CHttpResponseCodec.java:133)
	at org.openqa.selenium.remote.codec.w3c.W3CHttpResponseCodec.decode(W3CHttpResponseCodec.java:52)
	at org.openqa.selenium.remote.HttpCommandExecutor.execute(HttpCommandExecutor.java:191)
	at org.openqa.selenium.remote.service.DriverCommandExecutor.invokeExecute(DriverCommandExecutor.java:200)
	at org.openqa.selenium.remote.service.DriverCommandExecutor.execute(DriverCommandExecutor.java:175)
	at org.openqa.selenium.remote.RemoteWebDriver.execute(RemoteWebDriver.java:523)
	at org.openqa.selenium.remote.ElementLocation$ElementFinder$2.findElement(ElementLocation.java:165)
	at org.openqa.selenium.remote.ElementLocation.findElement(ElementLocation.java:59)
	at org.openqa.selenium.remote.RemoteWebDriver.findElement(RemoteWebDriver.java:360)
	at org.openqa.selenium.remote.RemoteWebDriver.findElement(RemoteWebDriver.java:354)
	at org.openqa.selenium.support.pagefactory.DefaultElementLocator.findElement(DefaultElementLocator.java:68)
	at org.openqa.selenium.support.pagefactory.internal.LocatingElementHandler.invoke(LocatingElementHandler.java:38)
	at jdk.proxy2/jdk.proxy2.$Proxy39.click(Unknown Source)
	at com.pageObjects.BatchPageObject.clickBatchBtn(BatchPageObject.java:40)
	at com.stepDefinitions.ManageBatch_steps.admin_clicks_batch_from_navigation_bar(ManageBatch_steps.java:25)
	at ✽.Admin clicks Batch from navigation bar(file:///Users/perumalramamoorthy/git/Team04_LMS_WebAutomaters/src/test/resources/Features/005_ManageBatch.feature:6)

</div> <!-- stack-trace -->
                  <em>
(Runs Cucumber Scenarios)                  </em>
                </div> <!-- method-content -->
              </div> <!-- method -->
              <div class="method">
                <div class="method-content">
                  <a name="runScenario(&quot;verify login button action through mouse&quot;, &quot;Homepage verification&quot;)">
                  </a> <!-- runScenario("verify login button action through mouse", "Homepage verification") -->
                  <span class="method-name">runScenario</span>
                  <span class="parameters">("verify login button action through mouse", "Homepage verification")</span>
                  <div class="stack-trace">java.io.FileNotFoundException: .\src/test/resources/TestData/LMS_data.xlsx
	at org.apache.poi.ss.usermodel.WorkbookFactory.create(WorkbookFactory.java:302)
	at org.apache.poi.ss.usermodel.WorkbookFactory.create(WorkbookFactory.java:277)
	at org.apache.poi.ss.usermodel.WorkbookFactory.create(WorkbookFactory.java:255)
	at com.Utilities.ExcelReaderListMap.getWorkBook(ExcelReaderListMap.java:42)
	at com.Utilities.ExcelReaderListMap.getSheetByName(ExcelReaderListMap.java:32)
	at com.Utilities.ExcelReaderListMap.getData(ExcelReaderListMap.java:20)
	at com.stepDefinitions.LoginPage_steps.admin_enter_valid_credentials_from_and(LoginPage_steps.java:233)
	at ✽.Admin enter valid credentials from &quot;Login&quot; and 0(file:///Users/perumalramamoorthy/git/Team04_LMS_WebAutomaters/src/test/resources/Features/002_LoginPage.feature:54)

</div> <!-- stack-trace -->
                  <em>
(Runs Cucumber Scenarios)                  </em>
                </div> <!-- method-content -->
              </div> <!-- method -->
              <div class="method">
                <div class="method-content">
                  <a name="runScenario(&quot;Validate pagination in the Batch Page&quot;, &quot;Batch Page Validation&quot;)">
                  </a> <!-- runScenario("Validate pagination in the Batch Page", "Batch Page Validation") -->
                  <span class="method-name">runScenario</span>
                  <span class="parameters">("Validate pagination in the Batch Page", "Batch Page Validation")</span>
                  <div class="stack-trace">org.openqa.selenium.NoSuchElementException: no such element: Unable to locate element: {&quot;method&quot;:&quot;css selector&quot;,&quot;selector&quot;:&quot;#batch&quot;}
  (Session info: chrome=124.0.6367.92)
For documentation on this error, please visit: https://www.selenium.dev/documentation/webdriver/troubleshooting/errors#no-such-element-exception
Build info: version: &apos;4.16.1&apos;, revision: &apos;9b4c83354e&apos;
System info: os.name: &apos;Mac OS X&apos;, os.arch: &apos;aarch64&apos;, os.version: &apos;14.4.1&apos;, java.version: &apos;21.0.1&apos;
Driver info: org.openqa.selenium.chrome.ChromeDriver
Command: [3aba7b60cb40ae1f0ee1a48f8459d8dc, findElement {using=id, value=batch}]
Capabilities {acceptInsecureCerts: false, browserName: chrome, browserVersion: 124.0.6367.92, chrome: {chromedriverVersion: 124.0.6367.91 (51df0e5e17a8..., userDataDir: /var/folders/qz/43vf7hk55fz...}, fedcm:accounts: true, goog:chromeOptions: {debuggerAddress: localhost:57640}, networkConnectionEnabled: false, pageLoadStrategy: normal, platformName: mac, proxy: Proxy(), se:cdp: ws://localhost:57640/devtoo..., se:cdpVersion: 124.0.6367.92, setWindowRect: true, strictFileInteractability: false, timeouts: {implicit: 0, pageLoad: 300000, script: 30000}, unhandledPromptBehavior: dismiss and notify, webauthn:extension:credBlob: true, webauthn:extension:largeBlob: true, webauthn:extension:minPinLength: true, webauthn:extension:prf: true, webauthn:virtualAuthenticators: true}
Session ID: 3aba7b60cb40ae1f0ee1a48f8459d8dc
	at java.base/jdk.internal.reflect.DirectConstructorHandleAccessor.newInstance(DirectConstructorHandleAccessor.java:62)
	at java.base/java.lang.reflect.Constructor.newInstanceWithCaller(Constructor.java:502)
	at java.base/java.lang.reflect.Constructor.newInstance(Constructor.java:486)
	at org.openqa.selenium.remote.codec.w3c.W3CHttpResponseCodec.createException(W3CHttpResponseCodec.java:200)
	at org.openqa.selenium.remote.codec.w3c.W3CHttpResponseCodec.decode(W3CHttpResponseCodec.java:133)
	at org.openqa.selenium.remote.codec.w3c.W3CHttpResponseCodec.decode(W3CHttpResponseCodec.java:52)
	at org.openqa.selenium.remote.HttpCommandExecutor.execute(HttpCommandExecutor.java:191)
	at org.openqa.selenium.remote.service.DriverCommandExecutor.invokeExecute(DriverCommandExecutor.java:200)
	at org.openqa.selenium.remote.service.DriverCommandExecutor.execute(DriverCommandExecutor.java:175)
	at org.openqa.selenium.remote.RemoteWebDriver.execute(RemoteWebDriver.java:523)
	at org.openqa.selenium.remote.ElementLocation$ElementFinder$2.findElement(ElementLocation.java:165)
	at org.openqa.selenium.remote.ElementLocation.findElement(ElementLocation.java:59)
	at org.openqa.selenium.remote.RemoteWebDriver.findElement(RemoteWebDriver.java:360)
	at org.openqa.selenium.remote.RemoteWebDriver.findElement(RemoteWebDriver.java:354)
	at org.openqa.selenium.support.pagefactory.DefaultElementLocator.findElement(DefaultElementLocator.java:68)
	at org.openqa.selenium.support.pagefactory.internal.LocatingElementHandler.invoke(LocatingElementHandler.java:38)
	at jdk.proxy2/jdk.proxy2.$Proxy39.click(Unknown Source)
	at com.pageObjects.BatchPageObject.clickBatchBtn(BatchPageObject.java:40)
	at com.stepDefinitions.ManageBatch_steps.admin_clicks_batch_from_navigation_bar(ManageBatch_steps.java:25)
	at ✽.Admin clicks Batch from navigation bar(file:///Users/perumalramamoorthy/git/Team04_LMS_WebAutomaters/src/test/resources/Features/005_ManageBatch.feature:6)

</div> <!-- stack-trace -->
                  <em>
(Runs Cucumber Scenarios)                  </em>
                </div> <!-- method-content -->
              </div> <!-- method -->
              <div class="method">
                <div class="method-content">
                  <a name="runScenario(&quot;Validate login with null username&quot;, &quot;Homepage verification&quot;)">
                  </a> <!-- runScenario("Validate login with null username", "Homepage verification") -->
                  <span class="method-name">runScenario</span>
                  <span class="parameters">("Validate login with null username", "Homepage verification")</span>
                  <div class="stack-trace">java.io.FileNotFoundException: .\src/test/resources/TestData/LMS_data.xlsx
	at org.apache.poi.ss.usermodel.WorkbookFactory.create(WorkbookFactory.java:302)
	at org.apache.poi.ss.usermodel.WorkbookFactory.create(WorkbookFactory.java:277)
	at org.apache.poi.ss.usermodel.WorkbookFactory.create(WorkbookFactory.java:255)
	at com.Utilities.ExcelReaderListMap.getWorkBook(ExcelReaderListMap.java:42)
	at com.Utilities.ExcelReaderListMap.getSheetByName(ExcelReaderListMap.java:32)
	at com.Utilities.ExcelReaderListMap.getData(ExcelReaderListMap.java:20)
	at com.stepDefinitions.LoginPage_steps.admin_enter_value_only_in_password_using_and(LoginPage_steps.java:282)
	at ✽.Admin enter value only in password using &quot;Login&quot; and 2(file:///Users/perumalramamoorthy/git/Team04_LMS_WebAutomaters/src/test/resources/Features/002_LoginPage.feature:21)

</div> <!-- stack-trace -->
                  <em>
(Runs Cucumber Scenarios)                  </em>
                </div> <!-- method-content -->
              </div> <!-- method -->
              <div class="method">
                <div class="method-content">
                  <a name="runScenario(&quot;Verify Search bar on the Program page&quot;, &quot;Program Validation&quot;)">
                  </a> <!-- runScenario("Verify Search bar on the Program page", "Program Validation") -->
                  <span class="method-name">runScenario</span>
                  <span class="parameters">("Verify Search bar on the Program page", "Program Validation")</span>
                  <div class="stack-trace">org.openqa.selenium.NoSuchElementException: no such element: Unable to locate element: {&quot;method&quot;:&quot;css selector&quot;,&quot;selector&quot;:&quot;#filterGlobal&quot;}
  (Session info: chrome=124.0.6367.92)
For documentation on this error, please visit: https://www.selenium.dev/documentation/webdriver/troubleshooting/errors#no-such-element-exception
Build info: version: &apos;4.16.1&apos;, revision: &apos;9b4c83354e&apos;
System info: os.name: &apos;Mac OS X&apos;, os.arch: &apos;aarch64&apos;, os.version: &apos;14.4.1&apos;, java.version: &apos;21.0.1&apos;
Driver info: org.openqa.selenium.chrome.ChromeDriver
Command: [3aba7b60cb40ae1f0ee1a48f8459d8dc, findElement {using=id, value=filterGlobal}]
Capabilities {acceptInsecureCerts: false, browserName: chrome, browserVersion: 124.0.6367.92, chrome: {chromedriverVersion: 124.0.6367.91 (51df0e5e17a8..., userDataDir: /var/folders/qz/43vf7hk55fz...}, fedcm:accounts: true, goog:chromeOptions: {debuggerAddress: localhost:57640}, networkConnectionEnabled: false, pageLoadStrategy: normal, platformName: mac, proxy: Proxy(), se:cdp: ws://localhost:57640/devtoo..., se:cdpVersion: 124.0.6367.92, setWindowRect: true, strictFileInteractability: false, timeouts: {implicit: 0, pageLoad: 300000, script: 30000}, unhandledPromptBehavior: dismiss and notify, webauthn:extension:credBlob: true, webauthn:extension:largeBlob: true, webauthn:extension:minPinLength: true, webauthn:extension:prf: true, webauthn:virtualAuthenticators: true}
Session ID: 3aba7b60cb40ae1f0ee1a48f8459d8dc
	at java.base/jdk.internal.reflect.DirectConstructorHandleAccessor.newInstance(DirectConstructorHandleAccessor.java:62)
	at java.base/java.lang.reflect.Constructor.newInstanceWithCaller(Constructor.java:502)
	at java.base/java.lang.reflect.Constructor.newInstance(Constructor.java:486)
	at org.openqa.selenium.remote.codec.w3c.W3CHttpResponseCodec.createException(W3CHttpResponseCodec.java:200)
	at org.openqa.selenium.remote.codec.w3c.W3CHttpResponseCodec.decode(W3CHttpResponseCodec.java:133)
	at org.openqa.selenium.remote.codec.w3c.W3CHttpResponseCodec.decode(W3CHttpResponseCodec.java:52)
	at org.openqa.selenium.remote.HttpCommandExecutor.execute(HttpCommandExecutor.java:191)
	at org.openqa.selenium.remote.service.DriverCommandExecutor.invokeExecute(DriverCommandExecutor.java:200)
	at org.openqa.selenium.remote.service.DriverCommandExecutor.execute(DriverCommandExecutor.java:175)
	at org.openqa.selenium.remote.RemoteWebDriver.execute(RemoteWebDriver.java:523)
	at org.openqa.selenium.remote.ElementLocation$ElementFinder$2.findElement(ElementLocation.java:165)
	at org.openqa.selenium.remote.ElementLocation.findElement(ElementLocation.java:59)
	at org.openqa.selenium.remote.RemoteWebDriver.findElement(RemoteWebDriver.java:360)
	at org.openqa.selenium.remote.RemoteWebDriver.findElement(RemoteWebDriver.java:354)
	at org.openqa.selenium.support.pagefactory.DefaultElementLocator.findElement(DefaultElementLocator.java:68)
	at org.openqa.selenium.support.pagefactory.internal.LocatingElementHandler.invoke(LocatingElementHandler.java:38)
	at jdk.proxy2/jdk.proxy2.$Proxy39.isDisplayed(Unknown Source)
	at com.pageObjects.ProgramPageObject.searchBoxValidation(ProgramPageObject.java:126)
	at com.stepDefinitions.ManageProgram_steps.admin_should_see_search_bar_with_text_as(ManageProgram_steps.java:80)
	at ✽.Admin should see Search bar with text as &quot;Search...&quot;(file:///Users/perumalramamoorthy/git/Team04_LMS_WebAutomaters/src/test/resources/Features/004_ManageProgram.feature:29)

</div> <!-- stack-trace -->
                  <em>
(Runs Cucumber Scenarios)                  </em>
                </div> <!-- method-content -->
              </div> <!-- method -->
              <div class="method">
                <div class="method-content">
                  <a name="runScenario(&quot;Verify text field is present&quot;, &quot;Homepage verification&quot;)">
                  </a> <!-- runScenario("Verify text field is present", "Homepage verification") -->
                  <span class="method-name">runScenario</span>
                  <span class="parameters">("Verify text field is present", "Homepage verification")</span>
                  <div class="stack-trace">java.lang.NoSuchMethodError: &apos;void org.testng.Assert.assertEquals(java.lang.Integer, int)&apos;
	at com.stepDefinitions.LoginPage_steps.admin_should_see_text_fields(LoginPage_steps.java:136)
	at ✽.Admin should see &lt;2&gt; text fields(file:///Users/perumalramamoorthy/git/Team04_LMS_WebAutomaters/src/test/resources/Features/001_LMSPortal.feature:62)

</div> <!-- stack-trace -->
                  <em>
(Runs Cucumber Scenarios)                  </em>
                </div> <!-- method-content -->
              </div> <!-- method -->
              <div class="method">
                <div class="method-content">
                  <a name="runScenario(&quot;Validate data rows&quot;, &quot;Batch Page Validation&quot;)">
                  </a> <!-- runScenario("Validate data rows", "Batch Page Validation") -->
                  <span class="method-name">runScenario</span>
                  <span class="parameters">("Validate data rows", "Batch Page Validation")</span>
                  <div class="stack-trace">org.openqa.selenium.NoSuchElementException: no such element: Unable to locate element: {&quot;method&quot;:&quot;css selector&quot;,&quot;selector&quot;:&quot;#batch&quot;}
  (Session info: chrome=124.0.6367.92)
For documentation on this error, please visit: https://www.selenium.dev/documentation/webdriver/troubleshooting/errors#no-such-element-exception
Build info: version: &apos;4.16.1&apos;, revision: &apos;9b4c83354e&apos;
System info: os.name: &apos;Mac OS X&apos;, os.arch: &apos;aarch64&apos;, os.version: &apos;14.4.1&apos;, java.version: &apos;21.0.1&apos;
Driver info: org.openqa.selenium.chrome.ChromeDriver
Command: [3aba7b60cb40ae1f0ee1a48f8459d8dc, findElement {using=id, value=batch}]
Capabilities {acceptInsecureCerts: false, browserName: chrome, browserVersion: 124.0.6367.92, chrome: {chromedriverVersion: 124.0.6367.91 (51df0e5e17a8..., userDataDir: /var/folders/qz/43vf7hk55fz...}, fedcm:accounts: true, goog:chromeOptions: {debuggerAddress: localhost:57640}, networkConnectionEnabled: false, pageLoadStrategy: normal, platformName: mac, proxy: Proxy(), se:cdp: ws://localhost:57640/devtoo..., se:cdpVersion: 124.0.6367.92, setWindowRect: true, strictFileInteractability: false, timeouts: {implicit: 0, pageLoad: 300000, script: 30000}, unhandledPromptBehavior: dismiss and notify, webauthn:extension:credBlob: true, webauthn:extension:largeBlob: true, webauthn:extension:minPinLength: true, webauthn:extension:prf: true, webauthn:virtualAuthenticators: true}
Session ID: 3aba7b60cb40ae1f0ee1a48f8459d8dc
	at java.base/jdk.internal.reflect.DirectConstructorHandleAccessor.newInstance(DirectConstructorHandleAccessor.java:62)
	at java.base/java.lang.reflect.Constructor.newInstanceWithCaller(Constructor.java:502)
	at java.base/java.lang.reflect.Constructor.newInstance(Constructor.java:486)
	at org.openqa.selenium.remote.codec.w3c.W3CHttpResponseCodec.createException(W3CHttpResponseCodec.java:200)
	at org.openqa.selenium.remote.codec.w3c.W3CHttpResponseCodec.decode(W3CHttpResponseCodec.java:133)
	at org.openqa.selenium.remote.codec.w3c.W3CHttpResponseCodec.decode(W3CHttpResponseCodec.java:52)
	at org.openqa.selenium.remote.HttpCommandExecutor.execute(HttpCommandExecutor.java:191)
	at org.openqa.selenium.remote.service.DriverCommandExecutor.invokeExecute(DriverCommandExecutor.java:200)
	at org.openqa.selenium.remote.service.DriverCommandExecutor.execute(DriverCommandExecutor.java:175)
	at org.openqa.selenium.remote.RemoteWebDriver.execute(RemoteWebDriver.java:523)
	at org.openqa.selenium.remote.ElementLocation$ElementFinder$2.findElement(ElementLocation.java:165)
	at org.openqa.selenium.remote.ElementLocation.findElement(ElementLocation.java:59)
	at org.openqa.selenium.remote.RemoteWebDriver.findElement(RemoteWebDriver.java:360)
	at org.openqa.selenium.remote.RemoteWebDriver.findElement(RemoteWebDriver.java:354)
	at org.openqa.selenium.support.pagefactory.DefaultElementLocator.findElement(DefaultElementLocator.java:68)
	at org.openqa.selenium.support.pagefactory.internal.LocatingElementHandler.invoke(LocatingElementHandler.java:38)
	at jdk.proxy2/jdk.proxy2.$Proxy39.click(Unknown Source)
	at com.pageObjects.BatchPageObject.clickBatchBtn(BatchPageObject.java:40)
	at com.stepDefinitions.ManageBatch_steps.admin_clicks_batch_from_navigation_bar(ManageBatch_steps.java:25)
	at ✽.Admin clicks Batch from navigation bar(file:///Users/perumalramamoorthy/git/Team04_LMS_WebAutomaters/src/test/resources/Features/005_ManageBatch.feature:6)

</div> <!-- stack-trace -->
                  <em>
(Runs Cucumber Scenarios)                  </em>
                </div> <!-- method-content -->
              </div> <!-- method -->
              <div class="method">
                <div class="method-content">
                  <a name="runScenario(&quot;Validate login with valid Credentials&quot;, &quot;Homepage verification&quot;)">
                  </a> <!-- runScenario("Validate login with valid Credentials", "Homepage verification") -->
                  <span class="method-name">runScenario</span>
                  <span class="parameters">("Validate login with valid Credentials", "Homepage verification")</span>
                  <div class="stack-trace">java.io.FileNotFoundException: .\src/test/resources/TestData/LMS_data.xlsx
	at org.apache.poi.ss.usermodel.WorkbookFactory.create(WorkbookFactory.java:302)
	at org.apache.poi.ss.usermodel.WorkbookFactory.create(WorkbookFactory.java:277)
	at org.apache.poi.ss.usermodel.WorkbookFactory.create(WorkbookFactory.java:255)
	at com.Utilities.ExcelReaderListMap.getWorkBook(ExcelReaderListMap.java:42)
	at com.Utilities.ExcelReaderListMap.getSheetByName(ExcelReaderListMap.java:32)
	at com.Utilities.ExcelReaderListMap.getData(ExcelReaderListMap.java:20)
	at com.stepDefinitions.LoginPage_steps.admin_enter_valid_credentials_from_and(LoginPage_steps.java:233)
	at ✽.Admin enter valid credentials from &quot;Login&quot; and 0(file:///Users/perumalramamoorthy/git/Team04_LMS_WebAutomaters/src/test/resources/Features/002_LoginPage.feature:43)

</div> <!-- stack-trace -->
                  <em>
(Runs Cucumber Scenarios)                  </em>
                </div> <!-- method-content -->
              </div> <!-- method -->
              <div class="method">
                <div class="method-content">
                  <a name="runScenario(&quot;Validate + A New batch in Batch Page&quot;, &quot;Batch Page Validation&quot;)">
                  </a> <!-- runScenario("Validate + A New batch in Batch Page", "Batch Page Validation") -->
                  <span class="method-name">runScenario</span>
                  <span class="parameters">("Validate + A New batch in Batch Page", "Batch Page Validation")</span>
                  <div class="stack-trace">org.openqa.selenium.NoSuchElementException: no such element: Unable to locate element: {&quot;method&quot;:&quot;css selector&quot;,&quot;selector&quot;:&quot;#batch&quot;}
  (Session info: chrome=124.0.6367.92)
For documentation on this error, please visit: https://www.selenium.dev/documentation/webdriver/troubleshooting/errors#no-such-element-exception
Build info: version: &apos;4.16.1&apos;, revision: &apos;9b4c83354e&apos;
System info: os.name: &apos;Mac OS X&apos;, os.arch: &apos;aarch64&apos;, os.version: &apos;14.4.1&apos;, java.version: &apos;21.0.1&apos;
Driver info: org.openqa.selenium.chrome.ChromeDriver
Command: [3aba7b60cb40ae1f0ee1a48f8459d8dc, findElement {using=id, value=batch}]
Capabilities {acceptInsecureCerts: false, browserName: chrome, browserVersion: 124.0.6367.92, chrome: {chromedriverVersion: 124.0.6367.91 (51df0e5e17a8..., userDataDir: /var/folders/qz/43vf7hk55fz...}, fedcm:accounts: true, goog:chromeOptions: {debuggerAddress: localhost:57640}, networkConnectionEnabled: false, pageLoadStrategy: normal, platformName: mac, proxy: Proxy(), se:cdp: ws://localhost:57640/devtoo..., se:cdpVersion: 124.0.6367.92, setWindowRect: true, strictFileInteractability: false, timeouts: {implicit: 0, pageLoad: 300000, script: 30000}, unhandledPromptBehavior: dismiss and notify, webauthn:extension:credBlob: true, webauthn:extension:largeBlob: true, webauthn:extension:minPinLength: true, webauthn:extension:prf: true, webauthn:virtualAuthenticators: true}
Session ID: 3aba7b60cb40ae1f0ee1a48f8459d8dc
	at java.base/jdk.internal.reflect.DirectConstructorHandleAccessor.newInstance(DirectConstructorHandleAccessor.java:62)
	at java.base/java.lang.reflect.Constructor.newInstanceWithCaller(Constructor.java:502)
	at java.base/java.lang.reflect.Constructor.newInstance(Constructor.java:486)
	at org.openqa.selenium.remote.codec.w3c.W3CHttpResponseCodec.createException(W3CHttpResponseCodec.java:200)
	at org.openqa.selenium.remote.codec.w3c.W3CHttpResponseCodec.decode(W3CHttpResponseCodec.java:133)
	at org.openqa.selenium.remote.codec.w3c.W3CHttpResponseCodec.decode(W3CHttpResponseCodec.java:52)
	at org.openqa.selenium.remote.HttpCommandExecutor.execute(HttpCommandExecutor.java:191)
	at org.openqa.selenium.remote.service.DriverCommandExecutor.invokeExecute(DriverCommandExecutor.java:200)
	at org.openqa.selenium.remote.service.DriverCommandExecutor.execute(DriverCommandExecutor.java:175)
	at org.openqa.selenium.remote.RemoteWebDriver.execute(RemoteWebDriver.java:523)
	at org.openqa.selenium.remote.ElementLocation$ElementFinder$2.findElement(ElementLocation.java:165)
	at org.openqa.selenium.remote.ElementLocation.findElement(ElementLocation.java:59)
	at org.openqa.selenium.remote.RemoteWebDriver.findElement(RemoteWebDriver.java:360)
	at org.openqa.selenium.remote.RemoteWebDriver.findElement(RemoteWebDriver.java:354)
	at org.openqa.selenium.support.pagefactory.DefaultElementLocator.findElement(DefaultElementLocator.java:68)
	at org.openqa.selenium.support.pagefactory.internal.LocatingElementHandler.invoke(LocatingElementHandler.java:38)
	at jdk.proxy2/jdk.proxy2.$Proxy39.click(Unknown Source)
	at com.pageObjects.BatchPageObject.clickBatchBtn(BatchPageObject.java:40)
	at com.stepDefinitions.ManageBatch_steps.admin_clicks_batch_from_navigation_bar(ManageBatch_steps.java:25)
	at ✽.Admin clicks Batch from navigation bar(file:///Users/perumalramamoorthy/git/Team04_LMS_WebAutomaters/src/test/resources/Features/005_ManageBatch.feature:6)

</div> <!-- stack-trace -->
                  <em>
(Runs Cucumber Scenarios)                  </em>
                </div> <!-- method-content -->
              </div> <!-- method -->
              <div class="method">
                <div class="method-content">
                  <a name="runScenario(&quot;Validate the heading&quot;, &quot;Program Validation&quot;)">
                  </a> <!-- runScenario("Validate the heading", "Program Validation") -->
                  <span class="method-name">runScenario</span>
                  <span class="parameters">("Validate the heading", "Program Validation")</span>
                  <div class="stack-trace">org.openqa.selenium.NoSuchElementException: no such element: Unable to locate element: {&quot;method&quot;:&quot;xpath&quot;,&quot;selector&quot;:&quot;//div[normalize-space()=&apos;Manage Program&apos;]&quot;}
  (Session info: chrome=124.0.6367.92)
For documentation on this error, please visit: https://www.selenium.dev/documentation/webdriver/troubleshooting/errors#no-such-element-exception
Build info: version: &apos;4.16.1&apos;, revision: &apos;9b4c83354e&apos;
System info: os.name: &apos;Mac OS X&apos;, os.arch: &apos;aarch64&apos;, os.version: &apos;14.4.1&apos;, java.version: &apos;21.0.1&apos;
Driver info: org.openqa.selenium.chrome.ChromeDriver
Command: [3aba7b60cb40ae1f0ee1a48f8459d8dc, findElement {using=xpath, value=//div[normalize-space()=&apos;Manage Program&apos;]}]
Capabilities {acceptInsecureCerts: false, browserName: chrome, browserVersion: 124.0.6367.92, chrome: {chromedriverVersion: 124.0.6367.91 (51df0e5e17a8..., userDataDir: /var/folders/qz/43vf7hk55fz...}, fedcm:accounts: true, goog:chromeOptions: {debuggerAddress: localhost:57640}, networkConnectionEnabled: false, pageLoadStrategy: normal, platformName: mac, proxy: Proxy(), se:cdp: ws://localhost:57640/devtoo..., se:cdpVersion: 124.0.6367.92, setWindowRect: true, strictFileInteractability: false, timeouts: {implicit: 0, pageLoad: 300000, script: 30000}, unhandledPromptBehavior: dismiss and notify, webauthn:extension:credBlob: true, webauthn:extension:largeBlob: true, webauthn:extension:minPinLength: true, webauthn:extension:prf: true, webauthn:virtualAuthenticators: true}
Session ID: 3aba7b60cb40ae1f0ee1a48f8459d8dc
	at java.base/jdk.internal.reflect.DirectConstructorHandleAccessor.newInstance(DirectConstructorHandleAccessor.java:62)
	at java.base/java.lang.reflect.Constructor.newInstanceWithCaller(Constructor.java:502)
	at java.base/java.lang.reflect.Constructor.newInstance(Constructor.java:486)
	at org.openqa.selenium.remote.codec.w3c.W3CHttpResponseCodec.createException(W3CHttpResponseCodec.java:200)
	at org.openqa.selenium.remote.codec.w3c.W3CHttpResponseCodec.decode(W3CHttpResponseCodec.java:133)
	at org.openqa.selenium.remote.codec.w3c.W3CHttpResponseCodec.decode(W3CHttpResponseCodec.java:52)
	at org.openqa.selenium.remote.HttpCommandExecutor.execute(HttpCommandExecutor.java:191)
	at org.openqa.selenium.remote.service.DriverCommandExecutor.invokeExecute(DriverCommandExecutor.java:200)
	at org.openqa.selenium.remote.service.DriverCommandExecutor.execute(DriverCommandExecutor.java:175)
	at org.openqa.selenium.remote.RemoteWebDriver.execute(RemoteWebDriver.java:523)
	at org.openqa.selenium.remote.ElementLocation$ElementFinder$2.findElement(ElementLocation.java:165)
	at org.openqa.selenium.remote.ElementLocation.findElement(ElementLocation.java:59)
	at org.openqa.selenium.remote.RemoteWebDriver.findElement(RemoteWebDriver.java:360)
	at org.openqa.selenium.remote.RemoteWebDriver.findElement(RemoteWebDriver.java:354)
	at org.openqa.selenium.support.pagefactory.DefaultElementLocator.findElement(DefaultElementLocator.java:68)
	at org.openqa.selenium.support.pagefactory.internal.LocatingElementHandler.invoke(LocatingElementHandler.java:38)
	at jdk.proxy2/jdk.proxy2.$Proxy39.getText(Unknown Source)
	at com.pageObjects.ProgramPageObject.manageProgramIsDisplayed(ProgramPageObject.java:118)
	at com.stepDefinitions.ManageProgram_steps.admin_should_see_a_heading_with_text_on_the_page(ManageProgram_steps.java:51)
	at ✽.Admin should see a heading with text &quot;Manage Program&quot; on the page(file:///Users/perumalramamoorthy/git/Team04_LMS_WebAutomaters/src/test/resources/Features/004_ManageProgram.feature:13)

</div> <!-- stack-trace -->
                  <em>
(Runs Cucumber Scenarios)                  </em>
                </div> <!-- method-content -->
              </div> <!-- method -->
              <div class="method">
                <div class="method-content">
                  <a name="runScenario(&quot;Validate pop up for adding batch&quot;, &quot;Batch Page Validation&quot;)">
                  </a> <!-- runScenario("Validate pop up for adding batch", "Batch Page Validation") -->
                  <span class="method-name">runScenario</span>
                  <span class="parameters">("Validate pop up for adding batch", "Batch Page Validation")</span>
                  <div class="stack-trace">org.openqa.selenium.NoSuchElementException: no such element: Unable to locate element: {&quot;method&quot;:&quot;css selector&quot;,&quot;selector&quot;:&quot;#batch&quot;}
  (Session info: chrome=124.0.6367.92)
For documentation on this error, please visit: https://www.selenium.dev/documentation/webdriver/troubleshooting/errors#no-such-element-exception
Build info: version: &apos;4.16.1&apos;, revision: &apos;9b4c83354e&apos;
System info: os.name: &apos;Mac OS X&apos;, os.arch: &apos;aarch64&apos;, os.version: &apos;14.4.1&apos;, java.version: &apos;21.0.1&apos;
Driver info: org.openqa.selenium.chrome.ChromeDriver
Command: [3aba7b60cb40ae1f0ee1a48f8459d8dc, findElement {using=id, value=batch}]
Capabilities {acceptInsecureCerts: false, browserName: chrome, browserVersion: 124.0.6367.92, chrome: {chromedriverVersion: 124.0.6367.91 (51df0e5e17a8..., userDataDir: /var/folders/qz/43vf7hk55fz...}, fedcm:accounts: true, goog:chromeOptions: {debuggerAddress: localhost:57640}, networkConnectionEnabled: false, pageLoadStrategy: normal, platformName: mac, proxy: Proxy(), se:cdp: ws://localhost:57640/devtoo..., se:cdpVersion: 124.0.6367.92, setWindowRect: true, strictFileInteractability: false, timeouts: {implicit: 0, pageLoad: 300000, script: 30000}, unhandledPromptBehavior: dismiss and notify, webauthn:extension:credBlob: true, webauthn:extension:largeBlob: true, webauthn:extension:minPinLength: true, webauthn:extension:prf: true, webauthn:virtualAuthenticators: true}
Session ID: 3aba7b60cb40ae1f0ee1a48f8459d8dc
	at java.base/jdk.internal.reflect.DirectConstructorHandleAccessor.newInstance(DirectConstructorHandleAccessor.java:62)
	at java.base/java.lang.reflect.Constructor.newInstanceWithCaller(Constructor.java:502)
	at java.base/java.lang.reflect.Constructor.newInstance(Constructor.java:486)
	at org.openqa.selenium.remote.codec.w3c.W3CHttpResponseCodec.createException(W3CHttpResponseCodec.java:200)
	at org.openqa.selenium.remote.codec.w3c.W3CHttpResponseCodec.decode(W3CHttpResponseCodec.java:133)
	at org.openqa.selenium.remote.codec.w3c.W3CHttpResponseCodec.decode(W3CHttpResponseCodec.java:52)
	at org.openqa.selenium.remote.HttpCommandExecutor.execute(HttpCommandExecutor.java:191)
	at org.openqa.selenium.remote.service.DriverCommandExecutor.invokeExecute(DriverCommandExecutor.java:200)
	at org.openqa.selenium.remote.service.DriverCommandExecutor.execute(DriverCommandExecutor.java:175)
	at org.openqa.selenium.remote.RemoteWebDriver.execute(RemoteWebDriver.java:523)
	at org.openqa.selenium.remote.ElementLocation$ElementFinder$2.findElement(ElementLocation.java:165)
	at org.openqa.selenium.remote.ElementLocation.findElement(ElementLocation.java:59)
	at org.openqa.selenium.remote.RemoteWebDriver.findElement(RemoteWebDriver.java:360)
	at org.openqa.selenium.remote.RemoteWebDriver.findElement(RemoteWebDriver.java:354)
	at org.openqa.selenium.support.pagefactory.DefaultElementLocator.findElement(DefaultElementLocator.java:68)
	at org.openqa.selenium.support.pagefactory.internal.LocatingElementHandler.invoke(LocatingElementHandler.java:38)
	at jdk.proxy2/jdk.proxy2.$Proxy39.click(Unknown Source)
	at com.pageObjects.BatchPageObject.clickBatchBtn(BatchPageObject.java:40)
	at com.stepDefinitions.ManageBatch_steps.admin_clicks_batch_from_navigation_bar(ManageBatch_steps.java:25)
	at ✽.Admin clicks Batch from navigation bar(file:///Users/perumalramamoorthy/git/Team04_LMS_WebAutomaters/src/test/resources/Features/005_ManageBatch.feature:6)

</div> <!-- stack-trace -->
                  <em>
(Runs Cucumber Scenarios)                  </em>
                </div> <!-- method-content -->
              </div> <!-- method -->
              <div class="method">
                <div class="method-content">
                  <a name="runScenario(&quot;verify login button action through Keyboard&quot;, &quot;Homepage verification&quot;)">
                  </a> <!-- runScenario("verify login button action through Keyboard", "Homepage verification") -->
                  <span class="method-name">runScenario</span>
                  <span class="parameters">("verify login button action through Keyboard", "Homepage verification")</span>
                  <div class="stack-trace">java.io.FileNotFoundException: .\src/test/resources/TestData/LMS_data.xlsx
	at org.apache.poi.ss.usermodel.WorkbookFactory.create(WorkbookFactory.java:302)
	at org.apache.poi.ss.usermodel.WorkbookFactory.create(WorkbookFactory.java:277)
	at org.apache.poi.ss.usermodel.WorkbookFactory.create(WorkbookFactory.java:255)
	at com.Utilities.ExcelReaderListMap.getWorkBook(ExcelReaderListMap.java:42)
	at com.Utilities.ExcelReaderListMap.getSheetByName(ExcelReaderListMap.java:32)
	at com.Utilities.ExcelReaderListMap.getData(ExcelReaderListMap.java:20)
	at com.stepDefinitions.LoginPage_steps.admin_enter_valid_credentials_from_and(LoginPage_steps.java:233)
	at ✽.Admin enter valid credentials from &quot;Login&quot; and 0(file:///Users/perumalramamoorthy/git/Team04_LMS_WebAutomaters/src/test/resources/Features/002_LoginPage.feature:65)

</div> <!-- stack-trace -->
                  <em>
(Runs Cucumber Scenarios)                  </em>
                </div> <!-- method-content -->
              </div> <!-- method -->
              <div class="method">
                <div class="method-content">
                  <a name="runScenario(&quot;Validate LMS title has correct spelling ang space&quot;, &quot;Dashboard Page&quot;)">
                  </a> <!-- runScenario("Validate LMS title has correct spelling ang space", "Dashboard Page") -->
                  <span class="method-name">runScenario</span>
                  <span class="parameters">("Validate LMS title has correct spelling ang space", "Dashboard Page")</span>
                  <div class="stack-trace">org.openqa.selenium.NoSuchElementException: no such element: Unable to locate element: {&quot;method&quot;:&quot;xpath&quot;,&quot;selector&quot;:&quot;//mat-toolbar/span[1]&quot;}
  (Session info: chrome=124.0.6367.92)
For documentation on this error, please visit: https://www.selenium.dev/documentation/webdriver/troubleshooting/errors#no-such-element-exception
Build info: version: &apos;4.16.1&apos;, revision: &apos;9b4c83354e&apos;
System info: os.name: &apos;Mac OS X&apos;, os.arch: &apos;aarch64&apos;, os.version: &apos;14.4.1&apos;, java.version: &apos;21.0.1&apos;
Driver info: org.openqa.selenium.chrome.ChromeDriver
Command: [3aba7b60cb40ae1f0ee1a48f8459d8dc, findElement {using=xpath, value=//mat-toolbar/span[1]}]
Capabilities {acceptInsecureCerts: false, browserName: chrome, browserVersion: 124.0.6367.92, chrome: {chromedriverVersion: 124.0.6367.91 (51df0e5e17a8..., userDataDir: /var/folders/qz/43vf7hk55fz...}, fedcm:accounts: true, goog:chromeOptions: {debuggerAddress: localhost:57640}, networkConnectionEnabled: false, pageLoadStrategy: normal, platformName: mac, proxy: Proxy(), se:cdp: ws://localhost:57640/devtoo..., se:cdpVersion: 124.0.6367.92, setWindowRect: true, strictFileInteractability: false, timeouts: {implicit: 0, pageLoad: 300000, script: 30000}, unhandledPromptBehavior: dismiss and notify, webauthn:extension:credBlob: true, webauthn:extension:largeBlob: true, webauthn:extension:minPinLength: true, webauthn:extension:prf: true, webauthn:virtualAuthenticators: true}
Session ID: 3aba7b60cb40ae1f0ee1a48f8459d8dc
	at java.base/jdk.internal.reflect.DirectConstructorHandleAccessor.newInstance(DirectConstructorHandleAccessor.java:62)
	at java.base/java.lang.reflect.Constructor.newInstanceWithCaller(Constructor.java:502)
	at java.base/java.lang.reflect.Constructor.newInstance(Constructor.java:486)
	at org.openqa.selenium.remote.codec.w3c.W3CHttpResponseCodec.createException(W3CHttpResponseCodec.java:200)
	at org.openqa.selenium.remote.codec.w3c.W3CHttpResponseCodec.decode(W3CHttpResponseCodec.java:133)
	at org.openqa.selenium.remote.codec.w3c.W3CHttpResponseCodec.decode(W3CHttpResponseCodec.java:52)
	at org.openqa.selenium.remote.HttpCommandExecutor.execute(HttpCommandExecutor.java:191)
	at org.openqa.selenium.remote.service.DriverCommandExecutor.invokeExecute(DriverCommandExecutor.java:200)
	at org.openqa.selenium.remote.service.DriverCommandExecutor.execute(DriverCommandExecutor.java:175)
	at org.openqa.selenium.remote.RemoteWebDriver.execute(RemoteWebDriver.java:523)
	at org.openqa.selenium.remote.ElementLocation$ElementFinder$2.findElement(ElementLocation.java:165)
	at org.openqa.selenium.remote.ElementLocation.findElement(ElementLocation.java:59)
	at org.openqa.selenium.remote.RemoteWebDriver.findElement(RemoteWebDriver.java:360)
	at org.openqa.selenium.remote.RemoteWebDriver.findElement(RemoteWebDriver.java:354)
	at org.openqa.selenium.support.pagefactory.DefaultElementLocator.findElement(DefaultElementLocator.java:68)
	at org.openqa.selenium.support.pagefactory.internal.LocatingElementHandler.invoke(LocatingElementHandler.java:38)
	at jdk.proxy2/jdk.proxy2.$Proxy39.getText(Unknown Source)
	at com.pageObjects.DashboardPageObject.spellCheckForLMStitle(DashboardPageObject.java:152)
	at com.stepDefinitions.DashboardPage_steps.admin_should_see_correct_spelling_and_space_in_lms_title(DashboardPage_steps.java:71)
	at ✽.Admin should see correct spelling and space in LMS title(file:///Users/perumalramamoorthy/git/Team04_LMS_WebAutomaters/src/test/resources/Features/003_DashboardPage.feature:28)

</div> <!-- stack-trace -->
                  <em>
(Runs Cucumber Scenarios)                  </em>
                </div> <!-- method-content -->
              </div> <!-- method -->
              <div class="method">
                <div class="method-content">
                  <a name="runScenario(&quot;Validate data rows&quot;, &quot;Batch Page Validation&quot;)">
                  </a> <!-- runScenario("Validate data rows", "Batch Page Validation") -->
                  <span class="method-name">runScenario</span>
                  <span class="parameters">("Validate data rows", "Batch Page Validation")</span>
                  <div class="stack-trace">org.openqa.selenium.NoSuchElementException: no such element: Unable to locate element: {&quot;method&quot;:&quot;css selector&quot;,&quot;selector&quot;:&quot;#batch&quot;}
  (Session info: chrome=124.0.6367.92)
For documentation on this error, please visit: https://www.selenium.dev/documentation/webdriver/troubleshooting/errors#no-such-element-exception
Build info: version: &apos;4.16.1&apos;, revision: &apos;9b4c83354e&apos;
System info: os.name: &apos;Mac OS X&apos;, os.arch: &apos;aarch64&apos;, os.version: &apos;14.4.1&apos;, java.version: &apos;21.0.1&apos;
Driver info: org.openqa.selenium.chrome.ChromeDriver
Command: [3aba7b60cb40ae1f0ee1a48f8459d8dc, findElement {using=id, value=batch}]
Capabilities {acceptInsecureCerts: false, browserName: chrome, browserVersion: 124.0.6367.92, chrome: {chromedriverVersion: 124.0.6367.91 (51df0e5e17a8..., userDataDir: /var/folders/qz/43vf7hk55fz...}, fedcm:accounts: true, goog:chromeOptions: {debuggerAddress: localhost:57640}, networkConnectionEnabled: false, pageLoadStrategy: normal, platformName: mac, proxy: Proxy(), se:cdp: ws://localhost:57640/devtoo..., se:cdpVersion: 124.0.6367.92, setWindowRect: true, strictFileInteractability: false, timeouts: {implicit: 0, pageLoad: 300000, script: 30000}, unhandledPromptBehavior: dismiss and notify, webauthn:extension:credBlob: true, webauthn:extension:largeBlob: true, webauthn:extension:minPinLength: true, webauthn:extension:prf: true, webauthn:virtualAuthenticators: true}
Session ID: 3aba7b60cb40ae1f0ee1a48f8459d8dc
	at java.base/jdk.internal.reflect.DirectConstructorHandleAccessor.newInstance(DirectConstructorHandleAccessor.java:62)
	at java.base/java.lang.reflect.Constructor.newInstanceWithCaller(Constructor.java:502)
	at java.base/java.lang.reflect.Constructor.newInstance(Constructor.java:486)
	at org.openqa.selenium.remote.codec.w3c.W3CHttpResponseCodec.createException(W3CHttpResponseCodec.java:200)
	at org.openqa.selenium.remote.codec.w3c.W3CHttpResponseCodec.decode(W3CHttpResponseCodec.java:133)
	at org.openqa.selenium.remote.codec.w3c.W3CHttpResponseCodec.decode(W3CHttpResponseCodec.java:52)
	at org.openqa.selenium.remote.HttpCommandExecutor.execute(HttpCommandExecutor.java:191)
	at org.openqa.selenium.remote.service.DriverCommandExecutor.invokeExecute(DriverCommandExecutor.java:200)
	at org.openqa.selenium.remote.service.DriverCommandExecutor.execute(DriverCommandExecutor.java:175)
	at org.openqa.selenium.remote.RemoteWebDriver.execute(RemoteWebDriver.java:523)
	at org.openqa.selenium.remote.ElementLocation$ElementFinder$2.findElement(ElementLocation.java:165)
	at org.openqa.selenium.remote.ElementLocation.findElement(ElementLocation.java:59)
	at org.openqa.selenium.remote.RemoteWebDriver.findElement(RemoteWebDriver.java:360)
	at org.openqa.selenium.remote.RemoteWebDriver.findElement(RemoteWebDriver.java:354)
	at org.openqa.selenium.support.pagefactory.DefaultElementLocator.findElement(DefaultElementLocator.java:68)
	at org.openqa.selenium.support.pagefactory.internal.LocatingElementHandler.invoke(LocatingElementHandler.java:38)
	at jdk.proxy2/jdk.proxy2.$Proxy39.click(Unknown Source)
	at com.pageObjects.BatchPageObject.clickBatchBtn(BatchPageObject.java:40)
	at com.stepDefinitions.ManageBatch_steps.admin_clicks_batch_from_navigation_bar(ManageBatch_steps.java:25)
	at ✽.Admin clicks Batch from navigation bar(file:///Users/perumalramamoorthy/git/Team04_LMS_WebAutomaters/src/test/resources/Features/005_ManageBatch.feature:6)

</div> <!-- stack-trace -->
                  <em>
(Runs Cucumber Scenarios)                  </em>
                </div> <!-- method-content -->
              </div> <!-- method -->
              <div class="method">
                <div class="method-content">
                  <a name="runScenario(&quot;Validate login with invalid credentials&quot;, &quot;Homepage verification&quot;)">
                  </a> <!-- runScenario("Validate login with invalid credentials", "Homepage verification") -->
                  <span class="method-name">runScenario</span>
                  <span class="parameters">("Validate login with invalid credentials", "Homepage verification")</span>
                  <div class="stack-trace">java.io.FileNotFoundException: .\src/test/resources/TestData/LMS_data.xlsx
	at org.apache.poi.ss.usermodel.WorkbookFactory.create(WorkbookFactory.java:302)
	at org.apache.poi.ss.usermodel.WorkbookFactory.create(WorkbookFactory.java:277)
	at org.apache.poi.ss.usermodel.WorkbookFactory.create(WorkbookFactory.java:255)
	at com.Utilities.ExcelReaderListMap.getWorkBook(ExcelReaderListMap.java:42)
	at com.Utilities.ExcelReaderListMap.getSheetByName(ExcelReaderListMap.java:32)
	at com.Utilities.ExcelReaderListMap.getData(ExcelReaderListMap.java:20)
	at com.stepDefinitions.LoginPage_steps.admin_enter_invalid_credentials_from_and(LoginPage_steps.java:259)
	at ✽.Admin enter invalid credentials from &quot;Login&quot; and 1(file:///Users/perumalramamoorthy/git/Team04_LMS_WebAutomaters/src/test/resources/Features/002_LoginPage.feature:32)

</div> <!-- stack-trace -->
                  <em>
(Runs Cucumber Scenarios)                  </em>
                </div> <!-- method-content -->
              </div> <!-- method -->
              <div class="method">
                <div class="method-content">
                  <a name="runScenario(&quot;Verify  LMS title alignment&quot;, &quot;Dashboard Page&quot;)">
                  </a> <!-- runScenario("Verify  LMS title alignment", "Dashboard Page") -->
                  <span class="method-name">runScenario</span>
                  <span class="parameters">("Verify  LMS title alignment", "Dashboard Page")</span>
                  <div class="stack-trace">org.openqa.selenium.NoSuchElementException: no such element: Unable to locate element: {&quot;method&quot;:&quot;xpath&quot;,&quot;selector&quot;:&quot;//mat-toolbar/span[1]&quot;}
  (Session info: chrome=124.0.6367.92)
For documentation on this error, please visit: https://www.selenium.dev/documentation/webdriver/troubleshooting/errors#no-such-element-exception
Build info: version: &apos;4.16.1&apos;, revision: &apos;9b4c83354e&apos;
System info: os.name: &apos;Mac OS X&apos;, os.arch: &apos;aarch64&apos;, os.version: &apos;14.4.1&apos;, java.version: &apos;21.0.1&apos;
Driver info: org.openqa.selenium.chrome.ChromeDriver
Command: [3aba7b60cb40ae1f0ee1a48f8459d8dc, findElement {using=xpath, value=//mat-toolbar/span[1]}]
Capabilities {acceptInsecureCerts: false, browserName: chrome, browserVersion: 124.0.6367.92, chrome: {chromedriverVersion: 124.0.6367.91 (51df0e5e17a8..., userDataDir: /var/folders/qz/43vf7hk55fz...}, fedcm:accounts: true, goog:chromeOptions: {debuggerAddress: localhost:57640}, networkConnectionEnabled: false, pageLoadStrategy: normal, platformName: mac, proxy: Proxy(), se:cdp: ws://localhost:57640/devtoo..., se:cdpVersion: 124.0.6367.92, setWindowRect: true, strictFileInteractability: false, timeouts: {implicit: 0, pageLoad: 300000, script: 30000}, unhandledPromptBehavior: dismiss and notify, webauthn:extension:credBlob: true, webauthn:extension:largeBlob: true, webauthn:extension:minPinLength: true, webauthn:extension:prf: true, webauthn:virtualAuthenticators: true}
Session ID: 3aba7b60cb40ae1f0ee1a48f8459d8dc
	at java.base/jdk.internal.reflect.DirectConstructorHandleAccessor.newInstance(DirectConstructorHandleAccessor.java:62)
	at java.base/java.lang.reflect.Constructor.newInstanceWithCaller(Constructor.java:502)
	at java.base/java.lang.reflect.Constructor.newInstance(Constructor.java:486)
	at org.openqa.selenium.remote.codec.w3c.W3CHttpResponseCodec.createException(W3CHttpResponseCodec.java:200)
	at org.openqa.selenium.remote.codec.w3c.W3CHttpResponseCodec.decode(W3CHttpResponseCodec.java:133)
	at org.openqa.selenium.remote.codec.w3c.W3CHttpResponseCodec.decode(W3CHttpResponseCodec.java:52)
	at org.openqa.selenium.remote.HttpCommandExecutor.execute(HttpCommandExecutor.java:191)
	at org.openqa.selenium.remote.service.DriverCommandExecutor.invokeExecute(DriverCommandExecutor.java:200)
	at org.openqa.selenium.remote.service.DriverCommandExecutor.execute(DriverCommandExecutor.java:175)
	at org.openqa.selenium.remote.RemoteWebDriver.execute(RemoteWebDriver.java:523)
	at org.openqa.selenium.remote.ElementLocation$ElementFinder$2.findElement(ElementLocation.java:165)
	at org.openqa.selenium.remote.ElementLocation.findElement(ElementLocation.java:59)
	at org.openqa.selenium.remote.RemoteWebDriver.findElement(RemoteWebDriver.java:360)
	at org.openqa.selenium.remote.RemoteWebDriver.findElement(RemoteWebDriver.java:354)
	at org.openqa.selenium.support.pagefactory.DefaultElementLocator.findElement(DefaultElementLocator.java:68)
	at org.openqa.selenium.support.pagefactory.internal.LocatingElementHandler.invoke(LocatingElementHandler.java:38)
	at jdk.proxy2/jdk.proxy2.$Proxy39.getLocation(Unknown Source)
	at com.pageObjects.DashboardPageObject.checkLMStitleAlignment(DashboardPageObject.java:94)
	at com.stepDefinitions.DashboardPage_steps.lms_title_should_be_on_the_top_left_corner_of_page(DashboardPage_steps.java:56)
	at ✽.LMS title should be on the top left corner of page(file:///Users/perumalramamoorthy/git/Team04_LMS_WebAutomaters/src/test/resources/Features/003_DashboardPage.feature:22)

</div> <!-- stack-trace -->
                  <em>
(Runs Cucumber Scenarios)                  </em>
                </div> <!-- method-content -->
              </div> <!-- method -->
              <div class="method">
                <div class="method-content">
                  <a name="runScenario(&quot;Validate alignment for navigation bar&quot;, &quot;Dashboard Page&quot;)">
                  </a> <!-- runScenario("Validate alignment for navigation bar", "Dashboard Page") -->
                  <span class="method-name">runScenario</span>
                  <span class="parameters">("Validate alignment for navigation bar", "Dashboard Page")</span>
                  <div class="stack-trace">org.openqa.selenium.NoSuchElementException: no such element: Unable to locate element: {&quot;method&quot;:&quot;xpath&quot;,&quot;selector&quot;:&quot;//span[normalize-space()=&apos;Program&apos;]&quot;}
  (Session info: chrome=124.0.6367.92)
For documentation on this error, please visit: https://www.selenium.dev/documentation/webdriver/troubleshooting/errors#no-such-element-exception
Build info: version: &apos;4.16.1&apos;, revision: &apos;9b4c83354e&apos;
System info: os.name: &apos;Mac OS X&apos;, os.arch: &apos;aarch64&apos;, os.version: &apos;14.4.1&apos;, java.version: &apos;21.0.1&apos;
Driver info: org.openqa.selenium.chrome.ChromeDriver
Command: [3aba7b60cb40ae1f0ee1a48f8459d8dc, findElement {using=xpath, value=//span[normalize-space()=&apos;Program&apos;]}]
Capabilities {acceptInsecureCerts: false, browserName: chrome, browserVersion: 124.0.6367.92, chrome: {chromedriverVersion: 124.0.6367.91 (51df0e5e17a8..., userDataDir: /var/folders/qz/43vf7hk55fz...}, fedcm:accounts: true, goog:chromeOptions: {debuggerAddress: localhost:57640}, networkConnectionEnabled: false, pageLoadStrategy: normal, platformName: mac, proxy: Proxy(), se:cdp: ws://localhost:57640/devtoo..., se:cdpVersion: 124.0.6367.92, setWindowRect: true, strictFileInteractability: false, timeouts: {implicit: 0, pageLoad: 300000, script: 30000}, unhandledPromptBehavior: dismiss and notify, webauthn:extension:credBlob: true, webauthn:extension:largeBlob: true, webauthn:extension:minPinLength: true, webauthn:extension:prf: true, webauthn:virtualAuthenticators: true}
Session ID: 3aba7b60cb40ae1f0ee1a48f8459d8dc
	at java.base/jdk.internal.reflect.DirectConstructorHandleAccessor.newInstance(DirectConstructorHandleAccessor.java:62)
	at java.base/java.lang.reflect.Constructor.newInstanceWithCaller(Constructor.java:502)
	at java.base/java.lang.reflect.Constructor.newInstance(Constructor.java:486)
	at org.openqa.selenium.remote.codec.w3c.W3CHttpResponseCodec.createException(W3CHttpResponseCodec.java:200)
	at org.openqa.selenium.remote.codec.w3c.W3CHttpResponseCodec.decode(W3CHttpResponseCodec.java:133)
	at org.openqa.selenium.remote.codec.w3c.W3CHttpResponseCodec.decode(W3CHttpResponseCodec.java:52)
	at org.openqa.selenium.remote.HttpCommandExecutor.execute(HttpCommandExecutor.java:191)
	at org.openqa.selenium.remote.service.DriverCommandExecutor.invokeExecute(DriverCommandExecutor.java:200)
	at org.openqa.selenium.remote.service.DriverCommandExecutor.execute(DriverCommandExecutor.java:175)
	at org.openqa.selenium.remote.RemoteWebDriver.execute(RemoteWebDriver.java:523)
	at org.openqa.selenium.remote.ElementLocation$ElementFinder$2.findElement(ElementLocation.java:165)
	at org.openqa.selenium.remote.ElementLocation.findElement(ElementLocation.java:59)
	at org.openqa.selenium.remote.RemoteWebDriver.findElement(RemoteWebDriver.java:360)
	at org.openqa.selenium.remote.RemoteWebDriver.findElement(RemoteWebDriver.java:354)
	at org.openqa.selenium.support.pagefactory.DefaultElementLocator.findElement(DefaultElementLocator.java:68)
	at org.openqa.selenium.support.pagefactory.internal.LocatingElementHandler.invoke(LocatingElementHandler.java:38)
	at jdk.proxy2/jdk.proxy2.$Proxy39.getLocation(Unknown Source)
	at com.pageObjects.DashboardPageObject.checkNavigationAlignment(DashboardPageObject.java:183)
	at com.stepDefinitions.DashboardPage_steps.admin_should_see_the_navigation_bar_text_on_the_top_right_side(DashboardPage_steps.java:78)
	at ✽.Admin should see the navigation bar text on the top right side(file:///Users/perumalramamoorthy/git/Team04_LMS_WebAutomaters/src/test/resources/Features/003_DashboardPage.feature:31)

</div> <!-- stack-trace -->
                  <em>
(Runs Cucumber Scenarios)                  </em>
                </div> <!-- method-content -->
              </div> <!-- method -->
              <div class="method">
                <div class="method-content">
                  <a name="runScenario(&quot;Validate landing in Program page&quot;, &quot;Program Validation&quot;)">
                  </a> <!-- runScenario("Validate landing in Program page", "Program Validation") -->
                  <span class="method-name">runScenario</span>
                  <span class="parameters">("Validate landing in Program page", "Program Validation")</span>
                  <div class="stack-trace">java.lang.AssertionError: expected [https://lms-frontend-api-hackathon-apr-326235f3973d.herokuapp.com/program] but found [https://lms-frontend-api-hackathon-apr-326235f3973d.herokuapp.com/login]
	at org.testng.Assert.fail(Assert.java:99)
	at org.testng.Assert.failNotEquals(Assert.java:1037)
	at org.testng.Assert.assertEqualsImpl(Assert.java:140)
	at org.testng.Assert.assertEquals(Assert.java:122)
	at org.testng.Assert.assertEquals(Assert.java:629)
	at org.testng.Assert.assertEquals(Assert.java:639)
	at com.stepDefinitions.ManageProgram_steps.admin_should_see_url_with(ManageProgram_steps.java:38)
	at ✽.Admin should see URL with &quot;Manage Program&quot;(file:///Users/perumalramamoorthy/git/Team04_LMS_WebAutomaters/src/test/resources/Features/004_ManageProgram.feature:9)

</div> <!-- stack-trace -->
                  <em>
(Runs Cucumber Scenarios)                  </em>
                </div> <!-- method-content -->
              </div> <!-- method -->
              <div class="method">
                <div class="method-content">
                  <a name="runScenario(&quot;Validate landing in Batch page&quot;, &quot;Batch Page Validation&quot;)">
                  </a> <!-- runScenario("Validate landing in Batch page", "Batch Page Validation") -->
                  <span class="method-name">runScenario</span>
                  <span class="parameters">("Validate landing in Batch page", "Batch Page Validation")</span>
                  <div class="stack-trace">org.openqa.selenium.NoSuchElementException: no such element: Unable to locate element: {&quot;method&quot;:&quot;css selector&quot;,&quot;selector&quot;:&quot;#batch&quot;}
  (Session info: chrome=124.0.6367.92)
For documentation on this error, please visit: https://www.selenium.dev/documentation/webdriver/troubleshooting/errors#no-such-element-exception
Build info: version: &apos;4.16.1&apos;, revision: &apos;9b4c83354e&apos;
System info: os.name: &apos;Mac OS X&apos;, os.arch: &apos;aarch64&apos;, os.version: &apos;14.4.1&apos;, java.version: &apos;21.0.1&apos;
Driver info: org.openqa.selenium.chrome.ChromeDriver
Command: [3aba7b60cb40ae1f0ee1a48f8459d8dc, findElement {using=id, value=batch}]
Capabilities {acceptInsecureCerts: false, browserName: chrome, browserVersion: 124.0.6367.92, chrome: {chromedriverVersion: 124.0.6367.91 (51df0e5e17a8..., userDataDir: /var/folders/qz/43vf7hk55fz...}, fedcm:accounts: true, goog:chromeOptions: {debuggerAddress: localhost:57640}, networkConnectionEnabled: false, pageLoadStrategy: normal, platformName: mac, proxy: Proxy(), se:cdp: ws://localhost:57640/devtoo..., se:cdpVersion: 124.0.6367.92, setWindowRect: true, strictFileInteractability: false, timeouts: {implicit: 0, pageLoad: 300000, script: 30000}, unhandledPromptBehavior: dismiss and notify, webauthn:extension:credBlob: true, webauthn:extension:largeBlob: true, webauthn:extension:minPinLength: true, webauthn:extension:prf: true, webauthn:virtualAuthenticators: true}
Session ID: 3aba7b60cb40ae1f0ee1a48f8459d8dc
	at java.base/jdk.internal.reflect.DirectConstructorHandleAccessor.newInstance(DirectConstructorHandleAccessor.java:62)
	at java.base/java.lang.reflect.Constructor.newInstanceWithCaller(Constructor.java:502)
	at java.base/java.lang.reflect.Constructor.newInstance(Constructor.java:486)
	at org.openqa.selenium.remote.codec.w3c.W3CHttpResponseCodec.createException(W3CHttpResponseCodec.java:200)
	at org.openqa.selenium.remote.codec.w3c.W3CHttpResponseCodec.decode(W3CHttpResponseCodec.java:133)
	at org.openqa.selenium.remote.codec.w3c.W3CHttpResponseCodec.decode(W3CHttpResponseCodec.java:52)
	at org.openqa.selenium.remote.HttpCommandExecutor.execute(HttpCommandExecutor.java:191)
	at org.openqa.selenium.remote.service.DriverCommandExecutor.invokeExecute(DriverCommandExecutor.java:200)
	at org.openqa.selenium.remote.service.DriverCommandExecutor.execute(DriverCommandExecutor.java:175)
	at org.openqa.selenium.remote.RemoteWebDriver.execute(RemoteWebDriver.java:523)
	at org.openqa.selenium.remote.ElementLocation$ElementFinder$2.findElement(ElementLocation.java:165)
	at org.openqa.selenium.remote.ElementLocation.findElement(ElementLocation.java:59)
	at org.openqa.selenium.remote.RemoteWebDriver.findElement(RemoteWebDriver.java:360)
	at org.openqa.selenium.remote.RemoteWebDriver.findElement(RemoteWebDriver.java:354)
	at org.openqa.selenium.support.pagefactory.DefaultElementLocator.findElement(DefaultElementLocator.java:68)
	at org.openqa.selenium.support.pagefactory.internal.LocatingElementHandler.invoke(LocatingElementHandler.java:38)
	at jdk.proxy2/jdk.proxy2.$Proxy39.click(Unknown Source)
	at com.pageObjects.BatchPageObject.clickBatchBtn(BatchPageObject.java:40)
	at com.stepDefinitions.ManageBatch_steps.admin_clicks_batch_from_navigation_bar(ManageBatch_steps.java:25)
	at ✽.Admin clicks Batch from navigation bar(file:///Users/perumalramamoorthy/git/Team04_LMS_WebAutomaters/src/test/resources/Features/005_ManageBatch.feature:6)

</div> <!-- stack-trace -->
                  <em>
(Runs Cucumber Scenarios)                  </em>
                </div> <!-- method-content -->
              </div> <!-- method -->
              <div class="method">
                <div class="method-content">
                  <a name="runScenario(&quot;Validate Delete button in Batch Page&quot;, &quot;Batch Page Validation&quot;)">
                  </a> <!-- runScenario("Validate Delete button in Batch Page", "Batch Page Validation") -->
                  <span class="method-name">runScenario</span>
                  <span class="parameters">("Validate Delete button in Batch Page", "Batch Page Validation")</span>
                  <div class="stack-trace">org.openqa.selenium.NoSuchElementException: no such element: Unable to locate element: {&quot;method&quot;:&quot;css selector&quot;,&quot;selector&quot;:&quot;#batch&quot;}
  (Session info: chrome=124.0.6367.92)
For documentation on this error, please visit: https://www.selenium.dev/documentation/webdriver/troubleshooting/errors#no-such-element-exception
Build info: version: &apos;4.16.1&apos;, revision: &apos;9b4c83354e&apos;
System info: os.name: &apos;Mac OS X&apos;, os.arch: &apos;aarch64&apos;, os.version: &apos;14.4.1&apos;, java.version: &apos;21.0.1&apos;
Driver info: org.openqa.selenium.chrome.ChromeDriver
Command: [3aba7b60cb40ae1f0ee1a48f8459d8dc, findElement {using=id, value=batch}]
Capabilities {acceptInsecureCerts: false, browserName: chrome, browserVersion: 124.0.6367.92, chrome: {chromedriverVersion: 124.0.6367.91 (51df0e5e17a8..., userDataDir: /var/folders/qz/43vf7hk55fz...}, fedcm:accounts: true, goog:chromeOptions: {debuggerAddress: localhost:57640}, networkConnectionEnabled: false, pageLoadStrategy: normal, platformName: mac, proxy: Proxy(), se:cdp: ws://localhost:57640/devtoo..., se:cdpVersion: 124.0.6367.92, setWindowRect: true, strictFileInteractability: false, timeouts: {implicit: 0, pageLoad: 300000, script: 30000}, unhandledPromptBehavior: dismiss and notify, webauthn:extension:credBlob: true, webauthn:extension:largeBlob: true, webauthn:extension:minPinLength: true, webauthn:extension:prf: true, webauthn:virtualAuthenticators: true}
Session ID: 3aba7b60cb40ae1f0ee1a48f8459d8dc
	at java.base/jdk.internal.reflect.DirectConstructorHandleAccessor.newInstance(DirectConstructorHandleAccessor.java:62)
	at java.base/java.lang.reflect.Constructor.newInstanceWithCaller(Constructor.java:502)
	at java.base/java.lang.reflect.Constructor.newInstance(Constructor.java:486)
	at org.openqa.selenium.remote.codec.w3c.W3CHttpResponseCodec.createException(W3CHttpResponseCodec.java:200)
	at org.openqa.selenium.remote.codec.w3c.W3CHttpResponseCodec.decode(W3CHttpResponseCodec.java:133)
	at org.openqa.selenium.remote.codec.w3c.W3CHttpResponseCodec.decode(W3CHttpResponseCodec.java:52)
	at org.openqa.selenium.remote.HttpCommandExecutor.execute(HttpCommandExecutor.java:191)
	at org.openqa.selenium.remote.service.DriverCommandExecutor.invokeExecute(DriverCommandExecutor.java:200)
	at org.openqa.selenium.remote.service.DriverCommandExecutor.execute(DriverCommandExecutor.java:175)
	at org.openqa.selenium.remote.RemoteWebDriver.execute(RemoteWebDriver.java:523)
	at org.openqa.selenium.remote.ElementLocation$ElementFinder$2.findElement(ElementLocation.java:165)
	at org.openqa.selenium.remote.ElementLocation.findElement(ElementLocation.java:59)
	at org.openqa.selenium.remote.RemoteWebDriver.findElement(RemoteWebDriver.java:360)
	at org.openqa.selenium.remote.RemoteWebDriver.findElement(RemoteWebDriver.java:354)
	at org.openqa.selenium.support.pagefactory.DefaultElementLocator.findElement(DefaultElementLocator.java:68)
	at org.openqa.selenium.support.pagefactory.internal.LocatingElementHandler.invoke(LocatingElementHandler.java:38)
	at jdk.proxy2/jdk.proxy2.$Proxy39.click(Unknown Source)
	at com.pageObjects.BatchPageObject.clickBatchBtn(BatchPageObject.java:40)
	at com.stepDefinitions.ManageBatch_steps.admin_clicks_batch_from_navigation_bar(ManageBatch_steps.java:25)
	at ✽.Admin clicks Batch from navigation bar(file:///Users/perumalramamoorthy/git/Team04_LMS_WebAutomaters/src/test/resources/Features/005_ManageBatch.feature:6)

</div> <!-- stack-trace -->
                  <em>
(Runs Cucumber Scenarios)                  </em>
                </div> <!-- method-content -->
              </div> <!-- method -->
              <div class="method">
                <div class="method-content">
                  <a name="runScenario(&quot;Validate login with null password&quot;, &quot;Homepage verification&quot;)">
                  </a> <!-- runScenario("Validate login with null password", "Homepage verification") -->
                  <span class="method-name">runScenario</span>
                  <span class="parameters">("Validate login with null password", "Homepage verification")</span>
                  <div class="stack-trace">java.io.FileNotFoundException: .\src/test/resources/TestData/LMS_data.xlsx
	at org.apache.poi.ss.usermodel.WorkbookFactory.create(WorkbookFactory.java:302)
	at org.apache.poi.ss.usermodel.WorkbookFactory.create(WorkbookFactory.java:277)
	at org.apache.poi.ss.usermodel.WorkbookFactory.create(WorkbookFactory.java:255)
	at com.Utilities.ExcelReaderListMap.getWorkBook(ExcelReaderListMap.java:42)
	at com.Utilities.ExcelReaderListMap.getSheetByName(ExcelReaderListMap.java:32)
	at com.Utilities.ExcelReaderListMap.getData(ExcelReaderListMap.java:20)
	at com.stepDefinitions.LoginPage_steps.admin_enter_value_only_in_username_using_and(LoginPage_steps.java:302)
	at ✽.Admin enter value only in username using &quot;Login&quot; and 3(file:///Users/perumalramamoorthy/git/Team04_LMS_WebAutomaters/src/test/resources/Features/002_LoginPage.feature:10)

</div> <!-- stack-trace -->
                  <em>
(Runs Cucumber Scenarios)                  </em>
                </div> <!-- method-content -->
              </div> <!-- method -->
            </div> <!-- main-panel-content rounded-window-bottom -->
          </div> <!-- suite-Default_suite-class-failed -->
          <div class="suite-Default_suite-class-passed">
            <div class="main-panel-header rounded-window-top">
              <img src="passed.png"/>
              <span class="class-name">com.TesRunner.TestNgTestRunner</span>
            </div> <!-- main-panel-header rounded-window-top -->
            <div class="main-panel-content rounded-window-bottom">
              <div class="method">
                <div class="method-content">
                  <a name="runScenario(&quot;Verify the alignment of the login button&quot;, &quot;Homepage verification&quot;)">
                  </a> <!-- runScenario("Verify the alignment of the login button", "Homepage verification") -->
                  <span class="method-name">runScenario</span>
                  <span class="parameters">("Verify the alignment of the login button", "Homepage verification")</span>
                  <em>
(Runs Cucumber Scenarios)                  </em>
                </div> <!-- method-content -->
              </div> <!-- method -->
              <div class="method">
                <div class="method-content">
                  <a name="runScenario(&quot;Validate navigation bar order  1st Program&quot;, &quot;Dashboard Page&quot;)">
                  </a> <!-- runScenario("Validate navigation bar order  1st Program", "Dashboard Page") -->
                  <span class="method-name">runScenario</span>
                  <span class="parameters">("Validate navigation bar order  1st Program", "Dashboard Page")</span>
                  <em>
(Runs Cucumber Scenarios)                  </em>
                </div> <!-- method-content -->
              </div> <!-- method -->
              <div class="method">
                <div class="method-content">
                  <a name="runScenario(&quot;Verify the company logo is present&quot;, &quot;Homepage verification&quot;)">
                  </a> <!-- runScenario("Verify the company logo is present", "Homepage verification") -->
                  <span class="method-name">runScenario</span>
                  <span class="parameters">("Verify the company logo is present", "Homepage verification")</span>
                  <em>
(Runs Cucumber Scenarios)                  </em>
                </div> <!-- method-content -->
              </div> <!-- method -->
              <div class="method">
                <div class="method-content">
                  <a name="runScenario(&quot;Verify broken link&quot;, &quot;Dashboard Page&quot;)">
                  </a> <!-- runScenario("Verify broken link", "Dashboard Page") -->
                  <span class="method-name">runScenario</span>
                  <span class="parameters">("Verify broken link", "Dashboard Page")</span>
                  <em>
(Runs Cucumber Scenarios)                  </em>
                </div> <!-- method-content -->
              </div> <!-- method -->
              <div class="method">
                <div class="method-content">
                  <a name="runScenario(&quot;verify Login is present&quot;, &quot;Homepage verification&quot;)">
                  </a> <!-- runScenario("verify Login is present", "Homepage verification") -->
                  <span class="method-name">runScenario</span>
                  <span class="parameters">("verify Login is present", "Homepage verification")</span>
                  <em>
(Runs Cucumber Scenarios)                  </em>
                </div> <!-- method-content -->
              </div> <!-- method -->
              <div class="method">
                <div class="method-content">
                  <a name="runScenario(&quot;Verify input descriptive text in user field&quot;, &quot;Homepage verification&quot;)">
                  </a> <!-- runScenario("Verify input descriptive text in user field", "Homepage verification") -->
                  <span class="method-name">runScenario</span>
                  <span class="parameters">("Verify input descriptive text in user field", "Homepage verification")</span>
                  <em>
(Runs Cucumber Scenarios)                  </em>
                </div> <!-- method-content -->
              </div> <!-- method -->
              <div class="method">
                <div class="method-content">
                  <a name="runScenario(&quot;Verify application name&quot;, &quot;Homepage verification&quot;)">
                  </a> <!-- runScenario("Verify application name", "Homepage verification") -->
                  <span class="method-name">runScenario</span>
                  <span class="parameters">("Verify application name", "Homepage verification")</span>
                  <em>
(Runs Cucumber Scenarios)                  </em>
                </div> <!-- method-content -->
              </div> <!-- method -->
              <div class="method">
                <div class="method-content">
                  <a name="runScenario(&quot;Verify admin is able to land on home page&quot;, &quot;Homepage verification&quot;)">
                  </a> <!-- runScenario("Verify admin is able to land on home page", "Homepage verification") -->
                  <span class="method-name">runScenario</span>
                  <span class="parameters">("Verify admin is able to land on home page", "Homepage verification")</span>
                  <em>
(Runs Cucumber Scenarios)                  </em>
                </div> <!-- method-content -->
              </div> <!-- method -->
              <div class="method">
                <div class="method-content">
                  <a name="runScenario(&quot;Verify admin is able to land on home page with invalid URL&quot;, &quot;Homepage verification&quot;)">
                  </a> <!-- runScenario("Verify admin is able to land on home page with invalid URL", "Homepage verification") -->
                  <span class="method-name">runScenario</span>
                  <span class="parameters">("Verify admin is able to land on home page with invalid URL", "Homepage verification")</span>
                  <em>
(Runs Cucumber Scenarios)                  </em>
                </div> <!-- method-content -->
              </div> <!-- method -->
              <div class="method">
                <div class="method-content">
                  <a name="runScenario(&quot;Verify the company logo alignment&quot;, &quot;Homepage verification&quot;)">
                  </a> <!-- runScenario("Verify the company logo alignment", "Homepage verification") -->
                  <span class="method-name">runScenario</span>
                  <span class="parameters">("Verify the company logo alignment", "Homepage verification")</span>
                  <em>
(Runs Cucumber Scenarios)                  </em>
                </div> <!-- method-content -->
              </div> <!-- method -->
              <div class="method">
                <div class="method-content">
                  <a name="runScenario(&quot;Validate navigation bar order 4th Logout&quot;, &quot;Dashboard Page&quot;)">
                  </a> <!-- runScenario("Validate navigation bar order 4th Logout", "Dashboard Page") -->
                  <span class="method-name">runScenario</span>
                  <span class="parameters">("Validate navigation bar order 4th Logout", "Dashboard Page")</span>
                  <em>
(Runs Cucumber Scenarios)                  </em>
                </div> <!-- method-content -->
              </div> <!-- method -->
              <div class="method">
                <div class="method-content">
                  <a name="runScenario(&quot;Verify the response time&quot;, &quot;Dashboard Page&quot;)">
                  </a> <!-- runScenario("Verify the response time", "Dashboard Page") -->
                  <span class="method-name">runScenario</span>
                  <span class="parameters">("Verify the response time", "Dashboard Page")</span>
                  <em>
(Runs Cucumber Scenarios)                  </em>
                </div> <!-- method-content -->
              </div> <!-- method -->
              <div class="method">
                <div class="method-content">
                  <a name="runScenario(&quot;Validate navigation bar order 3rd User&quot;, &quot;Dashboard Page&quot;)">
                  </a> <!-- runScenario("Validate navigation bar order 3rd User", "Dashboard Page") -->
                  <span class="method-name">runScenario</span>
                  <span class="parameters">("Validate navigation bar order 3rd User", "Dashboard Page")</span>
                  <em>
(Runs Cucumber Scenarios)                  </em>
                </div> <!-- method-content -->
              </div> <!-- method -->
              <div class="method">
                <div class="method-content">
                  <a name="runScenario(&quot;Validate navigation bar text&quot;, &quot;Dashboard Page&quot;)">
                  </a> <!-- runScenario("Validate navigation bar text", "Dashboard Page") -->
                  <span class="method-name">runScenario</span>
                  <span class="parameters">("Validate navigation bar text", "Dashboard Page")</span>
                  <em>
(Runs Cucumber Scenarios)                  </em>
                </div> <!-- method-content -->
              </div> <!-- method -->
              <div class="method">
                <div class="method-content">
                  <a name="runScenario(&quot;Verify text on the first text field&quot;, &quot;Homepage verification&quot;)">
                  </a> <!-- runScenario("Verify text on the first text field", "Homepage verification") -->
                  <span class="method-name">runScenario</span>
                  <span class="parameters">("Verify text on the first text field", "Homepage verification")</span>
                  <em>
(Runs Cucumber Scenarios)                  </em>
                </div> <!-- method-content -->
              </div> <!-- method -->
              <div class="method">
                <div class="method-content">
                  <a name="runScenario(&quot;Verify for broken link in login page&quot;, &quot;Homepage verification&quot;)">
                  </a> <!-- runScenario("Verify for broken link in login page", "Homepage verification") -->
                  <span class="method-name">runScenario</span>
                  <span class="parameters">("Verify for broken link in login page", "Homepage verification")</span>
                  <em>
(Runs Cucumber Scenarios)                  </em>
                </div> <!-- method-content -->
              </div> <!-- method -->
              <div class="method">
                <div class="method-content">
                  <a name="runScenario(&quot;Verify text on the Second text field&quot;, &quot;Homepage verification&quot;)">
                  </a> <!-- runScenario("Verify text on the Second text field", "Homepage verification") -->
                  <span class="method-name">runScenario</span>
                  <span class="parameters">("Verify text on the Second text field", "Homepage verification")</span>
                  <em>
(Runs Cucumber Scenarios)                  </em>
                </div> <!-- method-content -->
              </div> <!-- method -->
              <div class="method">
                <div class="method-content">
                  <a name="runScenario(&quot;Verify input descriptive text in password field&quot;, &quot;Homepage verification&quot;)">
                  </a> <!-- runScenario("Verify input descriptive text in password field", "Homepage verification") -->
                  <span class="method-name">runScenario</span>
                  <span class="parameters">("Verify input descriptive text in password field", "Homepage verification")</span>
                  <em>
(Runs Cucumber Scenarios)                  </em>
                </div> <!-- method-content -->
              </div> <!-- method -->
              <div class="method">
                <div class="method-content">
                  <a name="runScenario(&quot;Validate sign in content&quot;, &quot;Homepage verification&quot;)">
                  </a> <!-- runScenario("Validate sign in content", "Homepage verification") -->
                  <span class="method-name">runScenario</span>
                  <span class="parameters">("Validate sign in content", "Homepage verification")</span>
                  <em>
(Runs Cucumber Scenarios)                  </em>
                </div> <!-- method-content -->
              </div> <!-- method -->
              <div class="method">
                <div class="method-content">
                  <a name="runScenario(&quot;Validate navigation bar order  2nd Batch&quot;, &quot;Dashboard Page&quot;)">
                  </a> <!-- runScenario("Validate navigation bar order  2nd Batch", "Dashboard Page") -->
                  <span class="method-name">runScenario</span>
                  <span class="parameters">("Validate navigation bar order  2nd Batch", "Dashboard Page")</span>
                  <em>
(Runs Cucumber Scenarios)                  </em>
                </div> <!-- method-content -->
              </div> <!-- method -->
              <div class="method">
                <div class="method-content">
                  <a name="runScenario(&quot;Validating the default state of Delete button&quot;, &quot;Program Validation&quot;)">
                  </a> <!-- runScenario("Validating the default state of Delete button", "Program Validation") -->
                  <span class="method-name">runScenario</span>
                  <span class="parameters">("Validating the default state of Delete button", "Program Validation")</span>
                  <em>
(Runs Cucumber Scenarios)                  </em>
                </div> <!-- method-content -->
              </div> <!-- method -->
              <div class="method">
                <div class="method-content">
                  <a name="runScenario(&quot;Verify the text spelling in the page&quot;, &quot;Homepage verification&quot;)">
                  </a> <!-- runScenario("Verify the text spelling in the page", "Homepage verification") -->
                  <span class="method-name">runScenario</span>
                  <span class="parameters">("Verify the text spelling in the page", "Homepage verification")</span>
                  <em>
(Runs Cucumber Scenarios)                  </em>
                </div> <!-- method-content -->
              </div> <!-- method -->
              <div class="method">
                <div class="method-content">
                  <a name="runScenario(&quot;Validate the text and pagination icon below the data table&quot;, &quot;Program Validation&quot;)">
                  </a> <!-- runScenario("Validate the text and pagination icon below the data table", "Program Validation") -->
                  <span class="method-name">runScenario</span>
                  <span class="parameters">("Validate the text and pagination icon below the data table", "Program Validation")</span>
                  <em>
(Runs Cucumber Scenarios)                  </em>
                </div> <!-- method-content -->
              </div> <!-- method -->
              <div class="method">
                <div class="method-content">
                  <a name="runScenario(&quot;Verify asterik next to user text&quot;, &quot;Homepage verification&quot;)">
                  </a> <!-- runScenario("Verify asterik next to user text", "Homepage verification") -->
                  <span class="method-name">runScenario</span>
                  <span class="parameters">("Verify asterik next to user text", "Homepage verification")</span>
                  <em>
(Runs Cucumber Scenarios)                  </em>
                </div> <!-- method-content -->
              </div> <!-- method -->
              <div class="method">
                <div class="method-content">
                  <a name="runScenario(&quot;Verify the alignment of input fields for the login&quot;, &quot;Homepage verification&quot;)">
                  </a> <!-- runScenario("Verify the alignment of input fields for the login", "Homepage verification") -->
                  <span class="method-name">runScenario</span>
                  <span class="parameters">("Verify the alignment of input fields for the login", "Homepage verification")</span>
                  <em>
(Runs Cucumber Scenarios)                  </em>
                </div> <!-- method-content -->
              </div> <!-- method -->
              <div class="method">
                <div class="method-content">
                  <a name="runScenario(&quot;Admin should see * symbol next to password text&quot;, &quot;Homepage verification&quot;)">
                  </a> <!-- runScenario("Admin should see * symbol next to password text", "Homepage verification") -->
                  <span class="method-name">runScenario</span>
                  <span class="parameters">("Admin should see * symbol next to password text", "Homepage verification")</span>
                  <em>
(Runs Cucumber Scenarios)                  </em>
                </div> <!-- method-content -->
              </div> <!-- method -->
              <div class="method">
                <div class="method-content">
                  <a name="runScenario(&quot;Verify company name&quot;, &quot;Homepage verification&quot;)">
                  </a> <!-- runScenario("Verify company name", "Homepage verification") -->
                  <span class="method-name">runScenario</span>
                  <span class="parameters">("Verify company name", "Homepage verification")</span>
                  <em>
(Runs Cucumber Scenarios)                  </em>
                </div> <!-- method-content -->
              </div> <!-- method -->
            </div> <!-- main-panel-content rounded-window-bottom -->
          </div> <!-- suite-Default_suite-class-passed -->
        </div> <!-- panel Default_suite -->
        <div panel-name="test-xml-Default_suite" class="panel">
          <div class="main-panel-header rounded-window-top">
            <span class="header-content">/private/var/folders/qz/43vf7hk55fzd0fn37j0fplxc0000gn/T/testng-eclipse-1421402321/testng-customsuite.xml</span>
          </div> <!-- main-panel-header rounded-window-top -->
          <div class="main-panel-content rounded-window-bottom">
            <pre>
&lt;?xml version=&quot;1.0&quot; encoding=&quot;UTF-8&quot;?&gt;
&lt;!DOCTYPE suite SYSTEM &quot;https://testng.org/testng-1.0.dtd&quot;&gt;
&lt;suite name=&quot;Default suite&quot; guice-stage=&quot;DEVELOPMENT&quot;&gt;
  &lt;test thread-count=&quot;5&quot; name=&quot;Default test&quot; verbose=&quot;2&quot;&gt;
    &lt;classes&gt;
      &lt;class name=&quot;com.TesRunner.TestNgTestRunner&quot;/&gt;
    &lt;/classes&gt;
  &lt;/test&gt; &lt;!-- Default test --&gt;
&lt;/suite&gt; &lt;!-- Default suite --&gt;
            </pre>
          </div> <!-- main-panel-content rounded-window-bottom -->
        </div> <!-- panel -->
        <div panel-name="testlist-Default_suite" class="panel">
          <div class="main-panel-header rounded-window-top">
            <span class="header-content">Tests for Default suite</span>
          </div> <!-- main-panel-header rounded-window-top -->
          <div class="main-panel-content rounded-window-bottom">
            <ul>
              <li>
                <span class="test-name">Default test (1 class)</span>
              </li>
            </ul>
          </div> <!-- main-panel-content rounded-window-bottom -->
        </div> <!-- panel -->
        <div panel-name="group-Default_suite" class="panel">
          <div class="main-panel-header rounded-window-top">
            <span class="header-content">Groups for Default suite</span>
          </div> <!-- main-panel-header rounded-window-top -->
          <div class="main-panel-content rounded-window-bottom">
            <div class="test-group">
              <span class="test-group-name">cucumber</span>
              <br/>
              <div class="method-in-group">
                <span class="method-in-group-name">runScenario</span>
                <br/>
              </div> <!-- method-in-group -->
            </div> <!-- test-group -->
          </div> <!-- main-panel-content rounded-window-bottom -->
        </div> <!-- panel -->
        <div panel-name="times-Default_suite" class="panel">
          <div class="main-panel-header rounded-window-top">
            <span class="header-content">Times for Default suite</span>
          </div> <!-- main-panel-header rounded-window-top -->
          <div class="main-panel-content rounded-window-bottom">
            <div class="times-div">
              <script type="text/javascript">
suiteTableInitFunctions.push('tableData_Default_suite');
function tableData_Default_suite() {
var data = new google.visualization.DataTable();
data.addColumn('number', 'Number');
data.addColumn('string', 'Method');
data.addColumn('string', 'Class');
data.addColumn('number', 'Time (ms)');
data.addRows(53);
data.setCell(0, 0, 0)
data.setCell(0, 1, 'runScenario')
data.setCell(0, 2, 'com.TesRunner.TestNgTestRunner')
data.setCell(0, 3, 10318);
data.setCell(1, 0, 1)
data.setCell(1, 1, 'runScenario')
data.setCell(1, 2, 'com.TesRunner.TestNgTestRunner')
data.setCell(1, 3, 5401);
data.setCell(2, 0, 2)
data.setCell(2, 1, 'runScenario')
data.setCell(2, 2, 'com.TesRunner.TestNgTestRunner')
data.setCell(2, 3, 5294);
data.setCell(3, 0, 3)
data.setCell(3, 1, 'runScenario')
data.setCell(3, 2, 'com.TesRunner.TestNgTestRunner')
data.setCell(3, 3, 5274);
data.setCell(4, 0, 4)
data.setCell(4, 1, 'runScenario')
data.setCell(4, 2, 'com.TesRunner.TestNgTestRunner')
data.setCell(4, 3, 5271);
data.setCell(5, 0, 5)
data.setCell(5, 1, 'runScenario')
data.setCell(5, 2, 'com.TesRunner.TestNgTestRunner')
data.setCell(5, 3, 5262);
data.setCell(6, 0, 6)
data.setCell(6, 1, 'runScenario')
data.setCell(6, 2, 'com.TesRunner.TestNgTestRunner')
data.setCell(6, 3, 5250);
data.setCell(7, 0, 7)
data.setCell(7, 1, 'runScenario')
data.setCell(7, 2, 'com.TesRunner.TestNgTestRunner')
data.setCell(7, 3, 5242);
data.setCell(8, 0, 8)
data.setCell(8, 1, 'runScenario')
data.setCell(8, 2, 'com.TesRunner.TestNgTestRunner')
data.setCell(8, 3, 5240);
data.setCell(9, 0, 9)
data.setCell(9, 1, 'runScenario')
data.setCell(9, 2, 'com.TesRunner.TestNgTestRunner')
data.setCell(9, 3, 5237);
data.setCell(10, 0, 10)
data.setCell(10, 1, 'runScenario')
data.setCell(10, 2, 'com.TesRunner.TestNgTestRunner')
data.setCell(10, 3, 5237);
data.setCell(11, 0, 11)
data.setCell(11, 1, 'runScenario')
data.setCell(11, 2, 'com.TesRunner.TestNgTestRunner')
data.setCell(11, 3, 5235);
data.setCell(12, 0, 12)
data.setCell(12, 1, 'runScenario')
data.setCell(12, 2, 'com.TesRunner.TestNgTestRunner')
data.setCell(12, 3, 5223);
data.setCell(13, 0, 13)
data.setCell(13, 1, 'runScenario')
data.setCell(13, 2, 'com.TesRunner.TestNgTestRunner')
data.setCell(13, 3, 5219);
data.setCell(14, 0, 14)
data.setCell(14, 1, 'runScenario')
data.setCell(14, 2, 'com.TesRunner.TestNgTestRunner')
data.setCell(14, 3, 5219);
data.setCell(15, 0, 15)
data.setCell(15, 1, 'runScenario')
data.setCell(15, 2, 'com.TesRunner.TestNgTestRunner')
data.setCell(15, 3, 5218);
data.setCell(16, 0, 16)
data.setCell(16, 1, 'runScenario')
data.setCell(16, 2, 'com.TesRunner.TestNgTestRunner')
data.setCell(16, 3, 5218);
data.setCell(17, 0, 17)
data.setCell(17, 1, 'runScenario')
data.setCell(17, 2, 'com.TesRunner.TestNgTestRunner')
data.setCell(17, 3, 5215);
data.setCell(18, 0, 18)
data.setCell(18, 1, 'runScenario')
data.setCell(18, 2, 'com.TesRunner.TestNgTestRunner')
data.setCell(18, 3, 5210);
data.setCell(19, 0, 19)
data.setCell(19, 1, 'runScenario')
data.setCell(19, 2, 'com.TesRunner.TestNgTestRunner')
data.setCell(19, 3, 5183);
data.setCell(20, 0, 20)
data.setCell(20, 1, 'runScenario')
data.setCell(20, 2, 'com.TesRunner.TestNgTestRunner')
data.setCell(20, 3, 5024);
data.setCell(21, 0, 21)
data.setCell(21, 1, 'runScenario')
data.setCell(21, 2, 'com.TesRunner.TestNgTestRunner')
data.setCell(21, 3, 5023);
data.setCell(22, 0, 22)
data.setCell(22, 1, 'runScenario')
data.setCell(22, 2, 'com.TesRunner.TestNgTestRunner')
data.setCell(22, 3, 5023);
data.setCell(23, 0, 23)
data.setCell(23, 1, 'runScenario')
data.setCell(23, 2, 'com.TesRunner.TestNgTestRunner')
data.setCell(23, 3, 5022);
data.setCell(24, 0, 24)
data.setCell(24, 1, 'runScenario')
data.setCell(24, 2, 'com.TesRunner.TestNgTestRunner')
data.setCell(24, 3, 5009);
data.setCell(25, 0, 25)
data.setCell(25, 1, 'runScenario')
data.setCell(25, 2, 'com.TesRunner.TestNgTestRunner')
data.setCell(25, 3, 4617);
data.setCell(26, 0, 26)
data.setCell(26, 1, 'runScenario')
data.setCell(26, 2, 'com.TesRunner.TestNgTestRunner')
data.setCell(26, 3, 2245);
data.setCell(27, 0, 27)
data.setCell(27, 1, 'runScenario')
data.setCell(27, 2, 'com.TesRunner.TestNgTestRunner')
data.setCell(27, 3, 655);
data.setCell(28, 0, 28)
data.setCell(28, 1, 'runScenario')
data.setCell(28, 2, 'com.TesRunner.TestNgTestRunner')
data.setCell(28, 3, 410);
data.setCell(29, 0, 29)
data.setCell(29, 1, 'runScenario')
data.setCell(29, 2, 'com.TesRunner.TestNgTestRunner')
data.setCell(29, 3, 354);
data.setCell(30, 0, 30)
data.setCell(30, 1, 'runScenario')
data.setCell(30, 2, 'com.TesRunner.TestNgTestRunner')
data.setCell(30, 3, 338);
data.setCell(31, 0, 31)
data.setCell(31, 1, 'runScenario')
data.setCell(31, 2, 'com.TesRunner.TestNgTestRunner')
data.setCell(31, 3, 334);
data.setCell(32, 0, 32)
data.setCell(32, 1, 'runScenario')
data.setCell(32, 2, 'com.TesRunner.TestNgTestRunner')
data.setCell(32, 3, 332);
data.setCell(33, 0, 33)
data.setCell(33, 1, 'runScenario')
data.setCell(33, 2, 'com.TesRunner.TestNgTestRunner')
data.setCell(33, 3, 329);
data.setCell(34, 0, 34)
data.setCell(34, 1, 'runScenario')
data.setCell(34, 2, 'com.TesRunner.TestNgTestRunner')
data.setCell(34, 3, 319);
data.setCell(35, 0, 35)
data.setCell(35, 1, 'runScenario')
data.setCell(35, 2, 'com.TesRunner.TestNgTestRunner')
data.setCell(35, 3, 266);
data.setCell(36, 0, 36)
data.setCell(36, 1, 'runScenario')
data.setCell(36, 2, 'com.TesRunner.TestNgTestRunner')
data.setCell(36, 3, 168);
data.setCell(37, 0, 37)
data.setCell(37, 1, 'runScenario')
data.setCell(37, 2, 'com.TesRunner.TestNgTestRunner')
data.setCell(37, 3, 168);
data.setCell(38, 0, 38)
data.setCell(38, 1, 'runScenario')
data.setCell(38, 2, 'com.TesRunner.TestNgTestRunner')
data.setCell(38, 3, 168);
data.setCell(39, 0, 39)
data.setCell(39, 1, 'runScenario')
data.setCell(39, 2, 'com.TesRunner.TestNgTestRunner')
data.setCell(39, 3, 164);
data.setCell(40, 0, 40)
data.setCell(40, 1, 'runScenario')
data.setCell(40, 2, 'com.TesRunner.TestNgTestRunner')
data.setCell(40, 3, 163);
data.setCell(41, 0, 41)
data.setCell(41, 1, 'runScenario')
data.setCell(41, 2, 'com.TesRunner.TestNgTestRunner')
data.setCell(41, 3, 155);
data.setCell(42, 0, 42)
data.setCell(42, 1, 'runScenario')
data.setCell(42, 2, 'com.TesRunner.TestNgTestRunner')
data.setCell(42, 3, 155);
data.setCell(43, 0, 43)
data.setCell(43, 1, 'runScenario')
data.setCell(43, 2, 'com.TesRunner.TestNgTestRunner')
data.setCell(43, 3, 151);
data.setCell(44, 0, 44)
data.setCell(44, 1, 'runScenario')
data.setCell(44, 2, 'com.TesRunner.TestNgTestRunner')
data.setCell(44, 3, 148);
data.setCell(45, 0, 45)
data.setCell(45, 1, 'runScenario')
data.setCell(45, 2, 'com.TesRunner.TestNgTestRunner')
data.setCell(45, 3, 145);
data.setCell(46, 0, 46)
data.setCell(46, 1, 'runScenario')
data.setCell(46, 2, 'com.TesRunner.TestNgTestRunner')
data.setCell(46, 3, 144);
data.setCell(47, 0, 47)
data.setCell(47, 1, 'runScenario')
data.setCell(47, 2, 'com.TesRunner.TestNgTestRunner')
data.setCell(47, 3, 141);
data.setCell(48, 0, 48)
data.setCell(48, 1, 'runScenario')
data.setCell(48, 2, 'com.TesRunner.TestNgTestRunner')
data.setCell(48, 3, 135);
data.setCell(49, 0, 49)
data.setCell(49, 1, 'runScenario')
data.setCell(49, 2, 'com.TesRunner.TestNgTestRunner')
data.setCell(49, 3, 135);
data.setCell(50, 0, 50)
data.setCell(50, 1, 'runScenario')
data.setCell(50, 2, 'com.TesRunner.TestNgTestRunner')
data.setCell(50, 3, 25);
data.setCell(51, 0, 51)
data.setCell(51, 1, 'runScenario')
data.setCell(51, 2, 'com.TesRunner.TestNgTestRunner')
data.setCell(51, 3, 23);
data.setCell(52, 0, 52)
data.setCell(52, 1, 'runScenario')
data.setCell(52, 2, 'com.TesRunner.TestNgTestRunner')
data.setCell(52, 3, 3);
window.suiteTableData['Default_suite']= { tableData: data, tableDiv: 'times-div-Default_suite'}
return data;
}
              </script>
              <span class="suite-total-time">Total running time: 2 minutes</span>
              <div id="times-div-Default_suite">
              </div> <!-- times-div-Default_suite -->
            </div> <!-- times-div -->
          </div> <!-- main-panel-content rounded-window-bottom -->
        </div> <!-- panel -->
        <div panel-name="reporter-Default_suite" class="panel">
          <div class="main-panel-header rounded-window-top">
            <span class="header-content">Reporter output for Default suite</span>
          </div> <!-- main-panel-header rounded-window-top -->
          <div class="main-panel-content rounded-window-bottom">
          </div> <!-- main-panel-content rounded-window-bottom -->
        </div> <!-- panel -->
        <div panel-name="ignored-methods-Default_suite" class="panel">
          <div class="main-panel-header rounded-window-top">
            <span class="header-content">0 ignored methods</span>
          </div> <!-- main-panel-header rounded-window-top -->
          <div class="main-panel-content rounded-window-bottom">
          </div> <!-- main-panel-content rounded-window-bottom -->
        </div> <!-- panel -->
        <div panel-name="chronological-Default_suite" class="panel">
          <div class="main-panel-header rounded-window-top">
            <span class="header-content">Methods in chronological order</span>
          </div> <!-- main-panel-header rounded-window-top -->
          <div class="main-panel-content rounded-window-bottom">
            <div class="chronological-class">
              <div class="chronological-class-name">com.TesRunner.TestNgTestRunner</div> <!-- chronological-class-name -->
              <div class="configuration-class before">
                <span class="method-name">setUpClass(org.testng.TestRunner@7e848aea)</span>
                <span class="method-start">0 ms</span>
              </div> <!-- configuration-class before -->
              <div class="test-method">
                <span class="method-name">runScenario("Verify admin is able to land on home page", "Homepage verification")</span>
                <span class="method-start">198 ms</span>
              </div> <!-- test-method -->
              <div class="test-method">
                <span class="method-name">runScenario("Verify admin is able to land on home page with invalid URL", "Homepage verification")</span>
                <span class="method-start">4816 ms</span>
              </div> <!-- test-method -->
              <div class="test-method">
                <span class="method-name">runScenario("Verify for broken link in login page", "Homepage verification")</span>
                <span class="method-start">15135 ms</span>
              </div> <!-- test-method -->
              <div class="test-method">
                <span class="method-name">runScenario("Verify the text spelling in the page", "Homepage verification")</span>
                <span class="method-start">20318 ms</span>
              </div> <!-- test-method -->
              <div class="test-method">
                <span class="method-name">runScenario("Verify the company logo alignment", "Homepage verification")</span>
                <span class="method-start">22563 ms</span>
              </div> <!-- test-method -->
              <div class="test-method">
                <span class="method-name">runScenario("Verify the company logo is present", "Homepage verification")</span>
                <span class="method-start">22732 ms</span>
              </div> <!-- test-method -->
              <div class="test-method">
                <span class="method-name">runScenario("Verify application name", "Homepage verification")</span>
                <span class="method-start">22876 ms</span>
              </div> <!-- test-method -->
              <div class="test-method">
                <span class="method-name">runScenario("Verify company name", "Homepage verification")</span>
                <span class="method-start">23045 ms</span>
              </div> <!-- test-method -->
              <div class="test-method">
                <span class="method-name">runScenario("Validate sign in content", "Homepage verification")</span>
                <span class="method-start">23209 ms</span>
              </div> <!-- test-method -->
              <div class="test-method">
                <img src="failed.png">
                </img>
                <span class="method-name">runScenario("Verify text field is present", "Homepage verification")</span>
                <span class="method-start">23345 ms</span>
              </div> <!-- test-method -->
              <div class="test-method">
                <span class="method-name">runScenario("Verify text on the first text field", "Homepage verification")</span>
                <span class="method-start">23755 ms</span>
              </div> <!-- test-method -->
              <div class="test-method">
                <span class="method-name">runScenario("Verify asterik next to user text", "Homepage verification")</span>
                <span class="method-start">23911 ms</span>
              </div> <!-- test-method -->
              <div class="test-method">
                <span class="method-name">runScenario("Verify text on the Second text field", "Homepage verification")</span>
                <span class="method-start">24067 ms</span>
              </div> <!-- test-method -->
              <div class="test-method">
                <span class="method-name">runScenario("Admin should see * symbol next to password text", "Homepage verification")</span>
                <span class="method-start">24215 ms</span>
              </div> <!-- test-method -->
              <div class="test-method">
                <span class="method-name">runScenario("Verify the alignment of input fields for the login", "Homepage verification")</span>
                <span class="method-start">24360 ms</span>
              </div> <!-- test-method -->
              <div class="test-method">
                <span class="method-name">runScenario("verify Login is present", "Homepage verification")</span>
                <span class="method-start">24524 ms</span>
              </div> <!-- test-method -->
              <div class="test-method">
                <span class="method-name">runScenario("Verify the alignment of the login button", "Homepage verification")</span>
                <span class="method-start">24675 ms</span>
              </div> <!-- test-method -->
              <div class="test-method">
                <span class="method-name">runScenario("Verify input descriptive text in user field", "Homepage verification")</span>
                <span class="method-start">24843 ms</span>
              </div> <!-- test-method -->
              <div class="test-method">
                <span class="method-name">runScenario("Verify input descriptive text in password field", "Homepage verification")</span>
                <span class="method-start">24985 ms</span>
              </div> <!-- test-method -->
              <div class="test-method">
                <img src="failed.png">
                </img>
                <span class="method-name">runScenario("Validate login with null password", "Homepage verification")</span>
                <span class="method-start">25120 ms</span>
              </div> <!-- test-method -->
              <div class="test-method">
                <img src="failed.png">
                </img>
                <span class="method-name">runScenario("Validate login with null username", "Homepage verification")</span>
                <span class="method-start">25439 ms</span>
              </div> <!-- test-method -->
              <div class="test-method">
                <img src="failed.png">
                </img>
                <span class="method-name">runScenario("Validate login with invalid credentials", "Homepage verification")</span>
                <span class="method-start">25768 ms</span>
              </div> <!-- test-method -->
              <div class="test-method">
                <img src="failed.png">
                </img>
                <span class="method-name">runScenario("Validate login with valid Credentials", "Homepage verification")</span>
                <span class="method-start">26101 ms</span>
              </div> <!-- test-method -->
              <div class="test-method">
                <img src="failed.png">
                </img>
                <span class="method-name">runScenario("verify login button action through mouse", "Homepage verification")</span>
                <span class="method-start">26435 ms</span>
              </div> <!-- test-method -->
              <div class="test-method">
                <img src="failed.png">
                </img>
                <span class="method-name">runScenario("verify login button action through Keyboard", "Homepage verification")</span>
                <span class="method-start">27090 ms</span>
              </div> <!-- test-method -->
              <div class="test-method">
                <img src="failed.png">
                </img>
                <span class="method-name">runScenario("Verify after login  admin lands on manage program as dashboard page", "Dashboard Page")</span>
                <span class="method-start">27428 ms</span>
              </div> <!-- test-method -->
              <div class="test-method">
                <span class="method-name">runScenario("Verify the response time", "Dashboard Page")</span>
                <span class="method-start">32651 ms</span>
              </div> <!-- test-method -->
              <div class="test-method">
                <span class="method-name">runScenario("Verify broken link", "Dashboard Page")</span>
                <span class="method-start">32654 ms</span>
              </div> <!-- test-method -->
              <div class="test-method">
                <img src="failed.png">
                </img>
                <span class="method-name">runScenario("Verify LMS title", "Dashboard Page")</span>
                <span class="method-start">37663 ms</span>
              </div> <!-- test-method -->
              <div class="test-method">
                <img src="failed.png">
                </img>
                <span class="method-name">runScenario("Verify  LMS title alignment", "Dashboard Page")</span>
                <span class="method-start">42899 ms</span>
              </div> <!-- test-method -->
              <div class="test-method">
                <span class="method-name">runScenario("Validate navigation bar text", "Dashboard Page")</span>
                <span class="method-start">48137 ms</span>
              </div> <!-- test-method -->
              <div class="test-method">
                <img src="failed.png">
                </img>
                <span class="method-name">runScenario("Validate LMS title has correct spelling ang space", "Dashboard Page")</span>
                <span class="method-start">48491 ms</span>
              </div> <!-- test-method -->
              <div class="test-method">
                <img src="failed.png">
                </img>
                <span class="method-name">runScenario("Validate alignment for navigation bar", "Dashboard Page")</span>
                <span class="method-start">53732 ms</span>
              </div> <!-- test-method -->
              <div class="test-method">
                <span class="method-name">runScenario("Validate navigation bar order  1st Program", "Dashboard Page")</span>
                <span class="method-start">58951 ms</span>
              </div> <!-- test-method -->
              <div class="test-method">
                <span class="method-name">runScenario("Validate navigation bar order  2nd Batch", "Dashboard Page")</span>
                <span class="method-start">63974 ms</span>
              </div> <!-- test-method -->
              <div class="test-method">
                <span class="method-name">runScenario("Validate navigation bar order 3rd User", "Dashboard Page")</span>
                <span class="method-start">68997 ms</span>
              </div> <!-- test-method -->
              <div class="test-method">
                <span class="method-name">runScenario("Validate navigation bar order 4th Logout", "Dashboard Page")</span>
                <span class="method-start">74021 ms</span>
              </div> <!-- test-method -->
              <div class="test-method">
                <img src="failed.png">
                </img>
                <span class="method-name">runScenario("Validate landing in Program page", "Program Validation")</span>
                <span class="method-start">79045 ms</span>
              </div> <!-- test-method -->
              <div class="test-method">
                <img src="failed.png">
                </img>
                <span class="method-name">runScenario("Validate the heading", "Program Validation")</span>
                <span class="method-start">79311 ms</span>
              </div> <!-- test-method -->
              <div class="test-method">
                <span class="method-name">runScenario("Validate the text and pagination icon below the data table", "Program Validation")</span>
                <span class="method-start">84574 ms</span>
              </div> <!-- test-method -->
              <div class="test-method">
                <img src="failed.png">
                </img>
                <span class="method-name">runScenario("Validate the footer", "Program Validation")</span>
                <span class="method-start">84600 ms</span>
              </div> <!-- test-method -->
              <div class="test-method">
                <span class="method-name">runScenario("Validating the default state of Delete button", "Program Validation")</span>
                <span class="method-start">89843 ms</span>
              </div> <!-- test-method -->
              <div class="test-method">
                <img src="failed.png">
                </img>
                <span class="method-name">runScenario("Verify Search bar on the Program page", "Program Validation")</span>
                <span class="method-start">89866 ms</span>
              </div> <!-- test-method -->
              <div class="test-method">
                <img src="failed.png">
                </img>
                <span class="method-name">runScenario("Validate landing in Batch page", "Batch Page Validation")</span>
                <span class="method-start">95161 ms</span>
              </div> <!-- test-method -->
              <div class="test-method">
                <img src="failed.png">
                </img>
                <span class="method-name">runScenario("Validate header in the Batch Page", "Batch Page Validation")</span>
                <span class="method-start">100376 ms</span>
              </div> <!-- test-method -->
              <div class="test-method">
                <img src="failed.png">
                </img>
                <span class="method-name">runScenario("Validate pagination in the Batch Page", "Batch Page Validation")</span>
                <span class="method-start">105595 ms</span>
              </div> <!-- test-method -->
              <div class="test-method">
                <img src="failed.png">
                </img>
                <span class="method-name">runScenario("Validate data table headers in the Batch Page", "Batch Page Validation")</span>
                <span class="method-start">110814 ms</span>
              </div> <!-- test-method -->
              <div class="test-method">
                <img src="failed.png">
                </img>
                <span class="method-name">runScenario("Validate Delete button in Batch Page", "Batch Page Validation")</span>
                <span class="method-start">116086 ms</span>
              </div> <!-- test-method -->
              <div class="test-method">
                <img src="failed.png">
                </img>
                <span class="method-name">runScenario("Validate + A New batch in Batch Page", "Batch Page Validation")</span>
                <span class="method-start">121337 ms</span>
              </div> <!-- test-method -->
              <div class="test-method">
                <img src="failed.png">
                </img>
                <span class="method-name">runScenario("Validate data rows", "Batch Page Validation")</span>
                <span class="method-start">126612 ms</span>
              </div> <!-- test-method -->
              <div class="test-method">
                <img src="failed.png">
                </img>
                <span class="method-name">runScenario("Validate data rows", "Batch Page Validation")</span>
                <span class="method-start">131823 ms</span>
              </div> <!-- test-method -->
              <div class="test-method">
                <img src="failed.png">
                </img>
                <span class="method-name">runScenario("Validate data rows", "Batch Page Validation")</span>
                <span class="method-start">137224 ms</span>
              </div> <!-- test-method -->
              <div class="test-method">
                <img src="failed.png">
                </img>
                <span class="method-name">runScenario("Validate pop up for adding batch", "Batch Page Validation")</span>
                <span class="method-start">142443 ms</span>
              </div> <!-- test-method -->
              <div class="configuration-class after">
                <span class="method-name">tearDownClass</span>
                <span class="method-start">147681 ms</span>
              </div> <!-- configuration-class after -->
          </div> <!-- main-panel-content rounded-window-bottom -->
        </div> <!-- panel -->
      </div> <!-- main-panel-root -->
    </div> <!-- wrapper -->
  </body>
<script type="text/javascript" src="testng-reports2.js"></script>
</html>
